#
# There is insufficient memory for the Java Runtime Environment to continue.
# Native memory allocation (malloc) failed to allocate 1039136 bytes for Chunk::new
# Possible reasons:
#   The system is out of physical RAM or swap space
#   The process is running with CompressedOops enabled, and the Java Heap may be blocking the growth of the native heap
# Possible solutions:
#   Reduce memory load on the system
#   Increase physical memory or swap space
#   Check if swap backing store is full
#   Decrease Java heap size (-Xmx/-Xms)
#   Decrease number of Java threads
#   Decrease Java thread stack sizes (-Xss)
#   Set larger code cache with -XX:ReservedCodeCacheSize=
#   JVM is running with Unscaled Compressed Oops mode in which the Java heap is
#     placed in the first 4GB address space. The Java Heap base address is the
#     maximum limit for the native heap growth. Please use -XX:HeapBaseMinAddress
#     to set the Java Heap base and to place the Java Heap above 4GB virtual address.
# This output file may be truncated or incomplete.
#
#  Out of Memory Error (./src/hotspot/share/memory/arena.cpp:197), pid=72536, tid=89584
#
# JRE version: OpenJDK Runtime Environment (11.0.12+7) (build 11.0.12+7-b1504.28-7817840)
# Java VM: OpenJDK 64-Bit Server VM (11.0.12+7-b1504.28-7817840, mixed mode, tiered, compressed oops, g1 gc, windows-amd64)
# No core dump will be written. Minidumps are not enabled by default on client versions of Windows
#

---------------  S U M M A R Y ------------

Command Line: --add-opens=java.base/java.util=ALL-UNNAMED --add-opens=java.base/java.lang=ALL-UNNAMED --add-opens=java.base/java.lang.invoke=ALL-UNNAMED --add-opens=java.base/java.util=ALL-UNNAMED --add-opens=java.prefs/java.util.prefs=ALL-UNNAMED --add-opens=java.prefs/java.util.prefs=ALL-UNNAMED --add-opens=java.base/java.nio.charset=ALL-UNNAMED --add-opens=java.base/java.net=ALL-UNNAMED --add-opens=java.base/java.util.concurrent.atomic=ALL-UNNAMED -Xmx2048m -Dfile.encoding=UTF-8 -Duser.country=US -Duser.language=en -Duser.variant org.gradle.launcher.daemon.bootstrap.GradleDaemon 7.3.3

Host: 11th Gen Intel(R) Core(TM) i5-1135G7 @ 2.40GHz, 8 cores, 7G,  Windows 10 , 64 bit Build 22000 (10.0.22000.708)
Time: Mon Sep  5 15:34:53 2022 Eastern Daylight Time elapsed time: 209.592789 seconds (0d 0h 3m 29s)

---------------  T H R E A D  ---------------

Current thread (0x000002a37f81a800):  JavaThread "C2 CompilerThread0" daemon [_thread_in_native, id=89584, stack(0x000000bb84900000,0x000000bb84a00000)]


Current CompileTask:
C2: 209593 12566       4       java.util.ComparableTimSort::mergeLo (656 bytes)

Stack: [0x000000bb84900000,0x000000bb84a00000]
Native frames: (J=compiled Java code, j=interpreted, Vv=VM code, C=native code)
V  [jvm.dll+0x5fbcea]
V  [jvm.dll+0x731905]
V  [jvm.dll+0x732f1d]
V  [jvm.dll+0x7335d3]
V  [jvm.dll+0x247bf8]
V  [jvm.dll+0xc018c]
V  [jvm.dll+0xc06cc]
V  [jvm.dll+0x2bcc04]
V  [jvm.dll+0x5113a8]
V  [jvm.dll+0x208303]
V  [jvm.dll+0x201fe0]
V  [jvm.dll+0x1ff71f]
V  [jvm.dll+0x18868c]
V  [jvm.dll+0x20e0d7]
V  [jvm.dll+0x20c901]
V  [jvm.dll+0x6f9b7f]
V  [jvm.dll+0x6f26a5]
V  [jvm.dll+0x5fabf6]
C  [ucrtbase.dll+0x26c0c]
C  [KERNEL32.DLL+0x154e0]
C  [ntdll.dll+0x485b]


---------------  P R O C E S S  ---------------

Threads class SMR info:
_java_thread_list=0x000002a3183152c0, length=120, elements={
0x000002a376364000, 0x000002a37f80b800, 0x000002a37f801800, 0x000002a37f813000,
0x000002a37f814000, 0x000002a37f817000, 0x000002a37f81a800, 0x000002a37f872000,
0x000002a37f87d000, 0x000002a37f9f3800, 0x000002a3126b2000, 0x000002a312afb000,
0x000002a312d4d000, 0x000002a312d4a000, 0x000002a31203e800, 0x000002a311867800,
0x000002a31203f800, 0x000002a311862000, 0x000002a311d8f000, 0x000002a311d8f800,
0x000002a311d90800, 0x000002a311d8e000, 0x000002a311d8a800, 0x000002a311d8d000,
0x000002a311d91000, 0x000002a311d8b800, 0x000002a311d8c800, 0x000002a3135f7000,
0x000002a3135f7800, 0x000002a3135f8800, 0x000002a3135fa000, 0x000002a3135f9800,
0x000002a3135fb000, 0x000002a3135fc000, 0x000002a3135f6000, 0x000002a313601800,
0x000002a3135fc800, 0x000002a313602800, 0x000002a3135ff000, 0x000002a313603000,
0x000002a3135fd800, 0x000002a313604000, 0x000002a313600800, 0x000002a313605000,
0x000002a3152c7800, 0x000002a3152c4800, 0x000002a3152c2000, 0x000002a3152c3000,
0x000002a3152c5800, 0x000002a3152c6000, 0x000002a3152c7000, 0x000002a3152c8800,
0x000002a3152c9800, 0x000002a3152c3800, 0x000002a3152ca000, 0x000002a3152cf000,
0x000002a3152d0800, 0x000002a3152ce800, 0x000002a3152cc800, 0x000002a3152d0000,
0x000002a3152cb000, 0x000002a3152cc000, 0x000002a3152cd800, 0x000002a315957000,
0x000002a315958800, 0x000002a31595c800, 0x000002a315959000, 0x000002a31595a000,
0x000002a315957800, 0x000002a31595f800, 0x000002a31595f000, 0x000002a315960800,
0x000002a31595b000, 0x000002a31595b800, 0x000002a315961800, 0x000002a315962000,
0x000002a31595d800, 0x000002a315963000, 0x000002a315964000, 0x000002a31595e000,
0x000002a315964800, 0x000002a315965800, 0x000002a31779e000, 0x000002a31779d000,
0x000002a3177a1000, 0x000002a3177a2000, 0x000002a31779c800, 0x000002a3177a0800,
0x000002a3177a3000, 0x000002a3177a3800, 0x000002a3177a4800, 0x000002a31779e800,
0x000002a31779f800, 0x000002a3177a6000, 0x000002a3177a7000, 0x000002a3177a7800,
0x000002a3177a8800, 0x000002a3177a9800, 0x000002a3177aa000, 0x000002a3177ab000,
0x000002a3177a5000, 0x000002a313665800, 0x000002a313667000, 0x000002a313664000,
0x000002a313664800, 0x000002a313668000, 0x000002a313662000, 0x000002a313666000,
0x000002a313668800, 0x000002a313663000, 0x000002a313669800, 0x000002a31366b000,
0x000002a31366f000, 0x000002a31366c000, 0x000002a31366a800, 0x000002a31366d000,
0x000002a313671000, 0x000002a31366d800, 0x000002a31366e800, 0x000002a313670000
}

Java Threads: ( => current thread )
  0x000002a376364000 JavaThread "main" [_thread_blocked, id=77660, stack(0x000000bb83d00000,0x000000bb83e00000)]
  0x000002a37f80b800 JavaThread "Reference Handler" daemon [_thread_blocked, id=84864, stack(0x000000bb84400000,0x000000bb84500000)]
  0x000002a37f801800 JavaThread "Finalizer" daemon [_thread_blocked, id=78180, stack(0x000000bb84500000,0x000000bb84600000)]
  0x000002a37f813000 JavaThread "Signal Dispatcher" daemon [_thread_blocked, id=97872, stack(0x000000bb84600000,0x000000bb84700000)]
  0x000002a37f814000 JavaThread "Attach Listener" daemon [_thread_blocked, id=66296, stack(0x000000bb84700000,0x000000bb84800000)]
  0x000002a37f817000 JavaThread "Service Thread" daemon [_thread_blocked, id=83860, stack(0x000000bb84800000,0x000000bb84900000)]
=>0x000002a37f81a800 JavaThread "C2 CompilerThread0" daemon [_thread_in_native, id=89584, stack(0x000000bb84900000,0x000000bb84a00000)]
  0x000002a37f872000 JavaThread "C1 CompilerThread0" daemon [_thread_blocked, id=97576, stack(0x000000bb84a00000,0x000000bb84b00000)]
  0x000002a37f87d000 JavaThread "Sweeper thread" daemon [_thread_blocked, id=49060, stack(0x000000bb84b00000,0x000000bb84c00000)]
  0x000002a37f9f3800 JavaThread "Common-Cleaner" daemon [_thread_blocked, id=95496, stack(0x000000bb84c00000,0x000000bb84d00000)]
  0x000002a3126b2000 JavaThread "Daemon health stats" [_thread_blocked, id=44636, stack(0x000000bb85000000,0x000000bb85100000)]
  0x000002a312afb000 JavaThread "Incoming local TCP Connector on port 56609" [_thread_in_native, id=94056, stack(0x000000bb85100000,0x000000bb85200000)]
  0x000002a312d4d000 JavaThread "Daemon periodic checks" [_thread_blocked, id=97416, stack(0x000000bb85200000,0x000000bb85300000)]
  0x000002a312d4a000 JavaThread "Daemon" [_thread_blocked, id=87224, stack(0x000000bb85300000,0x000000bb85400000)]
  0x000002a31203e800 JavaThread "Handler for socket connection from /127.0.0.1:56609 to /127.0.0.1:56610" [_thread_in_native, id=82460, stack(0x000000bb85400000,0x000000bb85500000)]
  0x000002a311867800 JavaThread "Cancel handler" [_thread_blocked, id=55908, stack(0x000000bb85500000,0x000000bb85600000)]
  0x000002a31203f800 JavaThread "Daemon worker" [_thread_in_Java, id=91024, stack(0x000000bb85600000,0x000000bb85700000)]
  0x000002a311862000 JavaThread "Asynchronous log dispatcher for DefaultDaemonConnection: socket connection from /127.0.0.1:56609 to /127.0.0.1:56610" [_thread_blocked, id=95260, stack(0x000000bb85700000,0x000000bb85800000)]
  0x000002a311d8f000 JavaThread "Daemon client event forwarder" [_thread_blocked, id=94180, stack(0x000000bb85900000,0x000000bb85a00000)]
  0x000002a311d8f800 JavaThread "Cache worker for journal cache (C:\Users\angel\.gradle\caches\journal-1)" [_thread_blocked, id=39276, stack(0x000000bb85f00000,0x000000bb86000000)]
  0x000002a311d90800 JavaThread "File lock request listener" [_thread_in_native, id=82320, stack(0x000000bb86000000,0x000000bb86100000)]
  0x000002a311d8e000 JavaThread "Cache worker for file hash cache (C:\Users\angel\.gradle\caches\7.3.3\fileHashes)" [_thread_blocked, id=76976, stack(0x000000bb86200000,0x000000bb86300000)]
  0x000002a311d8a800 JavaThread "Cache worker for file hash cache (C:\Users\angel\AndroidStudioProjects\HelloWorld\.gradle\7.3.3\fileHashes)" [_thread_blocked, id=10896, stack(0x000000bb86300000,0x000000bb86400000)]
  0x000002a311d8d000 JavaThread "File watcher server" daemon [_thread_in_native, id=89080, stack(0x000000bb86400000,0x000000bb86500000)]
  0x000002a311d91000 JavaThread "File watcher consumer" daemon [_thread_blocked, id=94636, stack(0x000000bb86500000,0x000000bb86600000)]
  0x000002a311d8b800 JavaThread "jar transforms" [_thread_blocked, id=92892, stack(0x000000bb86600000,0x000000bb86700000)]
  0x000002a311d8c800 JavaThread "jar transforms Thread 2" [_thread_blocked, id=84060, stack(0x000000bb86700000,0x000000bb86800000)]
  0x000002a3135f7000 JavaThread "jar transforms Thread 3" [_thread_blocked, id=33276, stack(0x000000bb86800000,0x000000bb86900000)]
  0x000002a3135f7800 JavaThread "jar transforms Thread 4" [_thread_blocked, id=89236, stack(0x000000bb86900000,0x000000bb86a00000)]
  0x000002a3135f8800 JavaThread "jar transforms Thread 5" [_thread_blocked, id=73996, stack(0x000000bb86a00000,0x000000bb86b00000)]
  0x000002a3135fa000 JavaThread "jar transforms Thread 6" [_thread_blocked, id=88116, stack(0x000000bb86b00000,0x000000bb86c00000)]
  0x000002a3135f9800 JavaThread "jar transforms Thread 7" [_thread_blocked, id=58312, stack(0x000000bb86c00000,0x000000bb86d00000)]
  0x000002a3135fb000 JavaThread "jar transforms Thread 8" [_thread_blocked, id=94516, stack(0x000000bb86d00000,0x000000bb86e00000)]
  0x000002a3135fc000 JavaThread "Cache worker for checksums cache (C:\Users\angel\AndroidStudioProjects\HelloWorld\.gradle\7.3.3\checksums)" [_thread_blocked, id=93232, stack(0x000000bb86e00000,0x000000bb86f00000)]
  0x000002a3135f6000 JavaThread "Cache worker for cache directory md-supplier (C:\Users\angel\.gradle\caches\7.3.3\md-supplier)" [_thread_blocked, id=87000, stack(0x000000bb86f00000,0x000000bb87000000)]
  0x000002a313601800 JavaThread "Cache worker for cache directory md-rule (C:\Users\angel\.gradle\caches\7.3.3\md-rule)" [_thread_blocked, id=78856, stack(0x000000bb87000000,0x000000bb87100000)]
  0x000002a3135fc800 JavaThread "Cache worker for execution history cache (C:\Users\angel\.gradle\caches\7.3.3\executionHistory)" [_thread_blocked, id=73612, stack(0x000000bb87100000,0x000000bb87200000)]
  0x000002a313602800 JavaThread "Cache worker for file content cache (C:\Users\angel\.gradle\caches\7.3.3\fileContent)" [_thread_blocked, id=94432, stack(0x000000bb87200000,0x000000bb87300000)]
  0x000002a3135ff000 JavaThread "Cache worker for dependencies-accessors (C:\Users\angel\AndroidStudioProjects\HelloWorld\.gradle\7.3.3\dependencies-accessors)" [_thread_blocked, id=98196, stack(0x000000bb87500000,0x000000bb87600000)]
  0x000002a313603000 JavaThread "Cache worker for Build Output Cleanup Cache (C:\Users\angel\AndroidStudioProjects\HelloWorld\.gradle\buildOutputCleanup)" [_thread_blocked, id=69960, stack(0x000000bb87600000,0x000000bb87700000)]
  0x000002a3135fd800 JavaThread "Unconstrained build operations" [_thread_blocked, id=15096, stack(0x000000bb83a00000,0x000000bb83b00000)]
  0x000002a313604000 JavaThread "Unconstrained build operations Thread 2" [_thread_blocked, id=46020, stack(0x000000bb83b00000,0x000000bb83c00000)]
  0x000002a313600800 JavaThread "Unconstrained build operations Thread 3" [_thread_blocked, id=68420, stack(0x000000bb83c00000,0x000000bb83d00000)]
  0x000002a313605000 JavaThread "Unconstrained build operations Thread 4" [_thread_blocked, id=97952, stack(0x000000bb87800000,0x000000bb87900000)]
  0x000002a3152c7800 JavaThread "Unconstrained build operations Thread 5" [_thread_blocked, id=96216, stack(0x000000bb87900000,0x000000bb87a00000)]
  0x000002a3152c4800 JavaThread "Unconstrained build operations Thread 6" [_thread_blocked, id=95428, stack(0x000000bb87a00000,0x000000bb87b00000)]
  0x000002a3152c2000 JavaThread "Unconstrained build operations Thread 7" [_thread_blocked, id=90524, stack(0x000000bb87b00000,0x000000bb87c00000)]
  0x000002a3152c3000 JavaThread "Unconstrained build operations Thread 8" [_thread_blocked, id=88544, stack(0x000000bb87c00000,0x000000bb87d00000)]
  0x000002a3152c5800 JavaThread "Unconstrained build operations Thread 9" [_thread_blocked, id=94436, stack(0x000000bb87d00000,0x000000bb87e00000)]
  0x000002a3152c6000 JavaThread "Unconstrained build operations Thread 10" [_thread_blocked, id=96556, stack(0x000000bb87e00000,0x000000bb87f00000)]
  0x000002a3152c7000 JavaThread "Unconstrained build operations Thread 11" [_thread_blocked, id=87704, stack(0x000000bb87f00000,0x000000bb88000000)]
  0x000002a3152c8800 JavaThread "Unconstrained build operations Thread 12" [_thread_blocked, id=91032, stack(0x000000bb88000000,0x000000bb88100000)]
  0x000002a3152c9800 JavaThread "Unconstrained build operations Thread 13" [_thread_blocked, id=12164, stack(0x000000bb88100000,0x000000bb88200000)]
  0x000002a3152c3800 JavaThread "Unconstrained build operations Thread 14" [_thread_blocked, id=96496, stack(0x000000bb88200000,0x000000bb88300000)]
  0x000002a3152ca000 JavaThread "Unconstrained build operations Thread 15" [_thread_blocked, id=97004, stack(0x000000bb88300000,0x000000bb88400000)]
  0x000002a3152cf000 JavaThread "Unconstrained build operations Thread 16" [_thread_blocked, id=96360, stack(0x000000bb88400000,0x000000bb88500000)]
  0x000002a3152d0800 JavaThread "Unconstrained build operations Thread 17" [_thread_blocked, id=93520, stack(0x000000bb88500000,0x000000bb88600000)]
  0x000002a3152ce800 JavaThread "Unconstrained build operations Thread 18" [_thread_blocked, id=69816, stack(0x000000bb88600000,0x000000bb88700000)]
  0x000002a3152cc800 JavaThread "Unconstrained build operations Thread 19" [_thread_blocked, id=70496, stack(0x000000bb88700000,0x000000bb88800000)]
  0x000002a3152d0000 JavaThread "Unconstrained build operations Thread 20" [_thread_blocked, id=80928, stack(0x000000bb88800000,0x000000bb88900000)]
  0x000002a3152cb000 JavaThread "Unconstrained build operations Thread 21" [_thread_blocked, id=15216, stack(0x000000bb88900000,0x000000bb88a00000)]
  0x000002a3152cc000 JavaThread "Unconstrained build operations Thread 22" [_thread_blocked, id=90680, stack(0x000000bb88a00000,0x000000bb88b00000)]
  0x000002a3152cd800 JavaThread "Unconstrained build operations Thread 23" [_thread_blocked, id=95700, stack(0x000000bb88b00000,0x000000bb88c00000)]
  0x000002a315957000 JavaThread "Unconstrained build operations Thread 24" [_thread_blocked, id=38948, stack(0x000000bb88c00000,0x000000bb88d00000)]
  0x000002a315958800 JavaThread "Unconstrained build operations Thread 25" [_thread_blocked, id=15664, stack(0x000000bb88d00000,0x000000bb88e00000)]
  0x000002a31595c800 JavaThread "Unconstrained build operations Thread 26" [_thread_blocked, id=90172, stack(0x000000bb88e00000,0x000000bb88f00000)]
  0x000002a315959000 JavaThread "Unconstrained build operations Thread 27" [_thread_blocked, id=94536, stack(0x000000bb88f00000,0x000000bb89000000)]
  0x000002a31595a000 JavaThread "Unconstrained build operations Thread 28" [_thread_blocked, id=81200, stack(0x000000bb89000000,0x000000bb89100000)]
  0x000002a315957800 JavaThread "Unconstrained build operations Thread 29" [_thread_blocked, id=96696, stack(0x000000bb89100000,0x000000bb89200000)]
  0x000002a31595f800 JavaThread "Unconstrained build operations Thread 30" [_thread_blocked, id=82292, stack(0x000000bb89200000,0x000000bb89300000)]
  0x000002a31595f000 JavaThread "Unconstrained build operations Thread 31" [_thread_blocked, id=70280, stack(0x000000bb89300000,0x000000bb89400000)]
  0x000002a315960800 JavaThread "Unconstrained build operations Thread 32" [_thread_blocked, id=46956, stack(0x000000bb89400000,0x000000bb89500000)]
  0x000002a31595b000 JavaThread "Unconstrained build operations Thread 33" [_thread_blocked, id=97068, stack(0x000000bb89500000,0x000000bb89600000)]
  0x000002a31595b800 JavaThread "Unconstrained build operations Thread 34" [_thread_blocked, id=24360, stack(0x000000bb89600000,0x000000bb89700000)]
  0x000002a315961800 JavaThread "Unconstrained build operations Thread 35" [_thread_blocked, id=79376, stack(0x000000bb89700000,0x000000bb89800000)]
  0x000002a315962000 JavaThread "Unconstrained build operations Thread 36" [_thread_blocked, id=95916, stack(0x000000bb89800000,0x000000bb89900000)]
  0x000002a31595d800 JavaThread "Unconstrained build operations Thread 37" [_thread_blocked, id=97996, stack(0x000000bb89900000,0x000000bb89a00000)]
  0x000002a315963000 JavaThread "Unconstrained build operations Thread 38" [_thread_blocked, id=98080, stack(0x000000bb89a00000,0x000000bb89b00000)]
  0x000002a315964000 JavaThread "Unconstrained build operations Thread 39" [_thread_blocked, id=61984, stack(0x000000bb89b00000,0x000000bb89c00000)]
  0x000002a31595e000 JavaThread "Unconstrained build operations Thread 40" [_thread_blocked, id=84484, stack(0x000000bb89c00000,0x000000bb89d00000)]
  0x000002a315964800 JavaThread "Unconstrained build operations Thread 41" [_thread_blocked, id=38252, stack(0x000000bb89d00000,0x000000bb89e00000)]
  0x000002a315965800 JavaThread "Unconstrained build operations Thread 42" [_thread_blocked, id=77236, stack(0x000000bb89e00000,0x000000bb89f00000)]
  0x000002a31779e000 JavaThread "Unconstrained build operations Thread 43" [_thread_blocked, id=63540, stack(0x000000bb89f00000,0x000000bb8a000000)]
  0x000002a31779d000 JavaThread "Unconstrained build operations Thread 44" [_thread_blocked, id=98144, stack(0x000000bb8a000000,0x000000bb8a100000)]
  0x000002a3177a1000 JavaThread "Unconstrained build operations Thread 45" [_thread_blocked, id=69980, stack(0x000000bb8a100000,0x000000bb8a200000)]
  0x000002a3177a2000 JavaThread "Unconstrained build operations Thread 46" [_thread_blocked, id=55116, stack(0x000000bb8a200000,0x000000bb8a300000)]
  0x000002a31779c800 JavaThread "Unconstrained build operations Thread 47" [_thread_blocked, id=87648, stack(0x000000bb8a300000,0x000000bb8a400000)]
  0x000002a3177a0800 JavaThread "Unconstrained build operations Thread 48" [_thread_blocked, id=7228, stack(0x000000bb8a400000,0x000000bb8a500000)]
  0x000002a3177a3000 JavaThread "Unconstrained build operations Thread 49" [_thread_blocked, id=97476, stack(0x000000bb8a500000,0x000000bb8a600000)]
  0x000002a3177a3800 JavaThread "Unconstrained build operations Thread 50" [_thread_blocked, id=95364, stack(0x000000bb8a600000,0x000000bb8a700000)]
  0x000002a3177a4800 JavaThread "Unconstrained build operations Thread 51" [_thread_blocked, id=92364, stack(0x000000bb8a700000,0x000000bb8a800000)]
  0x000002a31779e800 JavaThread "Unconstrained build operations Thread 52" [_thread_blocked, id=96356, stack(0x000000bb8a800000,0x000000bb8a900000)]
  0x000002a31779f800 JavaThread "Unconstrained build operations Thread 53" [_thread_blocked, id=60344, stack(0x000000bb8a900000,0x000000bb8aa00000)]
  0x000002a3177a6000 JavaThread "Unconstrained build operations Thread 54" [_thread_blocked, id=56236, stack(0x000000bb8aa00000,0x000000bb8ab00000)]
  0x000002a3177a7000 JavaThread "Unconstrained build operations Thread 55" [_thread_blocked, id=98168, stack(0x000000bb8ab00000,0x000000bb8ac00000)]
  0x000002a3177a7800 JavaThread "Unconstrained build operations Thread 56" [_thread_blocked, id=95280, stack(0x000000bb8ac00000,0x000000bb8ad00000)]
  0x000002a3177a8800 JavaThread "Unconstrained build operations Thread 57" [_thread_blocked, id=14524, stack(0x000000bb8ad00000,0x000000bb8ae00000)]
  0x000002a3177a9800 JavaThread "Unconstrained build operations Thread 58" [_thread_blocked, id=97972, stack(0x000000bb8ae00000,0x000000bb8af00000)]
  0x000002a3177aa000 JavaThread "Unconstrained build operations Thread 59" [_thread_blocked, id=97328, stack(0x000000bb8af00000,0x000000bb8b000000)]
  0x000002a3177ab000 JavaThread "Unconstrained build operations Thread 60" [_thread_blocked, id=97636, stack(0x000000bb8b000000,0x000000bb8b100000)]
  0x000002a3177a5000 JavaThread "Unconstrained build operations Thread 61" [_thread_blocked, id=11080, stack(0x000000bb8b100000,0x000000bb8b200000)]
  0x000002a313665800 JavaThread "Unconstrained build operations Thread 62" [_thread_blocked, id=96048, stack(0x000000bb8b200000,0x000000bb8b300000)]
  0x000002a313667000 JavaThread "Unconstrained build operations Thread 63" [_thread_blocked, id=94976, stack(0x000000bb8b300000,0x000000bb8b400000)]
  0x000002a313664000 JavaThread "Unconstrained build operations Thread 64" [_thread_blocked, id=86920, stack(0x000000bb8b400000,0x000000bb8b500000)]
  0x000002a313664800 JavaThread "Unconstrained build operations Thread 65" [_thread_blocked, id=91572, stack(0x000000bb8b500000,0x000000bb8b600000)]
  0x000002a313668000 JavaThread "Unconstrained build operations Thread 66" [_thread_blocked, id=89672, stack(0x000000bb8b600000,0x000000bb8b700000)]
  0x000002a313662000 JavaThread "Unconstrained build operations Thread 67" [_thread_blocked, id=85584, stack(0x000000bb8b700000,0x000000bb8b800000)]
  0x000002a313666000 JavaThread "Unconstrained build operations Thread 68" [_thread_blocked, id=92728, stack(0x000000bb8b800000,0x000000bb8b900000)]
  0x000002a313668800 JavaThread "Unconstrained build operations Thread 69" [_thread_blocked, id=15984, stack(0x000000bb8b900000,0x000000bb8ba00000)]
  0x000002a313663000 JavaThread "Unconstrained build operations Thread 70" [_thread_blocked, id=98256, stack(0x000000bb8ba00000,0x000000bb8bb00000)]
  0x000002a313669800 JavaThread "Unconstrained build operations Thread 71" [_thread_blocked, id=91556, stack(0x000000bb8bb00000,0x000000bb8bc00000)]
  0x000002a31366b000 JavaThread "Unconstrained build operations Thread 72" [_thread_blocked, id=86964, stack(0x000000bb8bc00000,0x000000bb8bd00000)]
  0x000002a31366f000 JavaThread "Unconstrained build operations Thread 73" [_thread_blocked, id=94900, stack(0x000000bb8bd00000,0x000000bb8be00000)]
  0x000002a31366c000 JavaThread "Unconstrained build operations Thread 74" [_thread_blocked, id=16484, stack(0x000000bb8be00000,0x000000bb8bf00000)]
  0x000002a31366a800 JavaThread "Unconstrained build operations Thread 75" [_thread_blocked, id=96140, stack(0x000000bb8bf00000,0x000000bb8c000000)]
  0x000002a31366d000 JavaThread "Unconstrained build operations Thread 76" [_thread_blocked, id=96968, stack(0x000000bb8c000000,0x000000bb8c100000)]
  0x000002a313671000 JavaThread "Unconstrained build operations Thread 77" [_thread_blocked, id=45884, stack(0x000000bb8c100000,0x000000bb8c200000)]
  0x000002a31366d800 JavaThread "Unconstrained build operations Thread 78" [_thread_blocked, id=97376, stack(0x000000bb8c200000,0x000000bb8c300000)]
  0x000002a31366e800 JavaThread "Unconstrained build operations Thread 79" [_thread_blocked, id=75144, stack(0x000000bb8c300000,0x000000bb8c400000)]
  0x000002a313670000 JavaThread "Unconstrained build operations Thread 80" [_thread_blocked, id=97084, stack(0x000000bb8c400000,0x000000bb8c500000)]

Other Threads:
  0x000002a37f7f6800 VMThread "VM Thread" [stack: 0x000000bb84300000,0x000000bb84400000] [id=96308]
  0x000002a37fa18800 WatcherThread [stack: 0x000000bb84d00000,0x000000bb84e00000] [id=93268]
  0x000002a37637f000 GCTaskThread "GC Thread#0" [stack: 0x000000bb83e00000,0x000000bb83f00000] [id=92404]
  0x000002a37f928000 GCTaskThread "GC Thread#1" [stack: 0x000000bb84e00000,0x000000bb84f00000] [id=87780]
  0x000002a37f927800 GCTaskThread "GC Thread#2" [stack: 0x000000bb84f00000,0x000000bb85000000] [id=96016]
  0x000002a37f928800 GCTaskThread "GC Thread#3" [stack: 0x000000bb85a00000,0x000000bb85b00000] [id=96168]
  0x000002a37f92d000 GCTaskThread "GC Thread#4" [stack: 0x000000bb85b00000,0x000000bb85c00000] [id=86632]
  0x000002a37f929800 GCTaskThread "GC Thread#5" [stack: 0x000000bb85c00000,0x000000bb85d00000] [id=89556]
  0x000002a37f92e000 GCTaskThread "GC Thread#6" [stack: 0x000000bb85d00000,0x000000bb85e00000] [id=97604]
  0x000002a37f92e800 GCTaskThread "GC Thread#7" [stack: 0x000000bb85e00000,0x000000bb85f00000] [id=91592]
  0x000002a3763b0800 ConcurrentGCThread "G1 Main Marker" [stack: 0x000000bb83f00000,0x000000bb84000000] [id=70272]
  0x000002a3763b1800 ConcurrentGCThread "G1 Conc#0" [stack: 0x000000bb84000000,0x000000bb84100000] [id=96264]
  0x000002a37f92a000 ConcurrentGCThread "G1 Conc#1" [stack: 0x000000bb86100000,0x000000bb86200000] [id=95432]
  0x000002a37642e000 ConcurrentGCThread "G1 Refine#0" [stack: 0x000000bb84100000,0x000000bb84200000] [id=86236]
  0x000002a37f648800 ConcurrentGCThread "G1 Young RemSet Sampling" [stack: 0x000000bb84200000,0x000000bb84300000] [id=73180]

Threads with active compile tasks:
C2 CompilerThread0 209662 12566       4       java.util.ComparableTimSort::mergeLo (656 bytes)

VM state:not at safepoint (normal execution)

VM Mutex/Monitor currently owned by a thread: None

Heap address: 0x0000000080000000, size: 2048 MB, Compressed Oops mode: 32-bit
Narrow klass base: 0x0000000000000000, Narrow klass shift: 3
Compressed class space size: 1073741824 Address: 0x0000000100000000

Heap:
 garbage-first heap   total 279552K, used 191918K [0x0000000080000000, 0x0000000100000000)
  region size 1024K, 114 young (116736K), 2 survivors (2048K)
 Metaspace       used 68791K, capacity 70634K, committed 70860K, reserved 1112064K
  class space    used 8472K, capacity 9083K, committed 9164K, reserved 1048576K
Heap Regions: E=young(eden), S=young(survivor), O=old, HS=humongous(starts), HC=humongous(continues), CS=collection set, F=free, A=archive, TAMS=top-at-mark-start (previous, next)
|   0|0x0000000080000000, 0x0000000080100000, 0x0000000080100000|100%| O|  |TAMS 0x0000000080100000, 0x0000000080000000| Untracked 
|   1|0x0000000080100000, 0x0000000080200000, 0x0000000080200000|100%| O|  |TAMS 0x0000000080200000, 0x0000000080100000| Untracked 
|   2|0x0000000080200000, 0x0000000080300000, 0x0000000080300000|100%| O|  |TAMS 0x0000000080300000, 0x0000000080200000| Untracked 
|   3|0x0000000080300000, 0x0000000080400000, 0x0000000080400000|100%|HS|  |TAMS 0x0000000080400000, 0x0000000080300000| Complete 
|   4|0x0000000080400000, 0x0000000080500000, 0x0000000080500000|100%|HC|  |TAMS 0x0000000080500000, 0x0000000080400000| Complete 
|   5|0x0000000080500000, 0x0000000080600000, 0x0000000080600000|100%|HC|  |TAMS 0x0000000080600000, 0x0000000080500000| Complete 
|   6|0x0000000080600000, 0x0000000080700000, 0x0000000080700000|100%| O|  |TAMS 0x0000000080700000, 0x0000000080600000| Untracked 
|   7|0x0000000080700000, 0x0000000080800000, 0x0000000080800000|100%| O|  |TAMS 0x0000000080800000, 0x0000000080700000| Untracked 
|   8|0x0000000080800000, 0x0000000080900000, 0x0000000080900000|100%| O|  |TAMS 0x0000000080900000, 0x0000000080800000| Untracked 
|   9|0x0000000080900000, 0x0000000080a00000, 0x0000000080a00000|100%| O|  |TAMS 0x0000000080a00000, 0x0000000080900000| Untracked 
|  10|0x0000000080a00000, 0x0000000080b00000, 0x0000000080b00000|100%| O|  |TAMS 0x0000000080b00000, 0x0000000080a00000| Untracked 
|  11|0x0000000080b00000, 0x0000000080c00000, 0x0000000080c00000|100%| O|  |TAMS 0x0000000080c00000, 0x0000000080b00000| Untracked 
|  12|0x0000000080c00000, 0x0000000080d00000, 0x0000000080d00000|100%| O|  |TAMS 0x0000000080d00000, 0x0000000080c00000| Untracked 
|  13|0x0000000080d00000, 0x0000000080e00000, 0x0000000080e00000|100%| O|  |TAMS 0x0000000080e00000, 0x0000000080d00000| Untracked 
|  14|0x0000000080e00000, 0x0000000080f00000, 0x0000000080f00000|100%| O|  |TAMS 0x0000000080f00000, 0x0000000080e00000| Untracked 
|  15|0x0000000080f00000, 0x0000000081000000, 0x0000000081000000|100%| O|  |TAMS 0x0000000081000000, 0x0000000080f00000| Untracked 
|  16|0x0000000081000000, 0x0000000081100000, 0x0000000081100000|100%|HS|  |TAMS 0x0000000081100000, 0x0000000081000000| Complete 
|  17|0x0000000081100000, 0x0000000081200000, 0x0000000081200000|100%|HC|  |TAMS 0x0000000081200000, 0x0000000081100000| Complete 
|  18|0x0000000081200000, 0x0000000081300000, 0x0000000081300000|100%|HS|  |TAMS 0x0000000081300000, 0x0000000081200000| Complete 
|  19|0x0000000081300000, 0x0000000081400000, 0x0000000081400000|100%|HC|  |TAMS 0x0000000081400000, 0x0000000081300000| Complete 
|  20|0x0000000081400000, 0x0000000081500000, 0x0000000081500000|100%|HC|  |TAMS 0x0000000081500000, 0x0000000081400000| Complete 
|  21|0x0000000081500000, 0x0000000081600000, 0x0000000081600000|100%|HS|  |TAMS 0x0000000081600000, 0x0000000081500000| Complete 
|  22|0x0000000081600000, 0x0000000081700000, 0x0000000081700000|100%|HS|  |TAMS 0x0000000081700000, 0x0000000081600000| Complete 
|  23|0x0000000081700000, 0x0000000081800000, 0x0000000081800000|100%|HC|  |TAMS 0x0000000081800000, 0x0000000081700000| Complete 
|  24|0x0000000081800000, 0x0000000081900000, 0x0000000081900000|100%|HC|  |TAMS 0x0000000081900000, 0x0000000081800000| Complete 
|  25|0x0000000081900000, 0x0000000081a00000, 0x0000000081a00000|100%|HC|  |TAMS 0x0000000081a00000, 0x0000000081900000| Complete 
|  26|0x0000000081a00000, 0x0000000081b00000, 0x0000000081b00000|100%| O|  |TAMS 0x0000000081b00000, 0x0000000081a00000| Untracked 
|  27|0x0000000081b00000, 0x0000000081c00000, 0x0000000081c00000|100%| O|  |TAMS 0x0000000081c00000, 0x0000000081b00000| Untracked 
|  28|0x0000000081c00000, 0x0000000081d00000, 0x0000000081d00000|100%| O|  |TAMS 0x0000000081d00000, 0x0000000081c00000| Untracked 
|  29|0x0000000081d00000, 0x0000000081e00000, 0x0000000081e00000|100%| O|  |TAMS 0x0000000081e00000, 0x0000000081d00000| Untracked 
|  30|0x0000000081e00000, 0x0000000081f00000, 0x0000000081f00000|100%| O|  |TAMS 0x0000000081f00000, 0x0000000081e00000| Untracked 
|  31|0x0000000081f00000, 0x0000000082000000, 0x0000000082000000|100%| O|  |TAMS 0x0000000082000000, 0x0000000081f00000| Untracked 
|  32|0x0000000082000000, 0x0000000082100000, 0x0000000082100000|100%| O|  |TAMS 0x0000000082100000, 0x0000000082000000| Untracked 
|  33|0x0000000082100000, 0x0000000082200000, 0x0000000082200000|100%| O|  |TAMS 0x0000000082200000, 0x0000000082100000| Untracked 
|  34|0x0000000082200000, 0x0000000082300000, 0x0000000082300000|100%| O|  |TAMS 0x0000000082300000, 0x0000000082200000| Untracked 
|  35|0x0000000082300000, 0x0000000082400000, 0x0000000082400000|100%| O|  |TAMS 0x0000000082400000, 0x0000000082300000| Untracked 
|  36|0x0000000082400000, 0x0000000082500000, 0x0000000082500000|100%| O|  |TAMS 0x0000000082500000, 0x0000000082400000| Untracked 
|  37|0x0000000082500000, 0x0000000082600000, 0x0000000082600000|100%| O|  |TAMS 0x0000000082600000, 0x0000000082500000| Untracked 
|  38|0x0000000082600000, 0x0000000082700000, 0x0000000082700000|100%| O|  |TAMS 0x0000000082700000, 0x0000000082600000| Untracked 
|  39|0x0000000082700000, 0x0000000082800000, 0x0000000082800000|100%| O|  |TAMS 0x0000000082800000, 0x0000000082700000| Untracked 
|  40|0x0000000082800000, 0x0000000082900000, 0x0000000082900000|100%| O|  |TAMS 0x0000000082900000, 0x0000000082800000| Untracked 
|  41|0x0000000082900000, 0x0000000082a00000, 0x0000000082a00000|100%| O|  |TAMS 0x0000000082a00000, 0x0000000082900000| Untracked 
|  42|0x0000000082a00000, 0x0000000082b00000, 0x0000000082b00000|100%| O|  |TAMS 0x0000000082b00000, 0x0000000082a00000| Untracked 
|  43|0x0000000082b00000, 0x0000000082c00000, 0x0000000082c00000|100%| O|  |TAMS 0x0000000082c00000, 0x0000000082b00000| Untracked 
|  44|0x0000000082c00000, 0x0000000082d00000, 0x0000000082d00000|100%| O|  |TAMS 0x0000000082d00000, 0x0000000082c00000| Untracked 
|  45|0x0000000082d00000, 0x0000000082e00000, 0x0000000082e00000|100%|HS|  |TAMS 0x0000000082e00000, 0x0000000082d00000| Complete 
|  46|0x0000000082e00000, 0x0000000082f00000, 0x0000000082f00000|100%| O|  |TAMS 0x0000000082f00000, 0x0000000082e00000| Untracked 
|  47|0x0000000082f00000, 0x0000000083000000, 0x0000000083000000|100%| O|  |TAMS 0x0000000083000000, 0x0000000082f00000| Untracked 
|  48|0x0000000083000000, 0x0000000083100000, 0x0000000083100000|100%| O|  |TAMS 0x0000000083100000, 0x0000000083000000| Untracked 
|  49|0x0000000083100000, 0x0000000083200000, 0x0000000083200000|100%| O|  |TAMS 0x0000000083200000, 0x0000000083100000| Untracked 
|  50|0x0000000083200000, 0x0000000083300000, 0x0000000083300000|100%| O|  |TAMS 0x0000000083300000, 0x0000000083200000| Untracked 
|  51|0x0000000083300000, 0x0000000083400000, 0x0000000083400000|100%| O|  |TAMS 0x0000000083400000, 0x0000000083300000| Untracked 
|  52|0x0000000083400000, 0x0000000083500000, 0x0000000083500000|100%| O|  |TAMS 0x0000000083500000, 0x0000000083400000| Untracked 
|  53|0x0000000083500000, 0x0000000083600000, 0x0000000083600000|100%| O|  |TAMS 0x0000000083503200, 0x0000000083500000| Untracked 
|  54|0x0000000083600000, 0x0000000083700000, 0x0000000083700000|100%| O|  |TAMS 0x0000000083700000, 0x0000000083600000| Untracked 
|  55|0x0000000083700000, 0x0000000083800000, 0x0000000083800000|100%| O|  |TAMS 0x0000000083800000, 0x0000000083700000| Untracked 
|  56|0x0000000083800000, 0x0000000083900000, 0x0000000083900000|100%| O|  |TAMS 0x0000000083900000, 0x0000000083800000| Untracked 
|  57|0x0000000083900000, 0x0000000083a00000, 0x0000000083a00000|100%|HS|  |TAMS 0x0000000083a00000, 0x0000000083900000| Complete 
|  58|0x0000000083a00000, 0x0000000083b00000, 0x0000000083b00000|100%|HC|  |TAMS 0x0000000083b00000, 0x0000000083a00000| Complete 
|  59|0x0000000083b00000, 0x0000000083c00000, 0x0000000083c00000|100%|HC|  |TAMS 0x0000000083c00000, 0x0000000083b00000| Complete 
|  60|0x0000000083c00000, 0x0000000083d00000, 0x0000000083d00000|100%|HC|  |TAMS 0x0000000083d00000, 0x0000000083c00000| Complete 
|  61|0x0000000083d00000, 0x0000000083e00000, 0x0000000083e00000|100%| O|  |TAMS 0x0000000083d00000, 0x0000000083d00000| Untracked 
|  62|0x0000000083e00000, 0x0000000083f00000, 0x0000000083f00000|100%| O|  |TAMS 0x0000000083e00000, 0x0000000083e00000| Untracked 
|  63|0x0000000083f00000, 0x0000000084000000, 0x0000000084000000|100%| O|  |TAMS 0x0000000083f00000, 0x0000000083f00000| Untracked 
|  64|0x0000000084000000, 0x0000000084100000, 0x0000000084100000|100%|HS|  |TAMS 0x0000000084100000, 0x0000000084000000| Complete 
|  65|0x0000000084100000, 0x0000000084200000, 0x0000000084200000|100%|HC|  |TAMS 0x0000000084200000, 0x0000000084100000| Complete 
|  66|0x0000000084200000, 0x0000000084300000, 0x0000000084300000|100%|HC|  |TAMS 0x0000000084300000, 0x0000000084200000| Complete 
|  67|0x0000000084300000, 0x0000000084400000, 0x0000000084400000|100%| O|  |TAMS 0x0000000084300000, 0x0000000084300000| Untracked 
|  68|0x0000000084400000, 0x0000000084500000, 0x0000000084500000|100%| O|  |TAMS 0x0000000084400000, 0x0000000084400000| Untracked 
|  69|0x0000000084500000, 0x00000000845ef200, 0x0000000084600000| 93%| O|  |TAMS 0x0000000084500000, 0x0000000084500000| Untracked 
|  70|0x0000000084600000, 0x0000000084700000, 0x0000000084700000|100%| O|  |TAMS 0x0000000084600000, 0x0000000084600000| Untracked 
|  71|0x0000000084700000, 0x0000000084700000, 0x0000000084800000|  0%| F|  |TAMS 0x0000000084700000, 0x0000000084700000| Untracked 
|  72|0x0000000084800000, 0x0000000084900000, 0x0000000084900000|100%| O|  |TAMS 0x0000000084800000, 0x0000000084800000| Untracked 
|  73|0x0000000084900000, 0x0000000084a00000, 0x0000000084a00000|100%| O|  |TAMS 0x0000000084900000, 0x0000000084900000| Untracked 
|  74|0x0000000084a00000, 0x0000000084b00000, 0x0000000084b00000|100%| O|  |TAMS 0x0000000084a00000, 0x0000000084a00000| Untracked 
|  75|0x0000000084b00000, 0x0000000084c00000, 0x0000000084c00000|100%| O|  |TAMS 0x0000000084b00000, 0x0000000084b00000| Untracked 
|  76|0x0000000084c00000, 0x0000000084c00000, 0x0000000084d00000|  0%| F|  |TAMS 0x0000000084c00000, 0x0000000084c00000| Untracked 
|  77|0x0000000084d00000, 0x0000000084d00000, 0x0000000084e00000|  0%| F|  |TAMS 0x0000000084d00000, 0x0000000084d00000| Untracked 
|  78|0x0000000084e00000, 0x0000000084e00000, 0x0000000084f00000|  0%| F|  |TAMS 0x0000000084e00000, 0x0000000084e00000| Untracked 
|  79|0x0000000084f00000, 0x0000000084f00000, 0x0000000085000000|  0%| F|  |TAMS 0x0000000084f00000, 0x0000000084f00000| Untracked 
|  80|0x0000000085000000, 0x0000000085000000, 0x0000000085100000|  0%| F|  |TAMS 0x0000000085000000, 0x0000000085000000| Untracked 
|  81|0x0000000085100000, 0x0000000085100000, 0x0000000085200000|  0%| F|  |TAMS 0x0000000085100000, 0x0000000085100000| Untracked 
|  82|0x0000000085200000, 0x0000000085200000, 0x0000000085300000|  0%| F|  |TAMS 0x0000000085200000, 0x0000000085200000| Untracked 
|  83|0x0000000085300000, 0x0000000085300000, 0x0000000085400000|  0%| F|  |TAMS 0x0000000085300000, 0x0000000085300000| Untracked 
|  84|0x0000000085400000, 0x0000000085400000, 0x0000000085500000|  0%| F|  |TAMS 0x0000000085400000, 0x0000000085400000| Untracked 
|  85|0x0000000085500000, 0x0000000085500000, 0x0000000085600000|  0%| F|  |TAMS 0x0000000085500000, 0x0000000085500000| Untracked 
|  86|0x0000000085600000, 0x0000000085600000, 0x0000000085700000|  0%| F|  |TAMS 0x0000000085600000, 0x0000000085600000| Untracked 
|  87|0x0000000085700000, 0x0000000085700000, 0x0000000085800000|  0%| F|  |TAMS 0x0000000085700000, 0x0000000085700000| Untracked 
|  88|0x0000000085800000, 0x0000000085800000, 0x0000000085900000|  0%| F|  |TAMS 0x0000000085800000, 0x0000000085800000| Untracked 
|  89|0x0000000085900000, 0x0000000085900000, 0x0000000085a00000|  0%| F|  |TAMS 0x0000000085900000, 0x0000000085900000| Untracked 
|  90|0x0000000085a00000, 0x0000000085a00000, 0x0000000085b00000|  0%| F|  |TAMS 0x0000000085a00000, 0x0000000085a00000| Untracked 
|  91|0x0000000085b00000, 0x0000000085b00000, 0x0000000085c00000|  0%| F|  |TAMS 0x0000000085b00000, 0x0000000085b00000| Untracked 
|  92|0x0000000085c00000, 0x0000000085c00000, 0x0000000085d00000|  0%| F|  |TAMS 0x0000000085c00000, 0x0000000085c00000| Untracked 
|  93|0x0000000085d00000, 0x0000000085d00000, 0x0000000085e00000|  0%| F|  |TAMS 0x0000000085d00000, 0x0000000085d00000| Untracked 
|  94|0x0000000085e00000, 0x0000000085e00000, 0x0000000085f00000|  0%| F|  |TAMS 0x0000000085e00000, 0x0000000085e00000| Untracked 
|  95|0x0000000085f00000, 0x0000000085f00000, 0x0000000086000000|  0%| F|  |TAMS 0x0000000085f00000, 0x0000000085f00000| Untracked 
|  96|0x0000000086000000, 0x0000000086000000, 0x0000000086100000|  0%| F|  |TAMS 0x0000000086000000, 0x0000000086000000| Untracked 
|  97|0x0000000086100000, 0x0000000086100000, 0x0000000086200000|  0%| F|  |TAMS 0x0000000086100000, 0x0000000086100000| Untracked 
|  98|0x0000000086200000, 0x0000000086200000, 0x0000000086300000|  0%| F|  |TAMS 0x0000000086200000, 0x0000000086200000| Untracked 
|  99|0x0000000086300000, 0x0000000086300000, 0x0000000086400000|  0%| F|  |TAMS 0x0000000086300000, 0x0000000086300000| Untracked 
| 100|0x0000000086400000, 0x0000000086400000, 0x0000000086500000|  0%| F|  |TAMS 0x0000000086400000, 0x0000000086400000| Untracked 
| 101|0x0000000086500000, 0x0000000086500000, 0x0000000086600000|  0%| F|  |TAMS 0x0000000086500000, 0x0000000086500000| Untracked 
| 102|0x0000000086600000, 0x0000000086600000, 0x0000000086700000|  0%| F|  |TAMS 0x0000000086600000, 0x0000000086600000| Untracked 
| 103|0x0000000086700000, 0x0000000086700000, 0x0000000086800000|  0%| F|  |TAMS 0x0000000086700000, 0x0000000086700000| Untracked 
| 104|0x0000000086800000, 0x0000000086800000, 0x0000000086900000|  0%| F|  |TAMS 0x0000000086800000, 0x0000000086800000| Untracked 
| 105|0x0000000086900000, 0x0000000086900000, 0x0000000086a00000|  0%| F|  |TAMS 0x0000000086900000, 0x0000000086900000| Untracked 
| 106|0x0000000086a00000, 0x0000000086a00000, 0x0000000086b00000|  0%| F|  |TAMS 0x0000000086a00000, 0x0000000086a00000| Untracked 
| 107|0x0000000086b00000, 0x0000000086b00000, 0x0000000086c00000|  0%| F|  |TAMS 0x0000000086b00000, 0x0000000086b00000| Untracked 
| 108|0x0000000086c00000, 0x0000000086c00000, 0x0000000086d00000|  0%| F|  |TAMS 0x0000000086c00000, 0x0000000086c00000| Untracked 
| 109|0x0000000086d00000, 0x0000000086d00000, 0x0000000086e00000|  0%| F|  |TAMS 0x0000000086d00000, 0x0000000086d00000| Untracked 
| 110|0x0000000086e00000, 0x0000000086e00000, 0x0000000086f00000|  0%| F|  |TAMS 0x0000000086e00000, 0x0000000086e00000| Untracked 
| 111|0x0000000086f00000, 0x0000000086f00000, 0x0000000087000000|  0%| F|  |TAMS 0x0000000086f00000, 0x0000000086f00000| Untracked 
| 112|0x0000000087000000, 0x0000000087000000, 0x0000000087100000|  0%| F|  |TAMS 0x0000000087000000, 0x0000000087000000| Untracked 
| 113|0x0000000087100000, 0x0000000087100000, 0x0000000087200000|  0%| F|  |TAMS 0x0000000087100000, 0x0000000087100000| Untracked 
| 114|0x0000000087200000, 0x000000008727c8b0, 0x0000000087300000| 48%| S|CS|TAMS 0x0000000087200000, 0x0000000087200000| Complete 
| 115|0x0000000087300000, 0x0000000087400000, 0x0000000087400000|100%| S|CS|TAMS 0x0000000087300000, 0x0000000087300000| Complete 
| 116|0x0000000087400000, 0x0000000087400000, 0x0000000087500000|  0%| F|  |TAMS 0x0000000087400000, 0x0000000087400000| Untracked 
| 117|0x0000000087500000, 0x0000000087500000, 0x0000000087600000|  0%| F|  |TAMS 0x0000000087500000, 0x0000000087500000| Untracked 
| 118|0x0000000087600000, 0x0000000087600000, 0x0000000087700000|  0%| F|  |TAMS 0x0000000087600000, 0x0000000087600000| Untracked 
| 119|0x0000000087700000, 0x0000000087700000, 0x0000000087800000|  0%| F|  |TAMS 0x0000000087700000, 0x0000000087700000| Untracked 
| 120|0x0000000087800000, 0x0000000087800000, 0x0000000087900000|  0%| F|  |TAMS 0x0000000087800000, 0x0000000087800000| Untracked 
| 121|0x0000000087900000, 0x0000000087900000, 0x0000000087a00000|  0%| F|  |TAMS 0x0000000087900000, 0x0000000087900000| Untracked 
| 122|0x0000000087a00000, 0x0000000087a00000, 0x0000000087b00000|  0%| F|  |TAMS 0x0000000087a00000, 0x0000000087a00000| Untracked 
| 123|0x0000000087b00000, 0x0000000087b00000, 0x0000000087c00000|  0%| F|  |TAMS 0x0000000087b00000, 0x0000000087b00000| Untracked 
| 124|0x0000000087c00000, 0x0000000087c00000, 0x0000000087d00000|  0%| F|  |TAMS 0x0000000087c00000, 0x0000000087c00000| Untracked 
| 125|0x0000000087d00000, 0x0000000087d00000, 0x0000000087e00000|  0%| F|  |TAMS 0x0000000087d00000, 0x0000000087d00000| Untracked 
| 126|0x0000000087e00000, 0x0000000087e00000, 0x0000000087f00000|  0%| F|  |TAMS 0x0000000087e00000, 0x0000000087e00000| Untracked 
| 127|0x0000000087f00000, 0x0000000087f00000, 0x0000000088000000|  0%| F|  |TAMS 0x0000000087f00000, 0x0000000087f00000| Untracked 
| 128|0x0000000088000000, 0x0000000088000000, 0x0000000088100000|  0%| F|  |TAMS 0x0000000088000000, 0x0000000088000000| Untracked 
| 129|0x0000000088100000, 0x0000000088100000, 0x0000000088200000|  0%| F|  |TAMS 0x0000000088100000, 0x0000000088100000| Untracked 
| 130|0x0000000088200000, 0x0000000088200000, 0x0000000088300000|  0%| F|  |TAMS 0x0000000088200000, 0x0000000088200000| Untracked 
| 131|0x0000000088300000, 0x0000000088300000, 0x0000000088400000|  0%| F|  |TAMS 0x0000000088300000, 0x0000000088300000| Untracked 
| 132|0x0000000088400000, 0x0000000088400000, 0x0000000088500000|  0%| F|  |TAMS 0x0000000088400000, 0x0000000088400000| Untracked 
| 133|0x0000000088500000, 0x0000000088500000, 0x0000000088600000|  0%| F|  |TAMS 0x0000000088500000, 0x0000000088500000| Untracked 
| 134|0x0000000088600000, 0x0000000088600000, 0x0000000088700000|  0%| F|  |TAMS 0x0000000088600000, 0x0000000088600000| Untracked 
| 135|0x0000000088700000, 0x0000000088700000, 0x0000000088800000|  0%| F|  |TAMS 0x0000000088700000, 0x0000000088700000| Untracked 
| 136|0x0000000088800000, 0x0000000088800000, 0x0000000088900000|  0%| F|  |TAMS 0x0000000088800000, 0x0000000088800000| Untracked 
| 137|0x0000000088900000, 0x0000000088900000, 0x0000000088a00000|  0%| F|  |TAMS 0x0000000088900000, 0x0000000088900000| Untracked 
| 138|0x0000000088a00000, 0x0000000088a00000, 0x0000000088b00000|  0%| F|  |TAMS 0x0000000088a00000, 0x0000000088a00000| Untracked 
| 139|0x0000000088b00000, 0x0000000088b00000, 0x0000000088c00000|  0%| F|  |TAMS 0x0000000088b00000, 0x0000000088b00000| Untracked 
| 140|0x0000000088c00000, 0x0000000088c00000, 0x0000000088d00000|  0%| F|  |TAMS 0x0000000088c00000, 0x0000000088c00000| Untracked 
| 141|0x0000000088d00000, 0x0000000088d00000, 0x0000000088e00000|  0%| F|  |TAMS 0x0000000088d00000, 0x0000000088d00000| Untracked 
| 142|0x0000000088e00000, 0x0000000088e00000, 0x0000000088f00000|  0%| F|  |TAMS 0x0000000088e00000, 0x0000000088e00000| Untracked 
| 143|0x0000000088f00000, 0x0000000088f00000, 0x0000000089000000|  0%| F|  |TAMS 0x0000000088f00000, 0x0000000088f00000| Untracked 
| 144|0x0000000089000000, 0x0000000089000000, 0x0000000089100000|  0%| F|  |TAMS 0x0000000089000000, 0x0000000089000000| Untracked 
| 145|0x0000000089100000, 0x0000000089100000, 0x0000000089200000|  0%| F|  |TAMS 0x0000000089100000, 0x0000000089100000| Untracked 
| 146|0x0000000089200000, 0x0000000089200000, 0x0000000089300000|  0%| F|  |TAMS 0x0000000089200000, 0x0000000089200000| Untracked 
| 147|0x0000000089300000, 0x0000000089300000, 0x0000000089400000|  0%| F|  |TAMS 0x0000000089300000, 0x0000000089300000| Untracked 
| 148|0x0000000089400000, 0x0000000089400000, 0x0000000089500000|  0%| F|  |TAMS 0x0000000089400000, 0x0000000089400000| Untracked 
| 149|0x0000000089500000, 0x0000000089500000, 0x0000000089600000|  0%| F|  |TAMS 0x0000000089500000, 0x0000000089500000| Untracked 
| 150|0x0000000089600000, 0x0000000089600000, 0x0000000089700000|  0%| F|  |TAMS 0x0000000089600000, 0x0000000089600000| Untracked 
| 151|0x0000000089700000, 0x0000000089700000, 0x0000000089800000|  0%| F|  |TAMS 0x0000000089700000, 0x0000000089700000| Untracked 
| 152|0x0000000089800000, 0x0000000089800000, 0x0000000089900000|  0%| F|  |TAMS 0x0000000089800000, 0x0000000089800000| Untracked 
| 153|0x0000000089900000, 0x0000000089900000, 0x0000000089a00000|  0%| F|  |TAMS 0x0000000089900000, 0x0000000089900000| Untracked 
| 154|0x0000000089a00000, 0x0000000089a00000, 0x0000000089b00000|  0%| F|  |TAMS 0x0000000089a00000, 0x0000000089a00000| Untracked 
| 155|0x0000000089b00000, 0x0000000089b00000, 0x0000000089c00000|  0%| F|  |TAMS 0x0000000089b00000, 0x0000000089b00000| Untracked 
| 156|0x0000000089c00000, 0x0000000089c00000, 0x0000000089d00000|  0%| F|  |TAMS 0x0000000089c00000, 0x0000000089c00000| Untracked 
| 157|0x0000000089d00000, 0x0000000089d00000, 0x0000000089e00000|  0%| F|  |TAMS 0x0000000089d00000, 0x0000000089d00000| Untracked 
| 158|0x0000000089e00000, 0x0000000089e00000, 0x0000000089f00000|  0%| F|  |TAMS 0x0000000089e00000, 0x0000000089e00000| Untracked 
| 159|0x0000000089f00000, 0x0000000089f00000, 0x000000008a000000|  0%| F|  |TAMS 0x0000000089f00000, 0x0000000089f00000| Untracked 
| 160|0x000000008a000000, 0x000000008a080b10, 0x000000008a100000| 50%| E|  |TAMS 0x000000008a000000, 0x000000008a000000| Complete 
| 161|0x000000008a100000, 0x000000008a200000, 0x000000008a200000|100%| E|CS|TAMS 0x000000008a100000, 0x000000008a100000| Complete 
| 162|0x000000008a200000, 0x000000008a300000, 0x000000008a300000|100%| E|CS|TAMS 0x000000008a200000, 0x000000008a200000| Complete 
| 163|0x000000008a300000, 0x000000008a400000, 0x000000008a400000|100%| E|CS|TAMS 0x000000008a300000, 0x000000008a300000| Complete 
| 164|0x000000008a400000, 0x000000008a500000, 0x000000008a500000|100%| E|CS|TAMS 0x000000008a400000, 0x000000008a400000| Complete 
| 165|0x000000008a500000, 0x000000008a600000, 0x000000008a600000|100%| E|CS|TAMS 0x000000008a500000, 0x000000008a500000| Complete 
| 166|0x000000008a600000, 0x000000008a700000, 0x000000008a700000|100%| E|CS|TAMS 0x000000008a600000, 0x000000008a600000| Complete 
| 167|0x000000008a700000, 0x000000008a800000, 0x000000008a800000|100%| E|CS|TAMS 0x000000008a700000, 0x000000008a700000| Complete 
| 168|0x000000008a800000, 0x000000008a900000, 0x000000008a900000|100%| E|CS|TAMS 0x000000008a800000, 0x000000008a800000| Complete 
| 169|0x000000008a900000, 0x000000008aa00000, 0x000000008aa00000|100%| E|CS|TAMS 0x000000008a900000, 0x000000008a900000| Complete 
| 170|0x000000008aa00000, 0x000000008ab00000, 0x000000008ab00000|100%| E|CS|TAMS 0x000000008aa00000, 0x000000008aa00000| Complete 
| 171|0x000000008ab00000, 0x000000008ac00000, 0x000000008ac00000|100%| E|CS|TAMS 0x000000008ab00000, 0x000000008ab00000| Complete 
| 172|0x000000008ac00000, 0x000000008ad00000, 0x000000008ad00000|100%| E|CS|TAMS 0x000000008ac00000, 0x000000008ac00000| Complete 
| 173|0x000000008ad00000, 0x000000008ae00000, 0x000000008ae00000|100%| E|CS|TAMS 0x000000008ad00000, 0x000000008ad00000| Complete 
| 174|0x000000008ae00000, 0x000000008af00000, 0x000000008af00000|100%| E|CS|TAMS 0x000000008ae00000, 0x000000008ae00000| Complete 
| 175|0x000000008af00000, 0x000000008b000000, 0x000000008b000000|100%| E|CS|TAMS 0x000000008af00000, 0x000000008af00000| Complete 
| 176|0x000000008b000000, 0x000000008b100000, 0x000000008b100000|100%| E|CS|TAMS 0x000000008b000000, 0x000000008b000000| Complete 
| 177|0x000000008b100000, 0x000000008b200000, 0x000000008b200000|100%| E|CS|TAMS 0x000000008b100000, 0x000000008b100000| Complete 
| 178|0x000000008b200000, 0x000000008b300000, 0x000000008b300000|100%| E|CS|TAMS 0x000000008b200000, 0x000000008b200000| Complete 
| 179|0x000000008b300000, 0x000000008b400000, 0x000000008b400000|100%| E|CS|TAMS 0x000000008b300000, 0x000000008b300000| Complete 
| 180|0x000000008b400000, 0x000000008b500000, 0x000000008b500000|100%| E|CS|TAMS 0x000000008b400000, 0x000000008b400000| Complete 
| 181|0x000000008b500000, 0x000000008b600000, 0x000000008b600000|100%| E|CS|TAMS 0x000000008b500000, 0x000000008b500000| Complete 
| 182|0x000000008b600000, 0x000000008b700000, 0x000000008b700000|100%| E|CS|TAMS 0x000000008b600000, 0x000000008b600000| Complete 
| 183|0x000000008b700000, 0x000000008b800000, 0x000000008b800000|100%| E|CS|TAMS 0x000000008b700000, 0x000000008b700000| Complete 
| 184|0x000000008b800000, 0x000000008b900000, 0x000000008b900000|100%| E|CS|TAMS 0x000000008b800000, 0x000000008b800000| Complete 
| 185|0x000000008b900000, 0x000000008ba00000, 0x000000008ba00000|100%| E|CS|TAMS 0x000000008b900000, 0x000000008b900000| Complete 
| 186|0x000000008ba00000, 0x000000008bb00000, 0x000000008bb00000|100%| E|CS|TAMS 0x000000008ba00000, 0x000000008ba00000| Complete 
| 187|0x000000008bb00000, 0x000000008bc00000, 0x000000008bc00000|100%| E|CS|TAMS 0x000000008bb00000, 0x000000008bb00000| Complete 
| 188|0x000000008bc00000, 0x000000008bd00000, 0x000000008bd00000|100%| E|CS|TAMS 0x000000008bc00000, 0x000000008bc00000| Complete 
| 189|0x000000008bd00000, 0x000000008be00000, 0x000000008be00000|100%| E|CS|TAMS 0x000000008bd00000, 0x000000008bd00000| Complete 
| 190|0x000000008be00000, 0x000000008bf00000, 0x000000008bf00000|100%| E|CS|TAMS 0x000000008be00000, 0x000000008be00000| Complete 
| 191|0x000000008bf00000, 0x000000008c000000, 0x000000008c000000|100%| E|CS|TAMS 0x000000008bf00000, 0x000000008bf00000| Complete 
| 192|0x000000008c000000, 0x000000008c100000, 0x000000008c100000|100%| E|CS|TAMS 0x000000008c000000, 0x000000008c000000| Complete 
| 193|0x000000008c100000, 0x000000008c200000, 0x000000008c200000|100%| E|CS|TAMS 0x000000008c100000, 0x000000008c100000| Complete 
| 194|0x000000008c200000, 0x000000008c300000, 0x000000008c300000|100%| E|CS|TAMS 0x000000008c200000, 0x000000008c200000| Complete 
| 195|0x000000008c300000, 0x000000008c400000, 0x000000008c400000|100%| E|CS|TAMS 0x000000008c300000, 0x000000008c300000| Complete 
| 196|0x000000008c400000, 0x000000008c500000, 0x000000008c500000|100%| E|CS|TAMS 0x000000008c400000, 0x000000008c400000| Complete 
| 197|0x000000008c500000, 0x000000008c600000, 0x000000008c600000|100%| E|CS|TAMS 0x000000008c500000, 0x000000008c500000| Complete 
| 198|0x000000008c600000, 0x000000008c700000, 0x000000008c700000|100%| E|CS|TAMS 0x000000008c600000, 0x000000008c600000| Complete 
| 199|0x000000008c700000, 0x000000008c800000, 0x000000008c800000|100%| E|CS|TAMS 0x000000008c700000, 0x000000008c700000| Complete 
| 200|0x000000008c800000, 0x000000008c900000, 0x000000008c900000|100%| E|CS|TAMS 0x000000008c800000, 0x000000008c800000| Complete 
| 201|0x000000008c900000, 0x000000008ca00000, 0x000000008ca00000|100%| E|CS|TAMS 0x000000008c900000, 0x000000008c900000| Complete 
| 202|0x000000008ca00000, 0x000000008cb00000, 0x000000008cb00000|100%| E|CS|TAMS 0x000000008ca00000, 0x000000008ca00000| Complete 
| 203|0x000000008cb00000, 0x000000008cc00000, 0x000000008cc00000|100%| E|CS|TAMS 0x000000008cb00000, 0x000000008cb00000| Complete 
| 204|0x000000008cc00000, 0x000000008cd00000, 0x000000008cd00000|100%| E|CS|TAMS 0x000000008cc00000, 0x000000008cc00000| Complete 
| 205|0x000000008cd00000, 0x000000008ce00000, 0x000000008ce00000|100%| E|CS|TAMS 0x000000008cd00000, 0x000000008cd00000| Complete 
| 206|0x000000008ce00000, 0x000000008cf00000, 0x000000008cf00000|100%| E|CS|TAMS 0x000000008ce00000, 0x000000008ce00000| Complete 
| 207|0x000000008cf00000, 0x000000008d000000, 0x000000008d000000|100%| E|CS|TAMS 0x000000008cf00000, 0x000000008cf00000| Complete 
| 208|0x000000008d000000, 0x000000008d100000, 0x000000008d100000|100%| E|CS|TAMS 0x000000008d000000, 0x000000008d000000| Complete 
| 209|0x000000008d100000, 0x000000008d200000, 0x000000008d200000|100%| E|CS|TAMS 0x000000008d100000, 0x000000008d100000| Complete 
| 210|0x000000008d200000, 0x000000008d300000, 0x000000008d300000|100%| E|CS|TAMS 0x000000008d200000, 0x000000008d200000| Complete 
| 211|0x000000008d300000, 0x000000008d400000, 0x000000008d400000|100%| E|CS|TAMS 0x000000008d300000, 0x000000008d300000| Complete 
| 212|0x000000008d400000, 0x000000008d500000, 0x000000008d500000|100%| E|CS|TAMS 0x000000008d400000, 0x000000008d400000| Complete 
| 213|0x000000008d500000, 0x000000008d600000, 0x000000008d600000|100%| E|CS|TAMS 0x000000008d500000, 0x000000008d500000| Complete 
| 214|0x000000008d600000, 0x000000008d700000, 0x000000008d700000|100%| E|CS|TAMS 0x000000008d600000, 0x000000008d600000| Complete 
| 215|0x000000008d700000, 0x000000008d800000, 0x000000008d800000|100%| E|CS|TAMS 0x000000008d700000, 0x000000008d700000| Complete 
| 216|0x000000008d800000, 0x000000008d900000, 0x000000008d900000|100%| E|CS|TAMS 0x000000008d800000, 0x000000008d800000| Complete 
| 217|0x000000008d900000, 0x000000008da00000, 0x000000008da00000|100%| E|CS|TAMS 0x000000008d900000, 0x000000008d900000| Complete 
| 218|0x000000008da00000, 0x000000008db00000, 0x000000008db00000|100%| E|CS|TAMS 0x000000008da00000, 0x000000008da00000| Complete 
| 219|0x000000008db00000, 0x000000008dc00000, 0x000000008dc00000|100%| E|CS|TAMS 0x000000008db00000, 0x000000008db00000| Complete 
| 220|0x000000008dc00000, 0x000000008dd00000, 0x000000008dd00000|100%| E|CS|TAMS 0x000000008dc00000, 0x000000008dc00000| Complete 
| 221|0x000000008dd00000, 0x000000008de00000, 0x000000008de00000|100%| E|CS|TAMS 0x000000008dd00000, 0x000000008dd00000| Complete 
| 222|0x000000008de00000, 0x000000008df00000, 0x000000008df00000|100%| E|CS|TAMS 0x000000008de00000, 0x000000008de00000| Complete 
| 223|0x000000008df00000, 0x000000008e000000, 0x000000008e000000|100%| E|CS|TAMS 0x000000008df00000, 0x000000008df00000| Complete 
| 224|0x000000008e000000, 0x000000008e100000, 0x000000008e100000|100%| E|CS|TAMS 0x000000008e000000, 0x000000008e000000| Complete 
| 225|0x000000008e100000, 0x000000008e200000, 0x000000008e200000|100%| E|CS|TAMS 0x000000008e100000, 0x000000008e100000| Complete 
| 226|0x000000008e200000, 0x000000008e300000, 0x000000008e300000|100%| E|CS|TAMS 0x000000008e200000, 0x000000008e200000| Complete 
| 227|0x000000008e300000, 0x000000008e400000, 0x000000008e400000|100%| E|CS|TAMS 0x000000008e300000, 0x000000008e300000| Complete 
| 228|0x000000008e400000, 0x000000008e500000, 0x000000008e500000|100%| E|CS|TAMS 0x000000008e400000, 0x000000008e400000| Complete 
| 229|0x000000008e500000, 0x000000008e600000, 0x000000008e600000|100%| E|CS|TAMS 0x000000008e500000, 0x000000008e500000| Complete 
| 230|0x000000008e600000, 0x000000008e700000, 0x000000008e700000|100%| E|CS|TAMS 0x000000008e600000, 0x000000008e600000| Complete 
| 231|0x000000008e700000, 0x000000008e800000, 0x000000008e800000|100%| E|CS|TAMS 0x000000008e700000, 0x000000008e700000| Complete 
| 232|0x000000008e800000, 0x000000008e900000, 0x000000008e900000|100%| E|CS|TAMS 0x000000008e800000, 0x000000008e800000| Complete 
| 233|0x000000008e900000, 0x000000008ea00000, 0x000000008ea00000|100%| E|CS|TAMS 0x000000008e900000, 0x000000008e900000| Complete 
| 234|0x000000008ea00000, 0x000000008eb00000, 0x000000008eb00000|100%| E|CS|TAMS 0x000000008ea00000, 0x000000008ea00000| Complete 
| 235|0x000000008eb00000, 0x000000008ec00000, 0x000000008ec00000|100%| E|CS|TAMS 0x000000008eb00000, 0x000000008eb00000| Complete 
| 236|0x000000008ec00000, 0x000000008ed00000, 0x000000008ed00000|100%| E|CS|TAMS 0x000000008ec00000, 0x000000008ec00000| Complete 
| 237|0x000000008ed00000, 0x000000008ee00000, 0x000000008ee00000|100%| E|CS|TAMS 0x000000008ed00000, 0x000000008ed00000| Complete 
| 238|0x000000008ee00000, 0x000000008ef00000, 0x000000008ef00000|100%| E|CS|TAMS 0x000000008ee00000, 0x000000008ee00000| Complete 
| 239|0x000000008ef00000, 0x000000008f000000, 0x000000008f000000|100%| E|CS|TAMS 0x000000008ef00000, 0x000000008ef00000| Complete 
| 240|0x000000008f000000, 0x000000008f100000, 0x000000008f100000|100%| E|CS|TAMS 0x000000008f000000, 0x000000008f000000| Complete 
| 241|0x000000008f100000, 0x000000008f200000, 0x000000008f200000|100%| E|CS|TAMS 0x000000008f100000, 0x000000008f100000| Complete 
| 242|0x000000008f200000, 0x000000008f300000, 0x000000008f300000|100%| E|CS|TAMS 0x000000008f200000, 0x000000008f200000| Complete 
| 243|0x000000008f300000, 0x000000008f400000, 0x000000008f400000|100%| E|CS|TAMS 0x000000008f300000, 0x000000008f300000| Complete 
| 244|0x000000008f400000, 0x000000008f500000, 0x000000008f500000|100%| E|CS|TAMS 0x000000008f400000, 0x000000008f400000| Complete 
| 245|0x000000008f500000, 0x000000008f600000, 0x000000008f600000|100%| E|CS|TAMS 0x000000008f500000, 0x000000008f500000| Complete 
| 246|0x000000008f600000, 0x000000008f700000, 0x000000008f700000|100%| E|CS|TAMS 0x000000008f600000, 0x000000008f600000| Complete 
| 247|0x000000008f700000, 0x000000008f800000, 0x000000008f800000|100%| E|CS|TAMS 0x000000008f700000, 0x000000008f700000| Complete 
| 248|0x000000008f800000, 0x000000008f900000, 0x000000008f900000|100%| E|CS|TAMS 0x000000008f800000, 0x000000008f800000| Complete 
| 249|0x000000008f900000, 0x000000008fa00000, 0x000000008fa00000|100%| E|CS|TAMS 0x000000008f900000, 0x000000008f900000| Complete 
| 250|0x000000008fa00000, 0x000000008fb00000, 0x000000008fb00000|100%| E|CS|TAMS 0x000000008fa00000, 0x000000008fa00000| Complete 
| 251|0x000000008fb00000, 0x000000008fc00000, 0x000000008fc00000|100%| E|CS|TAMS 0x000000008fb00000, 0x000000008fb00000| Complete 
| 252|0x000000008fc00000, 0x000000008fd00000, 0x000000008fd00000|100%| E|CS|TAMS 0x000000008fc00000, 0x000000008fc00000| Complete 
| 253|0x000000008fd00000, 0x000000008fe00000, 0x000000008fe00000|100%| E|CS|TAMS 0x000000008fd00000, 0x000000008fd00000| Complete 
| 254|0x000000008fe00000, 0x000000008ff00000, 0x000000008ff00000|100%| E|CS|TAMS 0x000000008fe00000, 0x000000008fe00000| Complete 
| 255|0x000000008ff00000, 0x0000000090000000, 0x0000000090000000|100%| E|CS|TAMS 0x000000008ff00000, 0x000000008ff00000| Complete 
| 256|0x0000000090000000, 0x0000000090100000, 0x0000000090100000|100%| E|CS|TAMS 0x0000000090000000, 0x0000000090000000| Complete 
| 257|0x0000000090100000, 0x0000000090200000, 0x0000000090200000|100%| E|CS|TAMS 0x0000000090100000, 0x0000000090100000| Complete 
| 258|0x0000000090200000, 0x0000000090300000, 0x0000000090300000|100%| E|CS|TAMS 0x0000000090200000, 0x0000000090200000| Complete 
| 259|0x0000000090300000, 0x0000000090400000, 0x0000000090400000|100%| E|CS|TAMS 0x0000000090300000, 0x0000000090300000| Complete 
| 260|0x0000000090400000, 0x0000000090500000, 0x0000000090500000|100%| E|CS|TAMS 0x0000000090400000, 0x0000000090400000| Complete 
| 261|0x0000000090500000, 0x0000000090600000, 0x0000000090600000|100%| E|CS|TAMS 0x0000000090500000, 0x0000000090500000| Complete 
| 262|0x0000000090600000, 0x0000000090700000, 0x0000000090700000|100%| E|CS|TAMS 0x0000000090600000, 0x0000000090600000| Complete 
| 263|0x0000000090700000, 0x0000000090800000, 0x0000000090800000|100%| E|CS|TAMS 0x0000000090700000, 0x0000000090700000| Complete 
| 264|0x0000000090800000, 0x0000000090900000, 0x0000000090900000|100%| E|CS|TAMS 0x0000000090800000, 0x0000000090800000| Complete 
| 265|0x0000000090900000, 0x0000000090a00000, 0x0000000090a00000|100%| E|CS|TAMS 0x0000000090900000, 0x0000000090900000| Complete 
| 266|0x0000000090a00000, 0x0000000090b00000, 0x0000000090b00000|100%| E|CS|TAMS 0x0000000090a00000, 0x0000000090a00000| Complete 
| 267|0x0000000090b00000, 0x0000000090c00000, 0x0000000090c00000|100%| E|CS|TAMS 0x0000000090b00000, 0x0000000090b00000| Complete 
| 268|0x0000000090c00000, 0x0000000090d00000, 0x0000000090d00000|100%| E|CS|TAMS 0x0000000090c00000, 0x0000000090c00000| Complete 
| 269|0x0000000090d00000, 0x0000000090e00000, 0x0000000090e00000|100%| E|CS|TAMS 0x0000000090d00000, 0x0000000090d00000| Complete 
| 270|0x0000000090e00000, 0x0000000090f00000, 0x0000000090f00000|100%| E|CS|TAMS 0x0000000090e00000, 0x0000000090e00000| Complete 
| 271|0x0000000090f00000, 0x0000000091000000, 0x0000000091000000|100%| E|CS|TAMS 0x0000000090f00000, 0x0000000090f00000| Complete 
| 272|0x0000000091000000, 0x0000000091100000, 0x0000000091100000|100%| E|CS|TAMS 0x0000000091000000, 0x0000000091000000| Complete 

Card table byte_map: [0x000002a37a590000,0x000002a37a990000] _byte_map_base: 0x000002a37a190000

Marking Bits (Prev, Next): (CMBitMap*) 0x000002a3763a7d38, (CMBitMap*) 0x000002a3763a7d70
 Prev Bits: [0x000002a37ad90000, 0x000002a37cd90000)
 Next Bits: [0x000002a37cd90000, 0x000002a37ed90000)

Polling page: 0x000002a374320000

Metaspace:

Usage:
  Non-class:     60.11 MB capacity,    58.90 MB ( 98%) used,     1.02 MB (  2%) free+waste,   190.50 KB ( <1%) overhead. 
      Class:      8.87 MB capacity,     8.27 MB ( 93%) used,   523.35 KB (  6%) free+waste,    87.13 KB ( <1%) overhead. 
       Both:     68.98 MB capacity,    67.18 MB ( 97%) used,     1.53 MB (  2%) free+waste,   277.63 KB ( <1%) overhead. 

Virtual space:
  Non-class space:       62.00 MB reserved,      60.25 MB ( 97%) committed 
      Class space:        1.00 GB reserved,       8.95 MB ( <1%) committed 
             Both:        1.06 GB reserved,      69.20 MB (  6%) committed 

Chunk freelists:
   Non-Class:  17.00 KB
       Class:  0 bytes
        Both:  17.00 KB

MaxMetaspaceSize: 17179869184.00 GB
CompressedClassSpaceSize: 1.00 GB
Initial GC threshold: 20.80 MB
Current GC threshold: 110.75 MB
CDS: off

CodeHeap 'non-profiled nmethods': size=120000Kb used=9580Kb max_used=9580Kb free=110419Kb
 bounds [0x000002a307ad0000, 0x000002a308430000, 0x000002a30f000000]
CodeHeap 'profiled nmethods': size=120000Kb used=25833Kb max_used=27287Kb free=94166Kb
 bounds [0x000002a3005a0000, 0x000002a302050000, 0x000002a307ad0000]
CodeHeap 'non-nmethods': size=5760Kb used=2368Kb max_used=2447Kb free=3391Kb
 bounds [0x000002a300000000, 0x000002a300280000, 0x000002a3005a0000]
 total_blobs=12502 nmethods=11632 adapters=782
 compilation: enabled
              stopped_count=0, restarted_count=0
 full_count=0

Compilation events (20 events):
Event: 208.905 Thread 0x000002a317559000 12550       4       java.util.HashMap$HashMapSpliterator::<init> (32 bytes)
Event: 208.908 Thread 0x000002a317559000 nmethod 12550 0x000002a307b44990 code [0x000002a307b44b20, 0x000002a307b44c78]
Event: 208.908 Thread 0x000002a317559000 12541       4       java.lang.String::<init> (127 bytes)
Event: 208.914 Thread 0x000002a317559000 nmethod 12541 0x000002a307c5d090 code [0x000002a307c5d240, 0x000002a307c5d658]
Event: 208.914 Thread 0x000002a317559000 12557       4       java.util.HashMap$HashMapSpliterator::estimateSize (11 bytes)
Event: 208.914 Thread 0x000002a317559000 nmethod 12557 0x000002a307b0cb90 code [0x000002a307b0cd20, 0x000002a307b0cdd8]
Event: 208.915 Thread 0x000002a317559000 12546       4       java.util.stream.SortedOps$RefSortingSink$$Lambda$555/0x00000001006bb040::accept (11 bytes)
Event: 208.915 Thread 0x000002a317559000 nmethod 12546 0x000002a307b24c10 code [0x000002a307b24da0, 0x000002a307b24e38]
Event: 208.915 Thread 0x000002a317559000 12551       4       java.util.LinkedHashMap$LinkedEntrySet::size (8 bytes)
Event: 208.915 Thread 0x000002a317559000 nmethod 12551 0x000002a307c12e10 code [0x000002a307c12fa0, 0x000002a307c13018]
Event: 208.917 Thread 0x000002a317559000 12560       4       java.util.HashMap$EntrySpliterator::characteristics (30 bytes)
Event: 208.918 Thread 0x000002a317559000 nmethod 12560 0x000002a307c5cd90 code [0x000002a307c5cf20, 0x000002a307c5cf98]
Event: 208.918 Thread 0x000002a317559000 12561       4       java.util.HashMap$EntrySpliterator::forEachRemaining (183 bytes)
Event: 208.924 Thread 0x000002a317559000 nmethod 12561 0x000002a307c5c490 code [0x000002a307c5c640, 0x000002a307c5ca18]
Event: 208.924 Thread 0x000002a317559000 12563       4       java.util.TimSort::sort (229 bytes)
Event: 209.080 Thread 0x000002a37f81a800 nmethod 12539 0x000002a30841f690 code [0x000002a30841fa20, 0x000002a308423dc8]
Event: 209.116 Thread 0x000002a317559000 nmethod 12563 0x000002a308425f10 code [0x000002a3084262e0, 0x000002a30842ae98]
Event: 209.264 Thread 0x000002a37f872000 12565       3       java.util.ComparableTimSort::countRunAndMakeAscending (123 bytes)
Event: 209.265 Thread 0x000002a37f872000 nmethod 12565 0x000002a300675e90 code [0x000002a300676100, 0x000002a300676f28]
Event: 209.466 Thread 0x000002a37f81a800 12566       4       java.util.ComparableTimSort::mergeLo (656 bytes)

GC Heap History (20 events):
Event: 191.760 GC heap before
{Heap before GC invocations=97 (full 0):
 garbage-first heap   total 279552K, used 242504K [0x0000000080000000, 0x0000000100000000)
  region size 1024K, 160 young (163840K), 6 survivors (6144K)
 Metaspace       used 68735K, capacity 70557K, committed 70860K, reserved 1112064K
  class space    used 8471K, capacity 9081K, committed 9164K, reserved 1048576K
}
Event: 191.768 GC heap after
{Heap after GC invocations=98 (full 0):
 garbage-first heap   total 279552K, used 85113K [0x0000000080000000, 0x0000000100000000)
  region size 1024K, 6 young (6144K), 6 survivors (6144K)
 Metaspace       used 68735K, capacity 70557K, committed 70860K, reserved 1112064K
  class space    used 8471K, capacity 9081K, committed 9164K, reserved 1048576K
}
Event: 192.049 GC heap before
{Heap before GC invocations=98 (full 0):
 garbage-first heap   total 279552K, used 242809K [0x0000000080000000, 0x0000000100000000)
  region size 1024K, 160 young (163840K), 6 survivors (6144K)
 Metaspace       used 68735K, capacity 70557K, committed 70860K, reserved 1112064K
  class space    used 8471K, capacity 9081K, committed 9164K, reserved 1048576K
}
Event: 192.054 GC heap after
{Heap after GC invocations=99 (full 0):
 garbage-first heap   total 279552K, used 85835K [0x0000000080000000, 0x0000000100000000)
  region size 1024K, 7 young (7168K), 7 survivors (7168K)
 Metaspace       used 68735K, capacity 70557K, committed 70860K, reserved 1112064K
  class space    used 8471K, capacity 9081K, committed 9164K, reserved 1048576K
}
Event: 192.407 GC heap before
{Heap before GC invocations=99 (full 0):
 garbage-first heap   total 279552K, used 242507K [0x0000000080000000, 0x0000000100000000)
  region size 1024K, 160 young (163840K), 7 survivors (7168K)
 Metaspace       used 68735K, capacity 70557K, committed 70860K, reserved 1112064K
  class space    used 8471K, capacity 9081K, committed 9164K, reserved 1048576K
}
Event: 192.411 GC heap after
{Heap after GC invocations=100 (full 0):
 garbage-first heap   total 279552K, used 86933K [0x0000000080000000, 0x0000000100000000)
  region size 1024K, 8 young (8192K), 8 survivors (8192K)
 Metaspace       used 68735K, capacity 70557K, committed 70860K, reserved 1112064K
  class space    used 8471K, capacity 9081K, committed 9164K, reserved 1048576K
}
Event: 192.771 GC heap before
{Heap before GC invocations=100 (full 0):
 garbage-first heap   total 279552K, used 241557K [0x0000000080000000, 0x0000000100000000)
  region size 1024K, 159 young (162816K), 8 survivors (8192K)
 Metaspace       used 68735K, capacity 70557K, committed 70860K, reserved 1112064K
  class space    used 8471K, capacity 9081K, committed 9164K, reserved 1048576K
}
Event: 192.776 GC heap after
{Heap after GC invocations=101 (full 0):
 garbage-first heap   total 279552K, used 87363K [0x0000000080000000, 0x0000000100000000)
  region size 1024K, 8 young (8192K), 8 survivors (8192K)
 Metaspace       used 68735K, capacity 70557K, committed 70860K, reserved 1112064K
  class space    used 8471K, capacity 9081K, committed 9164K, reserved 1048576K
}
Event: 204.034 GC heap before
{Heap before GC invocations=101 (full 0):
 garbage-first heap   total 279552K, used 243011K [0x0000000080000000, 0x0000000100000000)
  region size 1024K, 159 young (162816K), 8 survivors (8192K)
 Metaspace       used 68766K, capacity 70568K, committed 70860K, reserved 1112064K
  class space    used 8472K, capacity 9083K, committed 9164K, reserved 1048576K
}
Event: 204.038 GC heap after
{Heap after GC invocations=102 (full 0):
 garbage-first heap   total 279552K, used 79594K [0x0000000080000000, 0x0000000100000000)
  region size 1024K, 2 young (2048K), 2 survivors (2048K)
 Metaspace       used 68766K, capacity 70568K, committed 70860K, reserved 1112064K
  class space    used 8472K, capacity 9083K, committed 9164K, reserved 1048576K
}
Event: 204.900 GC heap before
{Heap before GC invocations=102 (full 0):
 garbage-first heap   total 279552K, used 244458K [0x0000000080000000, 0x0000000100000000)
  region size 1024K, 162 young (165888K), 2 survivors (2048K)
 Metaspace       used 68766K, capacity 70568K, committed 70860K, reserved 1112064K
  class space    used 8472K, capacity 9083K, committed 9164K, reserved 1048576K
}
Event: 204.903 GC heap after
{Heap after GC invocations=103 (full 0):
 garbage-first heap   total 279552K, used 79022K [0x0000000080000000, 0x0000000100000000)
  region size 1024K, 2 young (2048K), 2 survivors (2048K)
 Metaspace       used 68766K, capacity 70568K, committed 70860K, reserved 1112064K
  class space    used 8472K, capacity 9083K, committed 9164K, reserved 1048576K
}
Event: 205.683 GC heap before
{Heap before GC invocations=103 (full 0):
 garbage-first heap   total 279552K, used 243886K [0x0000000080000000, 0x0000000100000000)
  region size 1024K, 163 young (166912K), 2 survivors (2048K)
 Metaspace       used 68790K, capacity 70634K, committed 70860K, reserved 1112064K
  class space    used 8472K, capacity 9083K, committed 9164K, reserved 1048576K
}
Event: 205.685 GC heap after
{Heap after GC invocations=104 (full 0):
 garbage-first heap   total 279552K, used 77954K [0x0000000080000000, 0x0000000100000000)
  region size 1024K, 2 young (2048K), 2 survivors (2048K)
 Metaspace       used 68790K, capacity 70634K, committed 70860K, reserved 1112064K
  class space    used 8472K, capacity 9083K, committed 9164K, reserved 1048576K
}
Event: 206.834 GC heap before
{Heap before GC invocations=104 (full 0):
 garbage-first heap   total 279552K, used 245890K [0x0000000080000000, 0x0000000100000000)
  region size 1024K, 163 young (166912K), 2 survivors (2048K)
 Metaspace       used 68791K, capacity 70634K, committed 70860K, reserved 1112064K
  class space    used 8472K, capacity 9083K, committed 9164K, reserved 1048576K
}
Event: 206.837 GC heap after
{Heap after GC invocations=105 (full 0):
 garbage-first heap   total 279552K, used 81709K [0x0000000080000000, 0x0000000100000000)
  region size 1024K, 2 young (2048K), 2 survivors (2048K)
 Metaspace       used 68791K, capacity 70634K, committed 70860K, reserved 1112064K
  class space    used 8472K, capacity 9083K, committed 9164K, reserved 1048576K
}
Event: 207.652 GC heap before
{Heap before GC invocations=105 (full 0):
 garbage-first heap   total 279552K, used 245549K [0x0000000080000000, 0x0000000100000000)
  region size 1024K, 162 young (165888K), 2 survivors (2048K)
 Metaspace       used 68791K, capacity 70634K, committed 70860K, reserved 1112064K
  class space    used 8472K, capacity 9083K, committed 9164K, reserved 1048576K
}
Event: 207.657 GC heap after
{Heap after GC invocations=106 (full 0):
 garbage-first heap   total 279552K, used 83993K [0x0000000080000000, 0x0000000100000000)
  region size 1024K, 5 young (5120K), 5 survivors (5120K)
 Metaspace       used 68791K, capacity 70634K, committed 70860K, reserved 1112064K
  class space    used 8472K, capacity 9083K, committed 9164K, reserved 1048576K
}
Event: 209.053 GC heap before
{Heap before GC invocations=106 (full 0):
 garbage-first heap   total 279552K, used 243737K [0x0000000080000000, 0x0000000100000000)
  region size 1024K, 162 young (165888K), 5 survivors (5120K)
 Metaspace       used 68791K, capacity 70634K, committed 70860K, reserved 1112064K
  class space    used 8472K, capacity 9083K, committed 9164K, reserved 1048576K
}
Event: 209.055 GC heap after
{Heap after GC invocations=107 (full 0):
 garbage-first heap   total 279552K, used 78254K [0x0000000080000000, 0x0000000100000000)
  region size 1024K, 2 young (2048K), 2 survivors (2048K)
 Metaspace       used 68791K, capacity 70634K, committed 70860K, reserved 1112064K
  class space    used 8472K, capacity 9083K, committed 9164K, reserved 1048576K
}

Deoptimization events (20 events):
Event: 208.873 Thread 0x000002a31203f800 DEOPT PACKING pc=0x000002a3007571d7 sp=0x000000bb856f88f0
Event: 208.873 Thread 0x000002a31203f800 DEOPT UNPACKING pc=0x000002a300049d0e sp=0x000000bb856f7ea0 mode 0
Event: 208.889 Thread 0x000002a31203f800 DEOPT PACKING pc=0x000002a3010b0ae2 sp=0x000000bb856f89a0
Event: 208.889 Thread 0x000002a31203f800 DEOPT UNPACKING pc=0x000002a300049d0e sp=0x000000bb856f7e38 mode 0
Event: 209.290 Thread 0x000002a31203f800 Uncommon trap: trap_request=0xffffffbe fr.pc=0x000002a308429810 relative=0x0000000000003530
Event: 209.290 Thread 0x000002a31203f800 Uncommon trap: reason=profile_predicate action=maybe_recompile pc=0x000002a308429810 method=java.util.TimSort.binarySort([Ljava/lang/Object;IIILjava/util/Comparator;)V @ 73 c2
Event: 209.290 Thread 0x000002a31203f800 DEOPT PACKING pc=0x000002a308429810 sp=0x000000bb856f8760
Event: 209.290 Thread 0x000002a31203f800 DEOPT UNPACKING pc=0x000002a3000085af sp=0x000000bb856f8698 mode 2
Event: 209.295 Thread 0x000002a31203f800 Uncommon trap: trap_request=0xffffffbe fr.pc=0x000002a308429810 relative=0x0000000000003530
Event: 209.295 Thread 0x000002a31203f800 Uncommon trap: reason=profile_predicate action=maybe_recompile pc=0x000002a308429810 method=java.util.TimSort.binarySort([Ljava/lang/Object;IIILjava/util/Comparator;)V @ 73 c2
Event: 209.295 Thread 0x000002a31203f800 DEOPT PACKING pc=0x000002a308429810 sp=0x000000bb856f8760
Event: 209.295 Thread 0x000002a31203f800 DEOPT UNPACKING pc=0x000002a3000085af sp=0x000000bb856f8698 mode 2
Event: 209.390 Thread 0x000002a31203f800 Uncommon trap: trap_request=0xffffffbe fr.pc=0x000002a308429810 relative=0x0000000000003530
Event: 209.390 Thread 0x000002a31203f800 Uncommon trap: reason=profile_predicate action=maybe_recompile pc=0x000002a308429810 method=java.util.TimSort.binarySort([Ljava/lang/Object;IIILjava/util/Comparator;)V @ 73 c2
Event: 209.390 Thread 0x000002a31203f800 DEOPT PACKING pc=0x000002a308429810 sp=0x000000bb856f8760
Event: 209.390 Thread 0x000002a31203f800 DEOPT UNPACKING pc=0x000002a3000085af sp=0x000000bb856f8698 mode 2
Event: 209.390 Thread 0x000002a31203f800 Uncommon trap: trap_request=0xffffffbe fr.pc=0x000002a308429810 relative=0x0000000000003530
Event: 209.390 Thread 0x000002a31203f800 Uncommon trap: reason=profile_predicate action=maybe_recompile pc=0x000002a308429810 method=java.util.TimSort.binarySort([Ljava/lang/Object;IIILjava/util/Comparator;)V @ 73 c2
Event: 209.390 Thread 0x000002a31203f800 DEOPT PACKING pc=0x000002a308429810 sp=0x000000bb856f8760
Event: 209.391 Thread 0x000002a31203f800 DEOPT UNPACKING pc=0x000002a3000085af sp=0x000000bb856f8698 mode 2

Classes redefined (0 events):
No events

Internal exceptions (20 events):
Event: 187.571 Thread 0x000002a3135f8800 Exception <a 'sun/nio/fs/WindowsException'{0x0000000090f0e6d0}> (0x0000000090f0e6d0) thrown at [./src/hotspot/share/prims/jni.cpp, line 615]
Event: 187.571 Thread 0x000002a3135f7000 Exception <a 'sun/nio/fs/WindowsException'{0x0000000090edc0d0}> (0x0000000090edc0d0) thrown at [./src/hotspot/share/prims/jni.cpp, line 615]
Event: 187.593 Thread 0x000002a3135f8800 Exception <a 'sun/nio/fs/WindowsException'{0x000000008fa8bb40}> (0x000000008fa8bb40) thrown at [./src/hotspot/share/prims/jni.cpp, line 615]
Event: 187.595 Thread 0x000002a3135f7800 Exception <a 'sun/nio/fs/WindowsException'{0x0000000090af72a0}> (0x0000000090af72a0) thrown at [./src/hotspot/share/prims/jni.cpp, line 615]
Event: 187.596 Thread 0x000002a3135f8800 Exception <a 'sun/nio/fs/WindowsException'{0x000000008fa8bd00}> (0x000000008fa8bd00) thrown at [./src/hotspot/share/prims/jni.cpp, line 615]
Event: 187.599 Thread 0x000002a3135fa000 Exception <a 'sun/nio/fs/WindowsException'{0x0000000090eab558}> (0x0000000090eab558) thrown at [./src/hotspot/share/prims/jni.cpp, line 615]
Event: 187.642 Thread 0x000002a3135fa000 Exception <a 'sun/nio/fs/WindowsException'{0x000000008d683340}> (0x000000008d683340) thrown at [./src/hotspot/share/prims/jni.cpp, line 615]
Event: 187.646 Thread 0x000002a3135fa000 Exception <a 'sun/nio/fs/WindowsException'{0x000000008d6834d8}> (0x000000008d6834d8) thrown at [./src/hotspot/share/prims/jni.cpp, line 615]
Event: 187.685 Thread 0x000002a311d8b800 Exception <a 'sun/nio/fs/WindowsException'{0x000000008c1d0840}> (0x000000008c1d0840) thrown at [./src/hotspot/share/prims/jni.cpp, line 615]
Event: 187.689 Thread 0x000002a311d8b800 Exception <a 'sun/nio/fs/WindowsException'{0x000000008c1d09f8}> (0x000000008c1d09f8) thrown at [./src/hotspot/share/prims/jni.cpp, line 615]
Event: 187.729 Thread 0x000002a3135f7000 Exception <a 'sun/nio/fs/WindowsException'{0x000000008acecdb0}> (0x000000008acecdb0) thrown at [./src/hotspot/share/prims/jni.cpp, line 615]
Event: 187.734 Thread 0x000002a3135f7000 Exception <a 'sun/nio/fs/WindowsException'{0x000000008acecf58}> (0x000000008acecf58) thrown at [./src/hotspot/share/prims/jni.cpp, line 615]
Event: 188.082 Thread 0x000002a3135f7800 Exception <a 'sun/nio/fs/WindowsException'{0x000000008d9fdef0}> (0x000000008d9fdef0) thrown at [./src/hotspot/share/prims/jni.cpp, line 615]
Event: 188.091 Thread 0x000002a3135f7800 Exception <a 'sun/nio/fs/WindowsException'{0x000000008d9fe098}> (0x000000008d9fe098) thrown at [./src/hotspot/share/prims/jni.cpp, line 615]
Event: 188.116 Thread 0x000002a3135f9800 Exception <a 'sun/nio/fs/WindowsException'{0x000000008c317478}> (0x000000008c317478) thrown at [./src/hotspot/share/prims/jni.cpp, line 615]
Event: 188.117 Thread 0x000002a3135f9800 Exception <a 'sun/nio/fs/WindowsException'{0x000000008c317630}> (0x000000008c317630) thrown at [./src/hotspot/share/prims/jni.cpp, line 615]
Event: 191.147 Thread 0x000002a3135fb000 Exception <a 'sun/nio/fs/WindowsException'{0x000000008e683840}> (0x000000008e683840) thrown at [./src/hotspot/share/prims/jni.cpp, line 615]
Event: 191.148 Thread 0x000002a3135fb000 Exception <a 'sun/nio/fs/WindowsException'{0x000000008e6839d0}> (0x000000008e6839d0) thrown at [./src/hotspot/share/prims/jni.cpp, line 615]
Event: 192.918 Thread 0x000002a311d8c800 Exception <a 'sun/nio/fs/WindowsException'{0x000000008e1bdba0}> (0x000000008e1bdba0) thrown at [./src/hotspot/share/prims/jni.cpp, line 615]
Event: 192.920 Thread 0x000002a311d8c800 Exception <a 'sun/nio/fs/WindowsException'{0x000000008e1bdd80}> (0x000000008e1bdd80) thrown at [./src/hotspot/share/prims/jni.cpp, line 615]

Events (20 events):
Event: 192.935 loading class org/gradle/plugin/use/internal/DefaultPluginRequestApplicator$Result
Event: 192.935 loading class org/gradle/plugin/use/internal/DefaultPluginRequestApplicator$Result done
Event: 192.937 loading class org/gradle/plugin/use/internal/DefaultPluginRequestApplicator$Result
Event: 192.937 loading class org/gradle/plugin/use/internal/DefaultPluginRequestApplicator$Result done
Event: 204.034 Executing VM operation: G1CollectForAllocation
Event: 204.038 Executing VM operation: G1CollectForAllocation done
Event: 204.900 Executing VM operation: G1CollectForAllocation
Event: 204.903 Executing VM operation: G1CollectForAllocation done
Event: 205.413 Thread 0x000002a31928f800 Thread added: 0x000002a31928f800
Event: 205.683 Executing VM operation: G1CollectForAllocation
Event: 205.685 Executing VM operation: G1CollectForAllocation done
Event: 206.224 Thread 0x000002a31928f800 Thread exited: 0x000002a31928f800
Event: 206.834 Executing VM operation: G1CollectForAllocation
Event: 206.837 Executing VM operation: G1CollectForAllocation done
Event: 207.651 Executing VM operation: G1CollectForAllocation
Event: 207.657 Executing VM operation: G1CollectForAllocation done
Event: 208.889 Thread 0x000002a317559000 Thread added: 0x000002a317559000
Event: 209.053 Executing VM operation: G1CollectForAllocation
Event: 209.055 Executing VM operation: G1CollectForAllocation done
Event: 209.264 Thread 0x000002a317559000 Thread exited: 0x000002a317559000


Dynamic libraries:
0x00007ff74c9e0000 - 0x00007ff74c9ea000 	C:\Program Files\Android\Android Studio\jre\bin\java.exe
0x00007ffd671a0000 - 0x00007ffd673a9000 	C:\Windows\SYSTEM32\ntdll.dll
0x00007ffd31a00000 - 0x00007ffd31a17000 	C:\Program Files\Avast Software\Avast\aswhook.dll
0x00007ffd663f0000 - 0x00007ffd664ad000 	C:\Windows\System32\KERNEL32.DLL
0x00007ffd64ad0000 - 0x00007ffd64e4d000 	C:\Windows\System32\KERNELBASE.dll
0x00007ffd60bb0000 - 0x00007ffd60c41000 	C:\Windows\SYSTEM32\apphelp.dll
0x00007ffd64720000 - 0x00007ffd64831000 	C:\Windows\System32\ucrtbase.dll
0x00007ffd4cd90000 - 0x00007ffd4cda9000 	C:\Program Files\Android\Android Studio\jre\bin\jli.dll
0x00007ffd52600000 - 0x00007ffd52617000 	C:\Program Files\Android\Android Studio\jre\bin\VCRUNTIME140.dll
0x00007ffd65780000 - 0x00007ffd6592d000 	C:\Windows\System32\USER32.dll
0x00007ffd646f0000 - 0x00007ffd64716000 	C:\Windows\System32\win32u.dll
0x00007ffd65af0000 - 0x00007ffd65b19000 	C:\Windows\System32\GDI32.dll
0x00007ffd64840000 - 0x00007ffd64958000 	C:\Windows\System32\gdi32full.dll
0x00007ffd64ed0000 - 0x00007ffd64f6d000 	C:\Windows\System32\msvcp_win.dll
0x00007ffd63910000 - 0x00007ffd63bb5000 	C:\Windows\WinSxS\amd64_microsoft.windows.common-controls_6595b64144ccf1df_6.0.22000.120_none_9d947278b86cc467\COMCTL32.dll
0x00007ffd65410000 - 0x00007ffd654b3000 	C:\Windows\System32\msvcrt.dll
0x00007ffd65f40000 - 0x00007ffd65f71000 	C:\Windows\System32\IMM32.DLL
0x00007ffd433f0000 - 0x00007ffd4348d000 	C:\Program Files\Android\Android Studio\jre\bin\msvcp140.dll
0x00007ffd00890000 - 0x00007ffd01375000 	C:\Program Files\Android\Android Studio\jre\bin\server\jvm.dll
0x00007ffd66f00000 - 0x00007ffd66fae000 	C:\Windows\System32\ADVAPI32.dll
0x00007ffd656e0000 - 0x00007ffd6577e000 	C:\Windows\System32\sechost.dll
0x00007ffd65e20000 - 0x00007ffd65f40000 	C:\Windows\System32\RPCRT4.dll
0x00007ffd67150000 - 0x00007ffd67158000 	C:\Windows\System32\PSAPI.DLL
0x00007ffd5b6d0000 - 0x00007ffd5b703000 	C:\Windows\SYSTEM32\WINMM.dll
0x00007ffd63710000 - 0x00007ffd6371a000 	C:\Windows\SYSTEM32\VERSION.dll
0x00007ffd51dd0000 - 0x00007ffd51dd9000 	C:\Windows\SYSTEM32\WSOCK32.dll
0x00007ffd65b20000 - 0x00007ffd65b8f000 	C:\Windows\System32\ws2_32.DLL
0x00007ffd628e0000 - 0x00007ffd628f8000 	C:\Windows\SYSTEM32\kernel.appcore.dll
0x00007ffd522e0000 - 0x00007ffd522f1000 	C:\Program Files\Android\Android Studio\jre\bin\verify.dll
0x00007ffd63fd0000 - 0x00007ffd641f1000 	C:\Windows\SYSTEM32\DBGHELP.DLL
0x00007ffd63ea0000 - 0x00007ffd63ed1000 	C:\Windows\SYSTEM32\dbgcore.DLL
0x00007ffd64e50000 - 0x00007ffd64ecf000 	C:\Windows\System32\bcryptPrimitives.dll
0x00007ffd4dd60000 - 0x00007ffd4dd89000 	C:\Program Files\Android\Android Studio\jre\bin\java.dll
0x00007ffd63230000 - 0x00007ffd6323b000 	C:\Program Files\Android\Android Studio\jre\bin\jimage.dll
0x00007ffd4ddf0000 - 0x00007ffd4de08000 	C:\Program Files\Android\Android Studio\jre\bin\zip.dll
0x00007ffd66540000 - 0x00007ffd66cf8000 	C:\Windows\System32\SHELL32.dll
0x00007ffd618d0000 - 0x00007ffd62138000 	C:\Windows\SYSTEM32\windows.storage.dll
0x00007ffd65090000 - 0x00007ffd65409000 	C:\Windows\System32\combase.dll
0x00007ffd61760000 - 0x00007ffd618c6000 	C:\Windows\SYSTEM32\wintypes.dll
0x00007ffd66d00000 - 0x00007ffd66dea000 	C:\Windows\System32\SHCORE.dll
0x00007ffd654c0000 - 0x00007ffd6551d000 	C:\Windows\System32\shlwapi.dll
0x00007ffd645b0000 - 0x00007ffd645d1000 	C:\Windows\SYSTEM32\profapi.dll
0x00007ffd4cde0000 - 0x00007ffd4cdfa000 	C:\Program Files\Android\Android Studio\jre\bin\net.dll
0x00007ffd59320000 - 0x00007ffd5942c000 	C:\Windows\SYSTEM32\WINHTTP.dll
0x00007ffd63530000 - 0x00007ffd63597000 	C:\Windows\system32\mswsock.dll
0x00007ffd4cd00000 - 0x00007ffd4cd14000 	C:\Program Files\Android\Android Studio\jre\bin\nio.dll
0x00007ffd51ea0000 - 0x00007ffd51ec7000 	C:\Users\angel\.gradle\native\e1d6ef7f7dcc3fd88c89a11ec53ec762bb8ba0a96d01ffa2cd45eb1d1d8dd5c5\windows-amd64\native-platform.dll
0x00007ffd00740000 - 0x00007ffd00884000 	C:\Users\angel\.gradle\native\5664cfc778a61ccfe75a443a1ab52a65af34e5dc3c78e0209fed803814484fcb\windows-amd64\native-platform-file-events.dll
0x00007ffd52390000 - 0x00007ffd5239a000 	C:\Program Files\Android\Android Studio\jre\bin\management.dll
0x00007ffd51f00000 - 0x00007ffd51f0d000 	C:\Program Files\Android\Android Studio\jre\bin\management_ext.dll
0x00007ffd64330000 - 0x00007ffd64348000 	C:\Windows\SYSTEM32\CRYPTSP.dll
0x00007ffd62840000 - 0x00007ffd62875000 	C:\Windows\system32\rsaenh.dll
0x00007ffd637f0000 - 0x00007ffd63819000 	C:\Windows\SYSTEM32\USERENV.dll
0x00007ffd63f60000 - 0x00007ffd63f87000 	C:\Windows\SYSTEM32\bcrypt.dll
0x00007ffd63820000 - 0x00007ffd6382c000 	C:\Windows\SYSTEM32\CRYPTBASE.dll
0x00007ffd62410000 - 0x00007ffd6243d000 	C:\Windows\SYSTEM32\IPHLPAPI.DLL
0x00007ffd65e10000 - 0x00007ffd65e19000 	C:\Windows\System32\NSI.dll
0x00007ffd57e20000 - 0x00007ffd57e39000 	C:\Windows\SYSTEM32\dhcpcsvc6.DLL
0x00007ffd58240000 - 0x00007ffd5825e000 	C:\Windows\SYSTEM32\dhcpcsvc.DLL
0x00007ffd62480000 - 0x00007ffd62568000 	C:\Windows\SYSTEM32\DNSAPI.dll
0x00007ffd47bc0000 - 0x00007ffd47be7000 	C:\Program Files\Android\Android Studio\jre\bin\sunec.dll
0x00007ffd56bb0000 - 0x00007ffd56bba000 	C:\Windows\System32\rasadhlp.dll
0x00007ffd54e20000 - 0x00007ffd54ea1000 	C:\Windows\System32\fwpuclnt.dll

dbghelp: loaded successfully - version: 4.0.5 - missing functions: none
symbol engine: initialized successfully - sym options: 0x614 - pdb path: .;C:\Program Files\Android\Android Studio\jre\bin;C:\Windows\SYSTEM32;C:\Program Files\Avast Software\Avast;C:\Windows\WinSxS\amd64_microsoft.windows.common-controls_6595b64144ccf1df_6.0.22000.120_none_9d947278b86cc467;C:\Program Files\Android\Android Studio\jre\bin\server;C:\Users\angel\.gradle\native\e1d6ef7f7dcc3fd88c89a11ec53ec762bb8ba0a96d01ffa2cd45eb1d1d8dd5c5\windows-amd64;C:\Users\angel\.gradle\native\5664cfc778a61ccfe75a443a1ab52a65af34e5dc3c78e0209fed803814484fcb\windows-amd64

VM Arguments:
jvm_args: --add-opens=java.base/java.util=ALL-UNNAMED --add-opens=java.base/java.lang=ALL-UNNAMED --add-opens=java.base/java.lang.invoke=ALL-UNNAMED --add-opens=java.base/java.util=ALL-UNNAMED --add-opens=java.prefs/java.util.prefs=ALL-UNNAMED --add-opens=java.prefs/java.util.prefs=ALL-UNNAMED --add-opens=java.base/java.nio.charset=ALL-UNNAMED --add-opens=java.base/java.net=ALL-UNNAMED --add-opens=java.base/java.util.concurrent.atomic=ALL-UNNAMED -Xmx2048m -Dfile.encoding=UTF-8 -Duser.country=US -Duser.language=en -Duser.variant 
java_command: org.gradle.launcher.daemon.bootstrap.GradleDaemon 7.3.3
java_class_path (initial): C:\Users\angel\.gradle\wrapper\dists\gradle-7.3.3-bin\6a41zxkdtcxs8rphpq6y0069z\gradle-7.3.3\lib\gradle-launcher-7.3.3.jar
Launcher Type: SUN_STANDARD

[Global flags]
     intx CICompilerCount                          = 4                                         {product} {ergonomic}
     uint ConcGCThreads                            = 2                                         {product} {ergonomic}
     uint G1ConcRefinementThreads                  = 8                                         {product} {ergonomic}
   size_t G1HeapRegionSize                         = 1048576                                   {product} {ergonomic}
    uintx GCDrainStackTargetSize                   = 64                                        {product} {ergonomic}
   size_t InitialHeapSize                          = 132120576                                 {product} {ergonomic}
   size_t MarkStackSize                            = 4194304                                   {product} {ergonomic}
   size_t MaxHeapSize                              = 2147483648                                {product} {command line}
   size_t MaxNewSize                               = 1287651328                                {product} {ergonomic}
   size_t MinHeapDeltaBytes                        = 1048576                                   {product} {ergonomic}
    uintx NonNMethodCodeHeapSize                   = 5836300                                {pd product} {ergonomic}
    uintx NonProfiledCodeHeapSize                  = 122910970                              {pd product} {ergonomic}
    uintx ProfiledCodeHeapSize                     = 122910970                              {pd product} {ergonomic}
    uintx ReservedCodeCacheSize                    = 251658240                              {pd product} {ergonomic}
     bool SegmentedCodeCache                       = true                                      {product} {ergonomic}
     bool UseCompressedClassPointers               = true                                 {lp64_product} {ergonomic}
     bool UseCompressedOops                        = true                                 {lp64_product} {ergonomic}
     bool UseG1GC                                  = true                                      {product} {ergonomic}
     bool UseLargePagesIndividualAllocation        = false                                  {pd product} {ergonomic}

Logging:
Log output configuration:
 #0: stdout all=warning uptime,level,tags
 #1: stderr all=off uptime,level,tags

Environment Variables:
PATH=C:\Windows\system32;C:\Windows;C:\Windows\System32\Wbem;C:\Windows\System32\WindowsPowerShell\v1.0\;C:\Windows\System32\OpenSSH\;C:\Program Files\MATLAB\R2022a\bin;C:\Users\angel\AppData\Local\Microsoft\WindowsApps;;C:\Users\angel\AppData\Local\Programs\Microsoft VS Code\bin
USERNAME=angel
OS=Windows_NT
PROCESSOR_IDENTIFIER=Intel64 Family 6 Model 140 Stepping 1, GenuineIntel



---------------  S Y S T E M  ---------------

OS: Windows 10 , 64 bit Build 22000 (10.0.22000.708)
OS uptime: 8 days 2:48 hours

CPU:total 8 (initial active 8) (4 cores per cpu, 2 threads per core) family 6 model 140 stepping 1 microcode 0x8a, cmov, cx8, fxsr, mmx, sse, sse2, sse3, ssse3, sse4.1, sse4.2, popcnt, avx, avx2, aes, clmul, erms, 3dnowpref, lzcnt, ht, tsc, tscinvbit, bmi1, bmi2, adx, evex, sha, fma

Memory: 4k page, system-wide physical 7991M (368M free)
TotalPageFile size 32567M (AvailPageFile size 1M)
current process WorkingSet (physical memory assigned to process): 275M, peak: 408M
current process commit charge ("private bytes"): 554M, peak: 583M

vm_info: OpenJDK 64-Bit Server VM (11.0.12+7-b1504.28-7817840) for windows-amd64 JRE (11.0.12+7-b1504.28-7817840), built on Oct 13 2021 22:12:33 by "builder" with MS VC++ 14.0 (VS2015)

END.
