#
# There is insufficient memory for the Java Runtime Environment to continue.
# Native memory allocation (malloc) failed to allocate 1022976 bytes for Chunk::new
# Possible reasons:
#   The system is out of physical RAM or swap space
#   The process is running with CompressedOops enabled, and the Java Heap may be blocking the growth of the native heap
# Possible solutions:
#   Reduce memory load on the system
#   Increase physical memory or swap space
#   Check if swap backing store is full
#   Decrease Java heap size (-Xmx/-Xms)
#   Decrease number of Java threads
#   Decrease Java thread stack sizes (-Xss)
#   Set larger code cache with -XX:ReservedCodeCacheSize=
#   JVM is running with Unscaled Compressed Oops mode in which the Java heap is
#     placed in the first 4GB address space. The Java Heap base address is the
#     maximum limit for the native heap growth. Please use -XX:HeapBaseMinAddress
#     to set the Java Heap base and to place the Java Heap above 4GB virtual address.
# This output file may be truncated or incomplete.
#
#  Out of Memory Error (./src/hotspot/share/memory/arena.cpp:197), pid=95304, tid=15164
#
# JRE version: OpenJDK Runtime Environment (11.0.12+7) (build 11.0.12+7-b1504.28-7817840)
# Java VM: OpenJDK 64-Bit Server VM (11.0.12+7-b1504.28-7817840, mixed mode, tiered, compressed oops, g1 gc, windows-amd64)
# No core dump will be written. Minidumps are not enabled by default on client versions of Windows
#

---------------  S U M M A R Y ------------

Command Line: --add-opens=java.base/java.util=ALL-UNNAMED --add-opens=java.base/java.lang=ALL-UNNAMED --add-opens=java.base/java.lang.invoke=ALL-UNNAMED --add-opens=java.base/java.util=ALL-UNNAMED --add-opens=java.prefs/java.util.prefs=ALL-UNNAMED --add-opens=java.prefs/java.util.prefs=ALL-UNNAMED --add-opens=java.base/java.nio.charset=ALL-UNNAMED --add-opens=java.base/java.net=ALL-UNNAMED --add-opens=java.base/java.util.concurrent.atomic=ALL-UNNAMED -Xmx2048m -Dfile.encoding=UTF-8 -Duser.country=US -Duser.language=en -Duser.variant org.gradle.launcher.daemon.bootstrap.GradleDaemon 7.3.3

Host: 11th Gen Intel(R) Core(TM) i5-1135G7 @ 2.40GHz, 8 cores, 7G,  Windows 10 , 64 bit Build 22000 (10.0.22000.708)
Time: Mon Sep  5 15:37:01 2022 Eastern Daylight Time elapsed time: 67.003122 seconds (0d 0h 1m 7s)

---------------  T H R E A D  ---------------

Current thread (0x0000023929566800):  JavaThread "C2 CompilerThread0" daemon [_thread_in_native, id=15164, stack(0x0000005ce4b00000,0x0000005ce4c00000)]


Current CompileTask:
C2:  67003 11422       4       org.objectweb.asm.Frame::execute (2318 bytes)

Stack: [0x0000005ce4b00000,0x0000005ce4c00000]
Native frames: (J=compiled Java code, j=interpreted, Vv=VM code, C=native code)
V  [jvm.dll+0x5fbcea]
V  [jvm.dll+0x731905]
V  [jvm.dll+0x732f1d]
V  [jvm.dll+0x7335d3]
V  [jvm.dll+0x247bf8]
V  [jvm.dll+0xc018c]
V  [jvm.dll+0xc06cc]
V  [jvm.dll+0x2bcc04]
V  [jvm.dll+0x5113a8]
V  [jvm.dll+0x208303]
V  [jvm.dll+0x201fe0]
V  [jvm.dll+0x1ff71f]
V  [jvm.dll+0x18868c]
V  [jvm.dll+0x20e0d7]
V  [jvm.dll+0x20c901]
V  [jvm.dll+0x6f9b7f]
V  [jvm.dll+0x6f26a5]
V  [jvm.dll+0x5fabf6]
C  [ucrtbase.dll+0x26c0c]
C  [KERNEL32.DLL+0x154e0]
C  [ntdll.dll+0x485b]


---------------  P R O C E S S  ---------------

Threads class SMR info:
_java_thread_list=0x000002392e3ae1f0, length=124, elements={
0x000002390e865000, 0x0000023928d0e000, 0x0000023928d13000, 0x0000023928d1a000,
0x0000023928d1b000, 0x0000023928d1c000, 0x0000023929566800, 0x0000023929569800,
0x000002392957b000, 0x00000239296de000, 0x00000239296db800, 0x00000239296de800,
0x00000239296dc000, 0x00000239296df800, 0x00000239296d9800, 0x00000239296e0000,
0x00000239296dd000, 0x00000239296da800, 0x000002392b947000, 0x000002392b944800,
0x000002392b949000, 0x000002392b94a000, 0x000002392b94b000, 0x000002392b94b800,
0x000002392b946000, 0x000002392b94c800, 0x000002392b94d800, 0x000002392b947800,
0x000002392b94e000, 0x000002392b948800, 0x000002392b952000, 0x000002392b953000,
0x000002392b951800, 0x000002392b950000, 0x000002392b94f000, 0x000002392b950800,
0x000002392c01c000, 0x000002392c01a800, 0x000002392c01b000, 0x000002392c01d000,
0x000002392c017000, 0x000002392c01f000, 0x000002392c01d800, 0x000002392c01e800,
0x000002392c019800, 0x000002392c025000, 0x000002392c026000, 0x000002392c020000,
0x000002392c021000, 0x000002392c022800, 0x000002392c021800, 0x000002392c024000,
0x000002392c023800, 0x000002392a4b8000, 0x000002392a4b6000, 0x000002392a4b7800,
0x000002392a4b4000, 0x000002392a4b6800, 0x000002392a4ba000, 0x000002392a4ba800,
0x000002392a4b5000, 0x000002392a4bd000, 0x000002392a4bc800, 0x000002392a4bb800,
0x000002392a4b9000, 0x000002392a4be000, 0x000002392a4c2000, 0x000002392a4c3000,
0x000002392a4be800, 0x000002392a4bf800, 0x000002392a4c0800, 0x000002392a4c1000,
0x000002392f920000, 0x000002392f922800, 0x000002392f926800, 0x000002392f925000,
0x000002392f921000, 0x000002392f924000, 0x000002392f923000, 0x000002392f927800,
0x000002392f925800, 0x000002392f921800, 0x000002392f92e000, 0x000002392f92b800,
0x000002392f928000, 0x000002392f92c000, 0x000002392f92a800, 0x000002392f929000,
0x000002392f92d000, 0x000002392f92e800, 0x000002392f92a000, 0x000002392dc7e800,
0x000002392dc7f800, 0x000002392dc7d800, 0x000002392dc7b000, 0x000002392dc80000,
0x000002392dc81000, 0x000002392dc81800, 0x000002392dc7c000, 0x000002392dc82800,
0x000002392dc7d000, 0x000002392dc86000, 0x000002392dc83800, 0x000002392dc85000,
0x000002392dc86800, 0x000002392dc87800, 0x000002392dc89000, 0x000002392dc88800,
0x000002392dc8a000, 0x000002392dc84000, 0x000002392e3cc000, 0x000002392e3ce800,
0x000002392e3c9800, 0x000002392e3cb800, 0x000002392e3cd000, 0x000002392e3d0000,
0x000002392e3cf800, 0x000002392e3ca800, 0x000002392e3d3800, 0x000002392e3d2800,
0x000002392e3d2000, 0x000002392e3d1000, 0x000002392e3cd800, 0x000002392c381000
}

Java Threads: ( => current thread )
  0x000002390e865000 JavaThread "main" [_thread_blocked, id=71588, stack(0x0000005ce3f00000,0x0000005ce4000000)]
  0x0000023928d0e000 JavaThread "Reference Handler" daemon [_thread_blocked, id=58040, stack(0x0000005ce4600000,0x0000005ce4700000)]
  0x0000023928d13000 JavaThread "Finalizer" daemon [_thread_blocked, id=86896, stack(0x0000005ce4700000,0x0000005ce4800000)]
  0x0000023928d1a000 JavaThread "Signal Dispatcher" daemon [_thread_blocked, id=79116, stack(0x0000005ce4800000,0x0000005ce4900000)]
  0x0000023928d1b000 JavaThread "Attach Listener" daemon [_thread_blocked, id=88476, stack(0x0000005ce4900000,0x0000005ce4a00000)]
  0x0000023928d1c000 JavaThread "Service Thread" daemon [_thread_blocked, id=95656, stack(0x0000005ce4a00000,0x0000005ce4b00000)]
=>0x0000023929566800 JavaThread "C2 CompilerThread0" daemon [_thread_in_native, id=15164, stack(0x0000005ce4b00000,0x0000005ce4c00000)]
  0x0000023929569800 JavaThread "C1 CompilerThread0" daemon [_thread_blocked, id=60188, stack(0x0000005ce4c00000,0x0000005ce4d00000)]
  0x000002392957b000 JavaThread "Sweeper thread" daemon [_thread_blocked, id=93596, stack(0x0000005ce4d00000,0x0000005ce4e00000)]
  0x00000239296de000 JavaThread "Common-Cleaner" daemon [_thread_blocked, id=87344, stack(0x0000005ce4e00000,0x0000005ce4f00000)]
  0x00000239296db800 JavaThread "Daemon health stats" [_thread_blocked, id=85072, stack(0x0000005ce5200000,0x0000005ce5300000)]
  0x00000239296de800 JavaThread "Incoming local TCP Connector on port 56965" [_thread_in_native, id=90724, stack(0x0000005ce5300000,0x0000005ce5400000)]
  0x00000239296dc000 JavaThread "Daemon periodic checks" [_thread_blocked, id=85264, stack(0x0000005ce5400000,0x0000005ce5500000)]
  0x00000239296df800 JavaThread "Daemon" [_thread_blocked, id=98208, stack(0x0000005ce5500000,0x0000005ce5600000)]
  0x00000239296d9800 JavaThread "Handler for socket connection from /127.0.0.1:56965 to /127.0.0.1:56966" [_thread_in_native, id=83832, stack(0x0000005ce5600000,0x0000005ce5700000)]
  0x00000239296e0000 JavaThread "Cancel handler" [_thread_blocked, id=75940, stack(0x0000005ce5700000,0x0000005ce5800000)]
  0x00000239296dd000 JavaThread "Daemon worker" [_thread_in_Java, id=83904, stack(0x0000005ce5800000,0x0000005ce5900000)]
  0x00000239296da800 JavaThread "Asynchronous log dispatcher for DefaultDaemonConnection: socket connection from /127.0.0.1:56965 to /127.0.0.1:56966" [_thread_blocked, id=49436, stack(0x0000005ce5900000,0x0000005ce5a00000)]
  0x000002392b947000 JavaThread "Daemon client event forwarder" [_thread_blocked, id=97104, stack(0x0000005ce5b00000,0x0000005ce5c00000)]
  0x000002392b944800 JavaThread "Cache worker for journal cache (C:\Users\angel\.gradle\caches\journal-1)" [_thread_blocked, id=65744, stack(0x0000005ce6100000,0x0000005ce6200000)]
  0x000002392b949000 JavaThread "File lock request listener" [_thread_in_native, id=97264, stack(0x0000005ce6200000,0x0000005ce6300000)]
  0x000002392b94a000 JavaThread "Cache worker for file hash cache (C:\Users\angel\.gradle\caches\7.3.3\fileHashes)" [_thread_blocked, id=89180, stack(0x0000005ce6400000,0x0000005ce6500000)]
  0x000002392b94b000 JavaThread "Cache worker for file hash cache (C:\Users\angel\AndroidStudioProjects\HelloWorld\.gradle\7.3.3\fileHashes)" [_thread_blocked, id=95644, stack(0x0000005ce6500000,0x0000005ce6600000)]
  0x000002392b94b800 JavaThread "File watcher server" daemon [_thread_in_native, id=97032, stack(0x0000005ce6600000,0x0000005ce6700000)]
  0x000002392b946000 JavaThread "File watcher consumer" daemon [_thread_blocked, id=96292, stack(0x0000005ce6700000,0x0000005ce6800000)]
  0x000002392b94c800 JavaThread "jar transforms" [_thread_blocked, id=96164, stack(0x0000005ce6800000,0x0000005ce6900000)]
  0x000002392b94d800 JavaThread "jar transforms Thread 2" [_thread_blocked, id=95652, stack(0x0000005ce6900000,0x0000005ce6a00000)]
  0x000002392b947800 JavaThread "jar transforms Thread 3" [_thread_blocked, id=94724, stack(0x0000005ce6a00000,0x0000005ce6b00000)]
  0x000002392b94e000 JavaThread "jar transforms Thread 4" [_thread_blocked, id=95828, stack(0x0000005ce6b00000,0x0000005ce6c00000)]
  0x000002392b948800 JavaThread "jar transforms Thread 5" [_thread_blocked, id=86008, stack(0x0000005ce6c00000,0x0000005ce6d00000)]
  0x000002392b952000 JavaThread "jar transforms Thread 6" [_thread_blocked, id=35780, stack(0x0000005ce6d00000,0x0000005ce6e00000)]
  0x000002392b953000 JavaThread "jar transforms Thread 7" [_thread_blocked, id=88084, stack(0x0000005ce6e00000,0x0000005ce6f00000)]
  0x000002392b951800 JavaThread "jar transforms Thread 8" [_thread_blocked, id=97440, stack(0x0000005ce6f00000,0x0000005ce7000000)]
  0x000002392b950000 JavaThread "Cache worker for checksums cache (C:\Users\angel\AndroidStudioProjects\HelloWorld\.gradle\7.3.3\checksums)" [_thread_blocked, id=33776, stack(0x0000005ce7000000,0x0000005ce7100000)]
  0x000002392b94f000 JavaThread "Cache worker for cache directory md-supplier (C:\Users\angel\.gradle\caches\7.3.3\md-supplier)" [_thread_blocked, id=91760, stack(0x0000005ce7100000,0x0000005ce7200000)]
  0x000002392b950800 JavaThread "Cache worker for cache directory md-rule (C:\Users\angel\.gradle\caches\7.3.3\md-rule)" [_thread_blocked, id=89916, stack(0x0000005ce7200000,0x0000005ce7300000)]
  0x000002392c01c000 JavaThread "Cache worker for execution history cache (C:\Users\angel\.gradle\caches\7.3.3\executionHistory)" [_thread_blocked, id=96628, stack(0x0000005ce7300000,0x0000005ce7400000)]
  0x000002392c01a800 JavaThread "Cache worker for file content cache (C:\Users\angel\.gradle\caches\7.3.3\fileContent)" [_thread_blocked, id=95320, stack(0x0000005ce7400000,0x0000005ce7500000)]
  0x000002392c01b000 JavaThread "Cache worker for dependencies-accessors (C:\Users\angel\AndroidStudioProjects\HelloWorld\.gradle\7.3.3\dependencies-accessors)" [_thread_blocked, id=68856, stack(0x0000005ce7500000,0x0000005ce7600000)]
  0x000002392c01d000 JavaThread "Cache worker for Build Output Cleanup Cache (C:\Users\angel\AndroidStudioProjects\HelloWorld\.gradle\buildOutputCleanup)" [_thread_blocked, id=81852, stack(0x0000005ce7600000,0x0000005ce7700000)]
  0x000002392c017000 JavaThread "Unconstrained build operations" [_thread_blocked, id=78904, stack(0x0000005ce7700000,0x0000005ce7800000)]
  0x000002392c01f000 JavaThread "Unconstrained build operations Thread 2" [_thread_blocked, id=94836, stack(0x0000005ce7800000,0x0000005ce7900000)]
  0x000002392c01d800 JavaThread "Unconstrained build operations Thread 3" [_thread_blocked, id=61924, stack(0x0000005ce7900000,0x0000005ce7a00000)]
  0x000002392c01e800 JavaThread "Unconstrained build operations Thread 4" [_thread_blocked, id=87416, stack(0x0000005ce7a00000,0x0000005ce7b00000)]
  0x000002392c019800 JavaThread "Unconstrained build operations Thread 5" [_thread_blocked, id=8360, stack(0x0000005ce7b00000,0x0000005ce7c00000)]
  0x000002392c025000 JavaThread "Unconstrained build operations Thread 6" [_thread_blocked, id=93364, stack(0x0000005ce7c00000,0x0000005ce7d00000)]
  0x000002392c026000 JavaThread "Unconstrained build operations Thread 7" [_thread_blocked, id=89940, stack(0x0000005ce7d00000,0x0000005ce7e00000)]
  0x000002392c020000 JavaThread "Unconstrained build operations Thread 8" [_thread_blocked, id=93252, stack(0x0000005ce7e00000,0x0000005ce7f00000)]
  0x000002392c021000 JavaThread "Unconstrained build operations Thread 9" [_thread_blocked, id=97540, stack(0x0000005ce7f00000,0x0000005ce8000000)]
  0x000002392c022800 JavaThread "Unconstrained build operations Thread 10" [_thread_blocked, id=15188, stack(0x0000005ce8000000,0x0000005ce8100000)]
  0x000002392c021800 JavaThread "Unconstrained build operations Thread 11" [_thread_blocked, id=93056, stack(0x0000005ce8100000,0x0000005ce8200000)]
  0x000002392c024000 JavaThread "Unconstrained build operations Thread 12" [_thread_blocked, id=88276, stack(0x0000005ce8200000,0x0000005ce8300000)]
  0x000002392c023800 JavaThread "Unconstrained build operations Thread 13" [_thread_blocked, id=47472, stack(0x0000005ce8300000,0x0000005ce8400000)]
  0x000002392a4b8000 JavaThread "Unconstrained build operations Thread 14" [_thread_blocked, id=93604, stack(0x0000005ce8400000,0x0000005ce8500000)]
  0x000002392a4b6000 JavaThread "Unconstrained build operations Thread 15" [_thread_blocked, id=67160, stack(0x0000005ce8500000,0x0000005ce8600000)]
  0x000002392a4b7800 JavaThread "Unconstrained build operations Thread 16" [_thread_blocked, id=60664, stack(0x0000005ce8600000,0x0000005ce8700000)]
  0x000002392a4b4000 JavaThread "Unconstrained build operations Thread 17" [_thread_blocked, id=88856, stack(0x0000005ce8700000,0x0000005ce8800000)]
  0x000002392a4b6800 JavaThread "Unconstrained build operations Thread 18" [_thread_blocked, id=14788, stack(0x0000005ce8800000,0x0000005ce8900000)]
  0x000002392a4ba000 JavaThread "Unconstrained build operations Thread 19" [_thread_blocked, id=63584, stack(0x0000005ce8900000,0x0000005ce8a00000)]
  0x000002392a4ba800 JavaThread "Unconstrained build operations Thread 20" [_thread_blocked, id=75104, stack(0x0000005ce8a00000,0x0000005ce8b00000)]
  0x000002392a4b5000 JavaThread "Unconstrained build operations Thread 21" [_thread_blocked, id=52792, stack(0x0000005ce8b00000,0x0000005ce8c00000)]
  0x000002392a4bd000 JavaThread "Unconstrained build operations Thread 22" [_thread_blocked, id=92404, stack(0x0000005ce8c00000,0x0000005ce8d00000)]
  0x000002392a4bc800 JavaThread "Unconstrained build operations Thread 23" [_thread_blocked, id=70272, stack(0x0000005ce8d00000,0x0000005ce8e00000)]
  0x000002392a4bb800 JavaThread "Unconstrained build operations Thread 24" [_thread_blocked, id=96264, stack(0x0000005ce8e00000,0x0000005ce8f00000)]
  0x000002392a4b9000 JavaThread "Unconstrained build operations Thread 25" [_thread_blocked, id=86236, stack(0x0000005ce8f00000,0x0000005ce9000000)]
  0x000002392a4be000 JavaThread "Unconstrained build operations Thread 26" [_thread_blocked, id=73180, stack(0x0000005ce9000000,0x0000005ce9100000)]
  0x000002392a4c2000 JavaThread "Unconstrained build operations Thread 27" [_thread_blocked, id=96308, stack(0x0000005ce9100000,0x0000005ce9200000)]
  0x000002392a4c3000 JavaThread "Unconstrained build operations Thread 28" [_thread_blocked, id=84864, stack(0x0000005ce9200000,0x0000005ce9300000)]
  0x000002392a4be800 JavaThread "Unconstrained build operations Thread 29" [_thread_blocked, id=97872, stack(0x0000005ce9300000,0x0000005ce9400000)]
  0x000002392a4bf800 JavaThread "Unconstrained build operations Thread 30" [_thread_blocked, id=66296, stack(0x0000005ce9400000,0x0000005ce9500000)]
  0x000002392a4c0800 JavaThread "Unconstrained build operations Thread 31" [_thread_blocked, id=83860, stack(0x0000005ce9500000,0x0000005ce9600000)]
  0x000002392a4c1000 JavaThread "Unconstrained build operations Thread 32" [_thread_blocked, id=97576, stack(0x0000005ce9600000,0x0000005ce9700000)]
  0x000002392f920000 JavaThread "Unconstrained build operations Thread 33" [_thread_blocked, id=49060, stack(0x0000005ce9700000,0x0000005ce9800000)]
  0x000002392f922800 JavaThread "Unconstrained build operations Thread 34" [_thread_blocked, id=95496, stack(0x0000005ce9800000,0x0000005ce9900000)]
  0x000002392f926800 JavaThread "Unconstrained build operations Thread 35" [_thread_blocked, id=93268, stack(0x0000005ce9900000,0x0000005ce9a00000)]
  0x000002392f925000 JavaThread "Unconstrained build operations Thread 36" [_thread_blocked, id=93068, stack(0x0000005ce9a00000,0x0000005ce9b00000)]
  0x000002392f921000 JavaThread "Unconstrained build operations Thread 37" [_thread_blocked, id=96272, stack(0x0000005ce9b00000,0x0000005ce9c00000)]
  0x000002392f924000 JavaThread "Unconstrained build operations Thread 38" [_thread_blocked, id=96288, stack(0x0000005ce9c00000,0x0000005ce9d00000)]
  0x000002392f923000 JavaThread "Unconstrained build operations Thread 39" [_thread_blocked, id=96036, stack(0x0000005ce9d00000,0x0000005ce9e00000)]
  0x000002392f927800 JavaThread "Unconstrained build operations Thread 40" [_thread_blocked, id=85052, stack(0x0000005ce9e00000,0x0000005ce9f00000)]
  0x000002392f925800 JavaThread "Unconstrained build operations Thread 41" [_thread_blocked, id=53796, stack(0x0000005ce9f00000,0x0000005cea000000)]
  0x000002392f921800 JavaThread "Unconstrained build operations Thread 42" [_thread_blocked, id=96800, stack(0x0000005cea000000,0x0000005cea100000)]
  0x000002392f92e000 JavaThread "Unconstrained build operations Thread 43" [_thread_blocked, id=89512, stack(0x0000005cea100000,0x0000005cea200000)]
  0x000002392f92b800 JavaThread "Unconstrained build operations Thread 44" [_thread_blocked, id=97688, stack(0x0000005cea200000,0x0000005cea300000)]
  0x000002392f928000 JavaThread "Unconstrained build operations Thread 45" [_thread_blocked, id=87780, stack(0x0000005cea300000,0x0000005cea400000)]
  0x000002392f92c000 JavaThread "Unconstrained build operations Thread 46" [_thread_blocked, id=96016, stack(0x0000005cea400000,0x0000005cea500000)]
  0x000002392f92a800 JavaThread "Unconstrained build operations Thread 47" [_thread_blocked, id=78044, stack(0x0000005cea500000,0x0000005cea600000)]
  0x000002392f929000 JavaThread "Unconstrained build operations Thread 48" [_thread_blocked, id=89640, stack(0x0000005cea600000,0x0000005cea700000)]
  0x000002392f92d000 JavaThread "Unconstrained build operations Thread 49" [_thread_blocked, id=95636, stack(0x0000005cea700000,0x0000005cea800000)]
  0x000002392f92e800 JavaThread "Unconstrained build operations Thread 50" [_thread_blocked, id=73780, stack(0x0000005cea800000,0x0000005cea900000)]
  0x000002392f92a000 JavaThread "Unconstrained build operations Thread 51" [_thread_blocked, id=94628, stack(0x0000005cea900000,0x0000005ceaa00000)]
  0x000002392dc7e800 JavaThread "Unconstrained build operations Thread 52" [_thread_blocked, id=88124, stack(0x0000005ceaa00000,0x0000005ceab00000)]
  0x000002392dc7f800 JavaThread "Unconstrained build operations Thread 53" [_thread_blocked, id=93972, stack(0x0000005ceab00000,0x0000005ceac00000)]
  0x000002392dc7d800 JavaThread "Unconstrained build operations Thread 54" [_thread_blocked, id=78668, stack(0x0000005ceac00000,0x0000005cead00000)]
  0x000002392dc7b000 JavaThread "Unconstrained build operations Thread 55" [_thread_blocked, id=80392, stack(0x0000005cead00000,0x0000005ceae00000)]
  0x000002392dc80000 JavaThread "Unconstrained build operations Thread 56" [_thread_blocked, id=52732, stack(0x0000005ceae00000,0x0000005ceaf00000)]
  0x000002392dc81000 JavaThread "Unconstrained build operations Thread 57" [_thread_blocked, id=83708, stack(0x0000005ceaf00000,0x0000005ceb000000)]
  0x000002392dc81800 JavaThread "Unconstrained build operations Thread 58" [_thread_blocked, id=48056, stack(0x0000005ceb000000,0x0000005ceb100000)]
  0x000002392dc7c000 JavaThread "Unconstrained build operations Thread 59" [_thread_blocked, id=97292, stack(0x0000005ceb100000,0x0000005ceb200000)]
  0x000002392dc82800 JavaThread "Unconstrained build operations Thread 60" [_thread_blocked, id=75608, stack(0x0000005ceb200000,0x0000005ceb300000)]
  0x000002392dc7d000 JavaThread "Unconstrained build operations Thread 61" [_thread_blocked, id=96552, stack(0x0000005ceb300000,0x0000005ceb400000)]
  0x000002392dc86000 JavaThread "Unconstrained build operations Thread 62" [_thread_blocked, id=98156, stack(0x0000005ceb400000,0x0000005ceb500000)]
  0x000002392dc83800 JavaThread "Unconstrained build operations Thread 63" [_thread_blocked, id=30864, stack(0x0000005ceb500000,0x0000005ceb600000)]
  0x000002392dc85000 JavaThread "Unconstrained build operations Thread 64" [_thread_blocked, id=96040, stack(0x0000005ceb600000,0x0000005ceb700000)]
  0x000002392dc86800 JavaThread "Unconstrained build operations Thread 65" [_thread_blocked, id=93540, stack(0x0000005ceb700000,0x0000005ceb800000)]
  0x000002392dc87800 JavaThread "Unconstrained build operations Thread 66" [_thread_blocked, id=14528, stack(0x0000005ceb800000,0x0000005ceb900000)]
  0x000002392dc89000 JavaThread "Unconstrained build operations Thread 67" [_thread_blocked, id=92188, stack(0x0000005ceb900000,0x0000005ceba00000)]
  0x000002392dc88800 JavaThread "Unconstrained build operations Thread 68" [_thread_blocked, id=47660, stack(0x0000005ceba00000,0x0000005cebb00000)]
  0x000002392dc8a000 JavaThread "Unconstrained build operations Thread 69" [_thread_blocked, id=96588, stack(0x0000005cebb00000,0x0000005cebc00000)]
  0x000002392dc84000 JavaThread "Unconstrained build operations Thread 70" [_thread_blocked, id=86728, stack(0x0000005cebc00000,0x0000005cebd00000)]
  0x000002392e3cc000 JavaThread "Unconstrained build operations Thread 71" [_thread_blocked, id=95516, stack(0x0000005cebd00000,0x0000005cebe00000)]
  0x000002392e3ce800 JavaThread "Unconstrained build operations Thread 72" [_thread_blocked, id=96004, stack(0x0000005cebe00000,0x0000005cebf00000)]
  0x000002392e3c9800 JavaThread "Unconstrained build operations Thread 73" [_thread_blocked, id=3228, stack(0x0000005cebf00000,0x0000005cec000000)]
  0x000002392e3cb800 JavaThread "Unconstrained build operations Thread 74" [_thread_blocked, id=66592, stack(0x0000005cec000000,0x0000005cec100000)]
  0x000002392e3cd000 JavaThread "Unconstrained build operations Thread 75" [_thread_blocked, id=93060, stack(0x0000005cec100000,0x0000005cec200000)]
  0x000002392e3d0000 JavaThread "Unconstrained build operations Thread 76" [_thread_blocked, id=77276, stack(0x0000005cec200000,0x0000005cec300000)]
  0x000002392e3cf800 JavaThread "Unconstrained build operations Thread 77" [_thread_blocked, id=96808, stack(0x0000005cec300000,0x0000005cec400000)]
  0x000002392e3ca800 JavaThread "Unconstrained build operations Thread 78" [_thread_blocked, id=92620, stack(0x0000005cec400000,0x0000005cec500000)]
  0x000002392e3d3800 JavaThread "Unconstrained build operations Thread 79" [_thread_blocked, id=94576, stack(0x0000005cec500000,0x0000005cec600000)]
  0x000002392e3d2800 JavaThread "Unconstrained build operations Thread 80" [_thread_blocked, id=84692, stack(0x0000005cec600000,0x0000005cec700000)]
  0x000002392e3d2000 JavaThread "Memory manager" [_thread_blocked, id=91120, stack(0x0000005cec700000,0x0000005cec800000)]
  0x000002392e3d1000 JavaThread "build event listener" [_thread_blocked, id=94856, stack(0x0000005cec800000,0x0000005cec900000)]
  0x000002392e3cd800 JavaThread "pool-3-thread-1" [_thread_blocked, id=23616, stack(0x0000005cec900000,0x0000005ceca00000)]
  0x000002392c381000 JavaThread "Cache worker for execution history cache (C:\Users\angel\AndroidStudioProjects\HelloWorld\.gradle\7.3.3\executionHistory)" [_thread_blocked, id=82460, stack(0x0000005ced100000,0x0000005ced200000)]

Other Threads:
  0x0000023928cfa000 VMThread "VM Thread" [stack: 0x0000005ce4500000,0x0000005ce4600000] [id=74616]
  0x000002392970e000 WatcherThread [stack: 0x0000005ce4f00000,0x0000005ce5000000] [id=18052]
  0x000002390e87e000 GCTaskThread "GC Thread#0" [stack: 0x0000005ce4000000,0x0000005ce4100000] [id=90576]
  0x0000023929b61800 GCTaskThread "GC Thread#1" [stack: 0x0000005ce5000000,0x0000005ce5100000] [id=76348]
  0x000002392a286800 GCTaskThread "GC Thread#2" [stack: 0x0000005ce5100000,0x0000005ce5200000] [id=28600]
  0x000002392b723000 GCTaskThread "GC Thread#3" [stack: 0x0000005ce5c00000,0x0000005ce5d00000] [id=62992]
  0x000002392b4ae000 GCTaskThread "GC Thread#4" [stack: 0x0000005ce5d00000,0x0000005ce5e00000] [id=81228]
  0x000002392b49f800 GCTaskThread "GC Thread#5" [stack: 0x0000005ce5e00000,0x0000005ce5f00000] [id=95816]
  0x000002392b4a0000 GCTaskThread "GC Thread#6" [stack: 0x0000005ce5f00000,0x0000005ce6000000] [id=94252]
  0x000002392b8ee000 GCTaskThread "GC Thread#7" [stack: 0x0000005ce6000000,0x0000005ce6100000] [id=94596]
  0x000002390e8b0800 ConcurrentGCThread "G1 Main Marker" [stack: 0x0000005ce4100000,0x0000005ce4200000] [id=77380]
  0x000002390e8b1800 ConcurrentGCThread "G1 Conc#0" [stack: 0x0000005ce4200000,0x0000005ce4300000] [id=95340]
  0x000002392b815800 ConcurrentGCThread "G1 Conc#1" [stack: 0x0000005ce6300000,0x0000005ce6400000] [id=66136]
  0x0000023928b42800 ConcurrentGCThread "G1 Refine#0" [stack: 0x0000005ce4300000,0x0000005ce4400000] [id=42372]
  0x0000023928b45800 ConcurrentGCThread "G1 Young RemSet Sampling" [stack: 0x0000005ce4400000,0x0000005ce4500000] [id=95624]

Threads with active compile tasks:
C2 CompilerThread0  67050 11422       4       org.objectweb.asm.Frame::execute (2318 bytes)

VM state:not at safepoint (normal execution)

VM Mutex/Monitor currently owned by a thread: None

Heap address: 0x0000000080000000, size: 2048 MB, Compressed Oops mode: 32-bit
Narrow klass base: 0x0000000000000000, Narrow klass shift: 3
Compressed class space size: 1073741824 Address: 0x0000000100000000

Heap:
 garbage-first heap   total 187392K, used 153918K [0x0000000080000000, 0x0000000100000000)
  region size 1024K, 36 young (36864K), 2 survivors (2048K)
 Metaspace       used 106568K, capacity 109010K, committed 109260K, reserved 1144832K
  class space    used 13636K, capacity 14524K, committed 14540K, reserved 1048576K
Heap Regions: E=young(eden), S=young(survivor), O=old, HS=humongous(starts), HC=humongous(continues), CS=collection set, F=free, A=archive, TAMS=top-at-mark-start (previous, next)
|   0|0x0000000080000000, 0x0000000080100000, 0x0000000080100000|100%| O|  |TAMS 0x0000000080100000, 0x0000000080000000| Untracked 
|   1|0x0000000080100000, 0x0000000080200000, 0x0000000080200000|100%| O|  |TAMS 0x0000000080200000, 0x0000000080100000| Untracked 
|   2|0x0000000080200000, 0x0000000080300000, 0x0000000080300000|100%| O|  |TAMS 0x0000000080300000, 0x0000000080200000| Untracked 
|   3|0x0000000080300000, 0x0000000080400000, 0x0000000080400000|100%|HS|  |TAMS 0x0000000080400000, 0x0000000080300000| Complete 
|   4|0x0000000080400000, 0x0000000080500000, 0x0000000080500000|100%|HC|  |TAMS 0x0000000080500000, 0x0000000080400000| Complete 
|   5|0x0000000080500000, 0x0000000080600000, 0x0000000080600000|100%|HC|  |TAMS 0x0000000080600000, 0x0000000080500000| Complete 
|   6|0x0000000080600000, 0x0000000080700000, 0x0000000080700000|100%| O|  |TAMS 0x0000000080700000, 0x0000000080600000| Untracked 
|   7|0x0000000080700000, 0x0000000080800000, 0x0000000080800000|100%| O|  |TAMS 0x0000000080800000, 0x0000000080700000| Untracked 
|   8|0x0000000080800000, 0x0000000080900000, 0x0000000080900000|100%| O|  |TAMS 0x0000000080900000, 0x0000000080800000| Untracked 
|   9|0x0000000080900000, 0x0000000080a00000, 0x0000000080a00000|100%| O|  |TAMS 0x0000000080a00000, 0x0000000080900000| Untracked 
|  10|0x0000000080a00000, 0x0000000080b00000, 0x0000000080b00000|100%| O|  |TAMS 0x0000000080b00000, 0x0000000080a00000| Untracked 
|  11|0x0000000080b00000, 0x0000000080c00000, 0x0000000080c00000|100%| O|  |TAMS 0x0000000080c00000, 0x0000000080b00000| Untracked 
|  12|0x0000000080c00000, 0x0000000080d00000, 0x0000000080d00000|100%| O|  |TAMS 0x0000000080d00000, 0x0000000080c00000| Untracked 
|  13|0x0000000080d00000, 0x0000000080e00000, 0x0000000080e00000|100%| O|  |TAMS 0x0000000080e00000, 0x0000000080d00000| Untracked 
|  14|0x0000000080e00000, 0x0000000080f00000, 0x0000000080f00000|100%| O|  |TAMS 0x0000000080f00000, 0x0000000080e00000| Untracked 
|  15|0x0000000080f00000, 0x0000000081000000, 0x0000000081000000|100%| O|  |TAMS 0x0000000081000000, 0x0000000080f00000| Untracked 
|  16|0x0000000081000000, 0x0000000081100000, 0x0000000081100000|100%|HS|  |TAMS 0x0000000081100000, 0x0000000081000000| Complete 
|  17|0x0000000081100000, 0x0000000081200000, 0x0000000081200000|100%|HC|  |TAMS 0x0000000081200000, 0x0000000081100000| Complete 
|  18|0x0000000081200000, 0x0000000081300000, 0x0000000081300000|100%|HS|  |TAMS 0x0000000081300000, 0x0000000081200000| Complete 
|  19|0x0000000081300000, 0x0000000081400000, 0x0000000081400000|100%|HC|  |TAMS 0x0000000081400000, 0x0000000081300000| Complete 
|  20|0x0000000081400000, 0x0000000081500000, 0x0000000081500000|100%|HC|  |TAMS 0x0000000081500000, 0x0000000081400000| Complete 
|  21|0x0000000081500000, 0x0000000081600000, 0x0000000081600000|100%|HS|  |TAMS 0x0000000081600000, 0x0000000081500000| Complete 
|  22|0x0000000081600000, 0x0000000081700000, 0x0000000081700000|100%|HS|  |TAMS 0x0000000081700000, 0x0000000081600000| Complete 
|  23|0x0000000081700000, 0x0000000081800000, 0x0000000081800000|100%|HC|  |TAMS 0x0000000081800000, 0x0000000081700000| Complete 
|  24|0x0000000081800000, 0x0000000081900000, 0x0000000081900000|100%|HC|  |TAMS 0x0000000081900000, 0x0000000081800000| Complete 
|  25|0x0000000081900000, 0x0000000081a00000, 0x0000000081a00000|100%|HC|  |TAMS 0x0000000081a00000, 0x0000000081900000| Complete 
|  26|0x0000000081a00000, 0x0000000081b00000, 0x0000000081b00000|100%| O|  |TAMS 0x0000000081b00000, 0x0000000081a00000| Untracked 
|  27|0x0000000081b00000, 0x0000000081c00000, 0x0000000081c00000|100%| O|  |TAMS 0x0000000081c00000, 0x0000000081b00000| Untracked 
|  28|0x0000000081c00000, 0x0000000081d00000, 0x0000000081d00000|100%| O|  |TAMS 0x0000000081d00000, 0x0000000081c00000| Untracked 
|  29|0x0000000081d00000, 0x0000000081e00000, 0x0000000081e00000|100%|HS|  |TAMS 0x0000000081e00000, 0x0000000081d00000| Complete 
|  30|0x0000000081e00000, 0x0000000081f00000, 0x0000000081f00000|100%| O|  |TAMS 0x0000000081f00000, 0x0000000081e00000| Untracked 
|  31|0x0000000081f00000, 0x0000000082000000, 0x0000000082000000|100%| O|  |TAMS 0x0000000082000000, 0x0000000081f00000| Untracked 
|  32|0x0000000082000000, 0x0000000082100000, 0x0000000082100000|100%| O|  |TAMS 0x0000000082100000, 0x0000000082000000| Untracked 
|  33|0x0000000082100000, 0x0000000082200000, 0x0000000082200000|100%| O|  |TAMS 0x0000000082200000, 0x0000000082100000| Untracked 
|  34|0x0000000082200000, 0x0000000082300000, 0x0000000082300000|100%| O|  |TAMS 0x0000000082300000, 0x0000000082200000| Untracked 
|  35|0x0000000082300000, 0x0000000082400000, 0x0000000082400000|100%| O|  |TAMS 0x0000000082400000, 0x0000000082300000| Untracked 
|  36|0x0000000082400000, 0x0000000082500000, 0x0000000082500000|100%|HS|  |TAMS 0x0000000082500000, 0x0000000082400000| Complete 
|  37|0x0000000082500000, 0x0000000082600000, 0x0000000082600000|100%|HC|  |TAMS 0x0000000082600000, 0x0000000082500000| Complete 
|  38|0x0000000082600000, 0x0000000082700000, 0x0000000082700000|100%|HC|  |TAMS 0x0000000082700000, 0x0000000082600000| Complete 
|  39|0x0000000082700000, 0x0000000082800000, 0x0000000082800000|100%| O|  |TAMS 0x0000000082800000, 0x0000000082700000| Untracked 
|  40|0x0000000082800000, 0x0000000082900000, 0x0000000082900000|100%| O|  |TAMS 0x0000000082900000, 0x0000000082800000| Untracked 
|  41|0x0000000082900000, 0x0000000082a00000, 0x0000000082a00000|100%| O|  |TAMS 0x0000000082a00000, 0x0000000082900000| Untracked 
|  42|0x0000000082a00000, 0x0000000082b00000, 0x0000000082b00000|100%| O|  |TAMS 0x0000000082b00000, 0x0000000082a00000| Untracked 
|  43|0x0000000082b00000, 0x0000000082c00000, 0x0000000082c00000|100%| O|  |TAMS 0x0000000082c00000, 0x0000000082b00000| Untracked 
|  44|0x0000000082c00000, 0x0000000082d00000, 0x0000000082d00000|100%|HS|  |TAMS 0x0000000082d00000, 0x0000000082c00000| Complete 
|  45|0x0000000082d00000, 0x0000000082e00000, 0x0000000082e00000|100%|HC|  |TAMS 0x0000000082e00000, 0x0000000082d00000| Complete 
|  46|0x0000000082e00000, 0x0000000082f00000, 0x0000000082f00000|100%|HC|  |TAMS 0x0000000082f00000, 0x0000000082e00000| Complete 
|  47|0x0000000082f00000, 0x0000000083000000, 0x0000000083000000|100%|HC|  |TAMS 0x0000000083000000, 0x0000000082f00000| Complete 
|  48|0x0000000083000000, 0x0000000083100000, 0x0000000083100000|100%| O|  |TAMS 0x0000000083100000, 0x0000000083000000| Untracked 
|  49|0x0000000083100000, 0x0000000083200000, 0x0000000083200000|100%| O|  |TAMS 0x0000000083200000, 0x0000000083100000| Untracked 
|  50|0x0000000083200000, 0x0000000083300000, 0x0000000083300000|100%| O|  |TAMS 0x0000000083300000, 0x0000000083200000| Untracked 
|  51|0x0000000083300000, 0x0000000083400000, 0x0000000083400000|100%|HS|  |TAMS 0x0000000083400000, 0x0000000083300000| Complete 
|  52|0x0000000083400000, 0x0000000083500000, 0x0000000083500000|100%|HS|  |TAMS 0x0000000083500000, 0x0000000083400000| Complete 
|  53|0x0000000083500000, 0x0000000083600000, 0x0000000083600000|100%| O|  |TAMS 0x0000000083600000, 0x0000000083500000| Untracked 
|  54|0x0000000083600000, 0x0000000083700000, 0x0000000083700000|100%| O|  |TAMS 0x0000000083700000, 0x0000000083600000| Untracked 
|  55|0x0000000083700000, 0x0000000083800000, 0x0000000083800000|100%| O|  |TAMS 0x0000000083800000, 0x0000000083700000| Untracked 
|  56|0x0000000083800000, 0x0000000083900000, 0x0000000083900000|100%| O|  |TAMS 0x0000000083900000, 0x0000000083800000| Untracked 
|  57|0x0000000083900000, 0x0000000083a00000, 0x0000000083a00000|100%|HS|  |TAMS 0x0000000083a00000, 0x0000000083900000| Complete 
|  58|0x0000000083a00000, 0x0000000083b00000, 0x0000000083b00000|100%|HS|  |TAMS 0x0000000083b00000, 0x0000000083a00000| Complete 
|  59|0x0000000083b00000, 0x0000000083c00000, 0x0000000083c00000|100%|HC|  |TAMS 0x0000000083c00000, 0x0000000083b00000| Complete 
|  60|0x0000000083c00000, 0x0000000083d00000, 0x0000000083d00000|100%|HC|  |TAMS 0x0000000083d00000, 0x0000000083c00000| Complete 
|  61|0x0000000083d00000, 0x0000000083e00000, 0x0000000083e00000|100%|HS|  |TAMS 0x0000000083e00000, 0x0000000083d00000| Complete 
|  62|0x0000000083e00000, 0x0000000083f00000, 0x0000000083f00000|100%|HC|  |TAMS 0x0000000083f00000, 0x0000000083e00000| Complete 
|  63|0x0000000083f00000, 0x0000000084000000, 0x0000000084000000|100%| O|  |TAMS 0x0000000084000000, 0x0000000083f00000| Untracked 
|  64|0x0000000084000000, 0x0000000084100000, 0x0000000084100000|100%| O|  |TAMS 0x0000000084100000, 0x0000000084000000| Untracked 
|  65|0x0000000084100000, 0x0000000084200000, 0x0000000084200000|100%| O|  |TAMS 0x0000000084200000, 0x0000000084100000| Untracked 
|  66|0x0000000084200000, 0x0000000084300000, 0x0000000084300000|100%| O|  |TAMS 0x0000000084300000, 0x0000000084200000| Untracked 
|  67|0x0000000084300000, 0x0000000084400000, 0x0000000084400000|100%| O|  |TAMS 0x0000000084400000, 0x0000000084300000| Untracked 
|  68|0x0000000084400000, 0x0000000084500000, 0x0000000084500000|100%| O|  |TAMS 0x0000000084500000, 0x0000000084400000| Untracked 
|  69|0x0000000084500000, 0x0000000084600000, 0x0000000084600000|100%| O|  |TAMS 0x0000000084600000, 0x0000000084500000| Untracked 
|  70|0x0000000084600000, 0x0000000084700000, 0x0000000084700000|100%| O|  |TAMS 0x0000000084700000, 0x0000000084600000| Untracked 
|  71|0x0000000084700000, 0x0000000084800000, 0x0000000084800000|100%| O|  |TAMS 0x0000000084800000, 0x0000000084700000| Untracked 
|  72|0x0000000084800000, 0x0000000084900000, 0x0000000084900000|100%| O|  |TAMS 0x0000000084900000, 0x0000000084800000| Untracked 
|  73|0x0000000084900000, 0x0000000084a00000, 0x0000000084a00000|100%| O|  |TAMS 0x0000000084a00000, 0x0000000084900000| Untracked 
|  74|0x0000000084a00000, 0x0000000084b00000, 0x0000000084b00000|100%| O|  |TAMS 0x0000000084b00000, 0x0000000084a00000| Untracked 
|  75|0x0000000084b00000, 0x0000000084c00000, 0x0000000084c00000|100%| O|  |TAMS 0x0000000084c00000, 0x0000000084b00000| Untracked 
|  76|0x0000000084c00000, 0x0000000084d00000, 0x0000000084d00000|100%| O|  |TAMS 0x0000000084d00000, 0x0000000084c00000| Untracked 
|  77|0x0000000084d00000, 0x0000000084e00000, 0x0000000084e00000|100%| O|  |TAMS 0x0000000084e00000, 0x0000000084d00000| Untracked 
|  78|0x0000000084e00000, 0x0000000084f00000, 0x0000000084f00000|100%| O|  |TAMS 0x0000000084f00000, 0x0000000084e00000| Untracked 
|  79|0x0000000084f00000, 0x0000000085000000, 0x0000000085000000|100%| O|  |TAMS 0x0000000085000000, 0x0000000084f00000| Untracked 
|  80|0x0000000085000000, 0x0000000085100000, 0x0000000085100000|100%| O|  |TAMS 0x0000000085100000, 0x0000000085000000| Untracked 
|  81|0x0000000085100000, 0x0000000085200000, 0x0000000085200000|100%| O|  |TAMS 0x0000000085200000, 0x0000000085100000| Untracked 
|  82|0x0000000085200000, 0x0000000085300000, 0x0000000085300000|100%| O|  |TAMS 0x0000000085300000, 0x0000000085200000| Untracked 
|  83|0x0000000085300000, 0x0000000085400000, 0x0000000085400000|100%| O|  |TAMS 0x0000000085400000, 0x0000000085300000| Untracked 
|  84|0x0000000085400000, 0x0000000085500000, 0x0000000085500000|100%| O|  |TAMS 0x0000000085500000, 0x0000000085400000| Untracked 
|  85|0x0000000085500000, 0x0000000085600000, 0x0000000085600000|100%| O|  |TAMS 0x0000000085600000, 0x0000000085500000| Untracked 
|  86|0x0000000085600000, 0x0000000085700000, 0x0000000085700000|100%| O|  |TAMS 0x0000000085700000, 0x0000000085600000| Untracked 
|  87|0x0000000085700000, 0x0000000085800000, 0x0000000085800000|100%| O|  |TAMS 0x0000000085800000, 0x0000000085700000| Untracked 
|  88|0x0000000085800000, 0x0000000085900000, 0x0000000085900000|100%|HS|  |TAMS 0x0000000085900000, 0x0000000085800000| Complete 
|  89|0x0000000085900000, 0x0000000085a00000, 0x0000000085a00000|100%|HC|  |TAMS 0x0000000085a00000, 0x0000000085900000| Complete 
|  90|0x0000000085a00000, 0x0000000085b00000, 0x0000000085b00000|100%|HS|  |TAMS 0x0000000085b00000, 0x0000000085a00000| Complete 
|  91|0x0000000085b00000, 0x0000000085c00000, 0x0000000085c00000|100%|HC|  |TAMS 0x0000000085c00000, 0x0000000085b00000| Complete 
|  92|0x0000000085c00000, 0x0000000085d00000, 0x0000000085d00000|100%|HC|  |TAMS 0x0000000085d00000, 0x0000000085c00000| Complete 
|  93|0x0000000085d00000, 0x0000000085e00000, 0x0000000085e00000|100%|HS|  |TAMS 0x0000000085e00000, 0x0000000085d00000| Complete 
|  94|0x0000000085e00000, 0x0000000085f00000, 0x0000000085f00000|100%|HS|  |TAMS 0x0000000085f00000, 0x0000000085e00000| Complete 
|  95|0x0000000085f00000, 0x0000000086000000, 0x0000000086000000|100%|HC|  |TAMS 0x0000000086000000, 0x0000000085f00000| Complete 
|  96|0x0000000086000000, 0x0000000086100000, 0x0000000086100000|100%|HC|  |TAMS 0x0000000086100000, 0x0000000086000000| Complete 
|  97|0x0000000086100000, 0x0000000086200000, 0x0000000086200000|100%|HC|  |TAMS 0x0000000086200000, 0x0000000086100000| Complete 
|  98|0x0000000086200000, 0x0000000086300000, 0x0000000086300000|100%| O|  |TAMS 0x0000000086300000, 0x0000000086200000| Untracked 
|  99|0x0000000086300000, 0x0000000086400000, 0x0000000086400000|100%| O|  |TAMS 0x0000000086400000, 0x0000000086300000| Untracked 
| 100|0x0000000086400000, 0x0000000086500000, 0x0000000086500000|100%| O|  |TAMS 0x0000000086500000, 0x0000000086400000| Untracked 
| 101|0x0000000086500000, 0x0000000086600000, 0x0000000086600000|100%| O|  |TAMS 0x0000000086600000, 0x0000000086500000| Untracked 
| 102|0x0000000086600000, 0x0000000086700000, 0x0000000086700000|100%| O|  |TAMS 0x0000000086700000, 0x0000000086600000| Untracked 
| 103|0x0000000086700000, 0x0000000086800000, 0x0000000086800000|100%| O|  |TAMS 0x0000000086800000, 0x0000000086700000| Untracked 
| 104|0x0000000086800000, 0x0000000086900000, 0x0000000086900000|100%| O|  |TAMS 0x0000000086900000, 0x0000000086800000| Untracked 
| 105|0x0000000086900000, 0x0000000086a00000, 0x0000000086a00000|100%| O|  |TAMS 0x0000000086a00000, 0x0000000086900000| Untracked 
| 106|0x0000000086a00000, 0x0000000086b00000, 0x0000000086b00000|100%| O|  |TAMS 0x0000000086b00000, 0x0000000086a00000| Untracked 
| 107|0x0000000086b00000, 0x0000000086c00000, 0x0000000086c00000|100%| O|  |TAMS 0x0000000086c00000, 0x0000000086b00000| Untracked 
| 108|0x0000000086c00000, 0x0000000086d00000, 0x0000000086d00000|100%| O|  |TAMS 0x0000000086d00000, 0x0000000086c00000| Untracked 
| 109|0x0000000086d00000, 0x0000000086e00000, 0x0000000086e00000|100%| O|  |TAMS 0x0000000086d45200, 0x0000000086d00000| Untracked 
| 110|0x0000000086e00000, 0x0000000086e00000, 0x0000000086f00000|  0%| F|  |TAMS 0x0000000086e00000, 0x0000000086e00000| Untracked 
| 111|0x0000000086f00000, 0x0000000087000000, 0x0000000087000000|100%| O|  |TAMS 0x0000000086f00000, 0x0000000086f00000| Untracked 
| 112|0x0000000087000000, 0x0000000087100000, 0x0000000087100000|100%| O|  |TAMS 0x0000000087000000, 0x0000000087000000| Untracked 
| 113|0x0000000087100000, 0x0000000087200000, 0x0000000087200000|100%| O|  |TAMS 0x0000000087200000, 0x0000000087100000| Untracked 
| 114|0x0000000087200000, 0x0000000087300000, 0x0000000087300000|100%| O|  |TAMS 0x0000000087300000, 0x0000000087200000| Untracked 
| 115|0x0000000087300000, 0x0000000087400000, 0x0000000087400000|100%| O|  |TAMS 0x0000000087400000, 0x0000000087300000| Untracked 
| 116|0x0000000087400000, 0x000000008744fa00, 0x0000000087500000| 31%| O|  |TAMS 0x0000000087400000, 0x0000000087400000| Untracked 
| 117|0x0000000087500000, 0x0000000087500000, 0x0000000087600000|  0%| F|  |TAMS 0x0000000087500000, 0x0000000087500000| Untracked 
| 118|0x0000000087600000, 0x0000000087600000, 0x0000000087700000|  0%| F|  |TAMS 0x0000000087600000, 0x0000000087600000| Untracked 
| 119|0x0000000087700000, 0x0000000087700000, 0x0000000087800000|  0%| F|  |TAMS 0x0000000087700000, 0x0000000087700000| Untracked 
| 120|0x0000000087800000, 0x0000000087800000, 0x0000000087900000|  0%| F|  |TAMS 0x0000000087800000, 0x0000000087800000| Untracked 
| 121|0x0000000087900000, 0x0000000087900000, 0x0000000087a00000|  0%| F|  |TAMS 0x0000000087900000, 0x0000000087900000| Untracked 
| 122|0x0000000087a00000, 0x0000000087a00000, 0x0000000087b00000|  0%| F|  |TAMS 0x0000000087a00000, 0x0000000087a00000| Untracked 
| 123|0x0000000087b00000, 0x0000000087b00000, 0x0000000087c00000|  0%| F|  |TAMS 0x0000000087b00000, 0x0000000087b00000| Untracked 
| 124|0x0000000087c00000, 0x0000000087c00000, 0x0000000087d00000|  0%| F|  |TAMS 0x0000000087c00000, 0x0000000087c00000| Untracked 
| 125|0x0000000087d00000, 0x0000000087d00000, 0x0000000087e00000|  0%| F|  |TAMS 0x0000000087d00000, 0x0000000087d00000| Untracked 
| 126|0x0000000087e00000, 0x0000000087e00000, 0x0000000087f00000|  0%| F|  |TAMS 0x0000000087e00000, 0x0000000087e00000| Untracked 
| 127|0x0000000087f00000, 0x0000000087f00000, 0x0000000088000000|  0%| F|  |TAMS 0x0000000087f00000, 0x0000000087f00000| Untracked 
| 128|0x0000000088000000, 0x0000000088000000, 0x0000000088100000|  0%| F|  |TAMS 0x0000000088000000, 0x0000000088000000| Untracked 
| 129|0x0000000088100000, 0x0000000088100000, 0x0000000088200000|  0%| F|  |TAMS 0x0000000088100000, 0x0000000088100000| Untracked 
| 130|0x0000000088200000, 0x0000000088200000, 0x0000000088300000|  0%| F|  |TAMS 0x0000000088200000, 0x0000000088200000| Untracked 
| 131|0x0000000088300000, 0x0000000088300000, 0x0000000088400000|  0%| F|  |TAMS 0x0000000088300000, 0x0000000088300000| Untracked 
| 132|0x0000000088400000, 0x0000000088400000, 0x0000000088500000|  0%| F|  |TAMS 0x0000000088400000, 0x0000000088400000| Untracked 
| 133|0x0000000088500000, 0x0000000088500000, 0x0000000088600000|  0%| F|  |TAMS 0x0000000088500000, 0x0000000088500000| Untracked 
| 134|0x0000000088600000, 0x0000000088600000, 0x0000000088700000|  0%| F|  |TAMS 0x0000000088600000, 0x0000000088600000| Untracked 
| 135|0x0000000088700000, 0x0000000088700000, 0x0000000088800000|  0%| F|  |TAMS 0x0000000088700000, 0x0000000088700000| Untracked 
| 136|0x0000000088800000, 0x0000000088800000, 0x0000000088900000|  0%| F|  |TAMS 0x0000000088800000, 0x0000000088800000| Untracked 
| 137|0x0000000088900000, 0x0000000088900000, 0x0000000088a00000|  0%| F|  |TAMS 0x0000000088900000, 0x0000000088900000| Untracked 
| 138|0x0000000088a00000, 0x0000000088a00000, 0x0000000088b00000|  0%| F|  |TAMS 0x0000000088a00000, 0x0000000088a00000| Untracked 
| 139|0x0000000088b00000, 0x0000000088b00000, 0x0000000088c00000|  0%| F|  |TAMS 0x0000000088b00000, 0x0000000088b00000| Untracked 
| 140|0x0000000088c00000, 0x0000000088c00000, 0x0000000088d00000|  0%| F|  |TAMS 0x0000000088c00000, 0x0000000088c00000| Untracked 
| 141|0x0000000088d00000, 0x0000000088e00000, 0x0000000088e00000|100%| S|CS|TAMS 0x0000000088d00000, 0x0000000088d00000| Complete 
| 142|0x0000000088e00000, 0x0000000088f00000, 0x0000000088f00000|100%| S|CS|TAMS 0x0000000088e00000, 0x0000000088e00000| Complete 
| 143|0x0000000088f00000, 0x0000000088f00000, 0x0000000089000000|  0%| F|  |TAMS 0x0000000088f00000, 0x0000000088f00000| Untracked 
| 144|0x0000000089000000, 0x0000000089000000, 0x0000000089100000|  0%| F|  |TAMS 0x0000000089000000, 0x0000000089000000| Untracked 
| 145|0x0000000089100000, 0x0000000089100000, 0x0000000089200000|  0%| F|  |TAMS 0x0000000089100000, 0x0000000089100000| Untracked 
| 146|0x0000000089200000, 0x0000000089200000, 0x0000000089300000|  0%| F|  |TAMS 0x0000000089200000, 0x0000000089200000| Untracked 
| 147|0x0000000089300000, 0x0000000089300000, 0x0000000089400000|  0%| F|  |TAMS 0x0000000089300000, 0x0000000089300000| Untracked 
| 148|0x0000000089400000, 0x0000000089400000, 0x0000000089500000|  0%| F|  |TAMS 0x0000000089400000, 0x0000000089400000| Untracked 
| 149|0x0000000089500000, 0x0000000089513ef0, 0x0000000089600000|  7%| E|  |TAMS 0x0000000089500000, 0x0000000089500000| Complete 
| 150|0x0000000089600000, 0x0000000089700000, 0x0000000089700000|100%| E|CS|TAMS 0x0000000089600000, 0x0000000089600000| Complete 
| 151|0x0000000089700000, 0x0000000089800000, 0x0000000089800000|100%| E|CS|TAMS 0x0000000089700000, 0x0000000089700000| Complete 
| 152|0x0000000089800000, 0x0000000089900000, 0x0000000089900000|100%| E|CS|TAMS 0x0000000089800000, 0x0000000089800000| Complete 
| 153|0x0000000089900000, 0x0000000089a00000, 0x0000000089a00000|100%| E|CS|TAMS 0x0000000089900000, 0x0000000089900000| Complete 
| 154|0x0000000089a00000, 0x0000000089b00000, 0x0000000089b00000|100%| E|CS|TAMS 0x0000000089a00000, 0x0000000089a00000| Complete 
| 155|0x0000000089b00000, 0x0000000089c00000, 0x0000000089c00000|100%| E|CS|TAMS 0x0000000089b00000, 0x0000000089b00000| Complete 
| 156|0x0000000089c00000, 0x0000000089d00000, 0x0000000089d00000|100%| E|CS|TAMS 0x0000000089c00000, 0x0000000089c00000| Complete 
| 157|0x0000000089d00000, 0x0000000089e00000, 0x0000000089e00000|100%| E|CS|TAMS 0x0000000089d00000, 0x0000000089d00000| Complete 
| 158|0x0000000089e00000, 0x0000000089f00000, 0x0000000089f00000|100%| E|CS|TAMS 0x0000000089e00000, 0x0000000089e00000| Complete 
| 159|0x0000000089f00000, 0x000000008a000000, 0x000000008a000000|100%| E|CS|TAMS 0x0000000089f00000, 0x0000000089f00000| Complete 
| 160|0x000000008a000000, 0x000000008a100000, 0x000000008a100000|100%| E|CS|TAMS 0x000000008a000000, 0x000000008a000000| Complete 
| 161|0x000000008a100000, 0x000000008a200000, 0x000000008a200000|100%| E|CS|TAMS 0x000000008a100000, 0x000000008a100000| Complete 
| 162|0x000000008a200000, 0x000000008a300000, 0x000000008a300000|100%| E|CS|TAMS 0x000000008a200000, 0x000000008a200000| Complete 
| 163|0x000000008a300000, 0x000000008a400000, 0x000000008a400000|100%| E|CS|TAMS 0x000000008a300000, 0x000000008a300000| Complete 
| 164|0x000000008a400000, 0x000000008a500000, 0x000000008a500000|100%| E|CS|TAMS 0x000000008a400000, 0x000000008a400000| Complete 
| 165|0x000000008a500000, 0x000000008a600000, 0x000000008a600000|100%| E|CS|TAMS 0x000000008a500000, 0x000000008a500000| Complete 
| 166|0x000000008a600000, 0x000000008a700000, 0x000000008a700000|100%| E|CS|TAMS 0x000000008a600000, 0x000000008a600000| Complete 
| 167|0x000000008a700000, 0x000000008a800000, 0x000000008a800000|100%| E|CS|TAMS 0x000000008a700000, 0x000000008a700000| Complete 
| 168|0x000000008a800000, 0x000000008a900000, 0x000000008a900000|100%| E|CS|TAMS 0x000000008a800000, 0x000000008a800000| Complete 
| 169|0x000000008a900000, 0x000000008aa00000, 0x000000008aa00000|100%| E|CS|TAMS 0x000000008a900000, 0x000000008a900000| Complete 
| 170|0x000000008aa00000, 0x000000008ab00000, 0x000000008ab00000|100%| E|CS|TAMS 0x000000008aa00000, 0x000000008aa00000| Complete 
| 171|0x000000008ab00000, 0x000000008ac00000, 0x000000008ac00000|100%| E|CS|TAMS 0x000000008ab00000, 0x000000008ab00000| Complete 
| 172|0x000000008ac00000, 0x000000008ad00000, 0x000000008ad00000|100%| E|CS|TAMS 0x000000008ac00000, 0x000000008ac00000| Complete 
| 173|0x000000008ad00000, 0x000000008ae00000, 0x000000008ae00000|100%| E|CS|TAMS 0x000000008ad00000, 0x000000008ad00000| Complete 
| 174|0x000000008ae00000, 0x000000008af00000, 0x000000008af00000|100%| E|CS|TAMS 0x000000008ae00000, 0x000000008ae00000| Complete 
| 175|0x000000008af00000, 0x000000008b000000, 0x000000008b000000|100%| E|CS|TAMS 0x000000008af00000, 0x000000008af00000| Complete 
| 176|0x000000008b000000, 0x000000008b100000, 0x000000008b100000|100%| E|CS|TAMS 0x000000008b000000, 0x000000008b000000| Complete 
| 177|0x000000008b100000, 0x000000008b200000, 0x000000008b200000|100%| E|CS|TAMS 0x000000008b100000, 0x000000008b100000| Complete 
| 178|0x000000008b200000, 0x000000008b300000, 0x000000008b300000|100%| E|CS|TAMS 0x000000008b200000, 0x000000008b200000| Complete 
| 179|0x000000008b300000, 0x000000008b400000, 0x000000008b400000|100%| E|CS|TAMS 0x000000008b300000, 0x000000008b300000| Complete 
| 180|0x000000008b400000, 0x000000008b500000, 0x000000008b500000|100%| E|CS|TAMS 0x000000008b400000, 0x000000008b400000| Complete 
| 181|0x000000008b500000, 0x000000008b600000, 0x000000008b600000|100%| E|CS|TAMS 0x000000008b500000, 0x000000008b500000| Complete 
| 182|0x000000008b600000, 0x000000008b700000, 0x000000008b700000|100%| E|CS|TAMS 0x000000008b600000, 0x000000008b600000| Complete 

Card table byte_map: [0x0000023921aa0000,0x0000023921ea0000] _byte_map_base: 0x00000239216a0000

Marking Bits (Prev, Next): (CMBitMap*) 0x000002390e8a7b40, (CMBitMap*) 0x000002390e8a7b08
 Prev Bits: [0x00000239242a0000, 0x00000239262a0000)
 Next Bits: [0x00000239222a0000, 0x00000239242a0000)

Polling page: 0x000002390c840000

Metaspace:

Usage:
  Non-class:     92.27 MB capacity,    90.75 MB ( 98%) used,     1.26 MB (  1%) free+waste,   268.94 KB ( <1%) overhead. 
      Class:     14.18 MB capacity,    13.32 MB ( 94%) used,   764.74 KB (  5%) free+waste,   122.38 KB ( <1%) overhead. 
       Both:    106.46 MB capacity,   104.07 MB ( 98%) used,     2.00 MB (  2%) free+waste,   391.31 KB ( <1%) overhead. 

Virtual space:
  Non-class space:       94.00 MB reserved,      92.50 MB ( 98%) committed 
      Class space:        1.00 GB reserved,      14.20 MB (  1%) committed 
             Both:        1.09 GB reserved,     106.70 MB ( 10%) committed 

Chunk freelists:
   Non-Class:  42.00 KB
       Class:  4.00 KB
        Both:  46.00 KB

MaxMetaspaceSize: 17179869184.00 GB
CompressedClassSpaceSize: 1.00 GB
Initial GC threshold: 20.80 MB
Current GC threshold: 165.33 MB
CDS: off

CodeHeap 'non-profiled nmethods': size=120000Kb used=6458Kb max_used=6458Kb free=113541Kb
 bounds [0x0000023919e30000, 0x000002391a480000, 0x0000023921360000]
CodeHeap 'profiled nmethods': size=120000Kb used=24728Kb max_used=24728Kb free=95271Kb
 bounds [0x0000023912900000, 0x0000023914130000, 0x0000023919e30000]
CodeHeap 'non-nmethods': size=5760Kb used=2431Kb max_used=2476Kb free=3328Kb
 bounds [0x0000023912360000, 0x00000239125e0000, 0x0000023912900000]
 total_blobs=12274 nmethods=11325 adapters=861
 compilation: enabled
              stopped_count=0, restarted_count=0
 full_count=0

Compilation events (20 events):
Event: 66.981 Thread 0x0000023929569800 11502  s    2       org.gradle.api.internal.artifacts.configurations.DefaultConfiguration::initAllArtifacts (228 bytes)
Event: 66.982 Thread 0x0000023929569800 nmethod 11502 0x000002391411f390 code [0x000002391411f640, 0x0000023914120478]
Event: 66.982 Thread 0x0000023929569800 11499       2       org.gradle.api.internal.artifacts.configurations.DefaultConfiguration_Decorated::getHierarchy (40 bytes)
Event: 66.982 Thread 0x0000023929569800 nmethod 11499 0x0000023914120890 code [0x0000023914120a80, 0x0000023914120cb8]
Event: 66.982 Thread 0x0000023929569800 11500       2       org.gradle.api.internal.artifacts.configurations.DefaultConfiguration::getHierarchy (37 bytes)
Event: 66.983 Thread 0x0000023929569800 nmethod 11500 0x0000023914120e10 code [0x0000023914121040, 0x0000023914121578]
Event: 66.983 Thread 0x0000023929569800 11497       2       org.gradle.api.internal.artifacts.configurations.DefaultConfiguration_Decorated::getResolutionStrategy (40 bytes)
Event: 66.983 Thread 0x0000023929569800 nmethod 11497 0x0000023914121790 code [0x0000023914121980, 0x0000023914121bb8]
Event: 66.983 Thread 0x0000023929569800 11498       2       org.gradle.api.internal.artifacts.configurations.DefaultConfiguration::getResolutionStrategy (43 bytes)
Event: 66.983 Thread 0x0000023929569800 nmethod 11498 0x0000023914121d10 code [0x0000023914121ee0, 0x0000023914122138]
Event: 66.983 Thread 0x0000023929569800 11504       2       com.google.common.collect.SingletonImmutableSet::contains (9 bytes)
Event: 66.983 Thread 0x0000023929569800 nmethod 11504 0x0000023914122210 code [0x00000239141223c0, 0x00000239141224e8]
Event: 66.983 Thread 0x0000023929569800 11503       1       org.gradle.internal.component.local.model.DefaultLocalComponentMetadata$DefaultLocalConfigurationMetadata::getName (5 bytes)
Event: 66.983 Thread 0x0000023929569800 nmethod 11503 0x000002391a47e290 code [0x000002391a47e440, 0x000002391a47e4f8]
Event: 66.983 Thread 0x0000023929569800 11505       2       org.gradle.internal.component.local.model.DefaultLocalComponentMetadata$DefaultLocalConfigurationMetadata::include (12 bytes)
Event: 66.984 Thread 0x0000023929569800 nmethod 11505 0x0000023914122590 code [0x0000023914122740, 0x0000023914122868]
Event: 66.984 Thread 0x0000023929569800 11506       2       org.gradle.api.internal.project.DefaultProject::getExtensions (5 bytes)
Event: 66.984 Thread 0x0000023929569800 nmethod 11506 0x0000023914122990 code [0x0000023914122b40, 0x0000023914122c98]
Event: 66.992 Thread 0x0000023929569800 11507       2       org.gradle.internal.Actions::doNothing (4 bytes)
Event: 66.993 Thread 0x0000023929569800 nmethod 11507 0x0000023914122d90 code [0x0000023914122f40, 0x0000023914123018]

GC Heap History (20 events):
Event: 12.248 GC heap before
{Heap before GC invocations=27 (full 0):
 garbage-first heap   total 155648K, used 121415K [0x0000000080000000, 0x0000000100000000)
  region size 1024K, 34 young (34816K), 3 survivors (3072K)
 Metaspace       used 85849K, capacity 87912K, committed 88140K, reserved 1126400K
  class space    used 11059K, capacity 11814K, committed 11852K, reserved 1048576K
}
Event: 12.262 GC heap after
{Heap after GC invocations=28 (full 0):
 garbage-first heap   total 155648K, used 96256K [0x0000000080000000, 0x0000000100000000)
  region size 1024K, 6 young (6144K), 6 survivors (6144K)
 Metaspace       used 85849K, capacity 87912K, committed 88140K, reserved 1126400K
  class space    used 11059K, capacity 11814K, committed 11852K, reserved 1048576K
}
Event: 12.781 GC heap before
{Heap before GC invocations=29 (full 0):
 garbage-first heap   total 155648K, used 139264K [0x0000000080000000, 0x0000000100000000)
  region size 1024K, 39 young (39936K), 6 survivors (6144K)
 Metaspace       used 89388K, capacity 91606K, committed 91724K, reserved 1128448K
  class space    used 11546K, capacity 12329K, committed 12364K, reserved 1048576K
}
Event: 12.791 GC heap after
{Heap after GC invocations=30 (full 0):
 garbage-first heap   total 187392K, used 112640K [0x0000000080000000, 0x0000000100000000)
  region size 1024K, 5 young (5120K), 5 survivors (5120K)
 Metaspace       used 89388K, capacity 91606K, committed 91724K, reserved 1128448K
  class space    used 11546K, capacity 12329K, committed 12364K, reserved 1048576K
}
Event: 15.052 GC heap before
{Heap before GC invocations=30 (full 0):
 garbage-first heap   total 187392K, used 148480K [0x0000000080000000, 0x0000000100000000)
  region size 1024K, 41 young (41984K), 5 survivors (5120K)
 Metaspace       used 92932K, capacity 95185K, committed 95308K, reserved 1132544K
  class space    used 11986K, capacity 12773K, committed 12876K, reserved 1048576K
}
Event: 15.059 GC heap after
{Heap after GC invocations=31 (full 0):
 garbage-first heap   total 187392K, used 115070K [0x0000000080000000, 0x0000000100000000)
  region size 1024K, 2 young (2048K), 2 survivors (2048K)
 Metaspace       used 92932K, capacity 95185K, committed 95308K, reserved 1132544K
  class space    used 11986K, capacity 12773K, committed 12876K, reserved 1048576K
}
Event: 24.687 GC heap before
{Heap before GC invocations=32 (full 0):
 garbage-first heap   total 187392K, used 151934K [0x0000000080000000, 0x0000000100000000)
  region size 1024K, 38 young (38912K), 2 survivors (2048K)
 Metaspace       used 93266K, capacity 95452K, committed 95564K, reserved 1132544K
  class space    used 11987K, capacity 12773K, committed 12876K, reserved 1048576K
}
Event: 24.690 GC heap after
{Heap after GC invocations=33 (full 0):
 garbage-first heap   total 187392K, used 115093K [0x0000000080000000, 0x0000000100000000)
  region size 1024K, 2 young (2048K), 2 survivors (2048K)
 Metaspace       used 93266K, capacity 95452K, committed 95564K, reserved 1132544K
  class space    used 11987K, capacity 12773K, committed 12876K, reserved 1048576K
}
Event: 36.968 GC heap before
{Heap before GC invocations=33 (full 0):
 garbage-first heap   total 187392K, used 152981K [0x0000000080000000, 0x0000000100000000)
  region size 1024K, 39 young (39936K), 2 survivors (2048K)
 Metaspace       used 93387K, capacity 95648K, committed 95820K, reserved 1132544K
  class space    used 11987K, capacity 12773K, committed 12876K, reserved 1048576K
}
Event: 36.975 GC heap after
{Heap after GC invocations=34 (full 0):
 garbage-first heap   total 187392K, used 115285K [0x0000000080000000, 0x0000000100000000)
  region size 1024K, 2 young (2048K), 2 survivors (2048K)
 Metaspace       used 93387K, capacity 95648K, committed 95820K, reserved 1132544K
  class space    used 11987K, capacity 12773K, committed 12876K, reserved 1048576K
}
Event: 52.939 GC heap before
{Heap before GC invocations=35 (full 0):
 garbage-first heap   total 187392K, used 154197K [0x0000000080000000, 0x0000000100000000)
  region size 1024K, 40 young (40960K), 2 survivors (2048K)
 Metaspace       used 93477K, capacity 95754K, committed 96076K, reserved 1132544K
  class space    used 11982K, capacity 12764K, committed 12876K, reserved 1048576K
}
Event: 52.945 GC heap after
{Heap after GC invocations=36 (full 0):
 garbage-first heap   total 187392K, used 115394K [0x0000000080000000, 0x0000000100000000)
  region size 1024K, 2 young (2048K), 2 survivors (2048K)
 Metaspace       used 93477K, capacity 95754K, committed 96076K, reserved 1132544K
  class space    used 11982K, capacity 12764K, committed 12876K, reserved 1048576K
}
Event: 65.222 GC heap before
{Heap before GC invocations=36 (full 0):
 garbage-first heap   total 187392K, used 155330K [0x0000000080000000, 0x0000000100000000)
  region size 1024K, 41 young (41984K), 2 survivors (2048K)
 Metaspace       used 94174K, capacity 96414K, committed 96716K, reserved 1132544K
  class space    used 12049K, capacity 12873K, committed 13004K, reserved 1048576K
}
Event: 65.232 GC heap after
{Heap after GC invocations=37 (full 0):
 garbage-first heap   total 187392K, used 116369K [0x0000000080000000, 0x0000000100000000)
  region size 1024K, 3 young (3072K), 3 survivors (3072K)
 Metaspace       used 94174K, capacity 96414K, committed 96716K, reserved 1132544K
  class space    used 12049K, capacity 12873K, committed 13004K, reserved 1048576K
}
Event: 65.702 GC heap before
{Heap before GC invocations=38 (full 0):
 garbage-first heap   total 187392K, used 157329K [0x0000000080000000, 0x0000000100000000)
  region size 1024K, 43 young (44032K), 3 survivors (3072K)
 Metaspace       used 96323K, capacity 98612K, committed 98764K, reserved 1134592K
  class space    used 12347K, capacity 13216K, committed 13260K, reserved 1048576K
}
Event: 65.711 GC heap after
{Heap after GC invocations=39 (full 0):
 garbage-first heap   total 187392K, used 118301K [0x0000000080000000, 0x0000000100000000)
  region size 1024K, 5 young (5120K), 5 survivors (5120K)
 Metaspace       used 96323K, capacity 98612K, committed 98764K, reserved 1134592K
  class space    used 12347K, capacity 13216K, committed 13260K, reserved 1048576K
}
Event: 65.886 GC heap before
{Heap before GC invocations=39 (full 0):
 garbage-first heap   total 187392K, used 130589K [0x0000000080000000, 0x0000000100000000)
  region size 1024K, 18 young (18432K), 5 survivors (5120K)
 Metaspace       used 98062K, capacity 100286K, committed 100556K, reserved 1136640K
  class space    used 12560K, capacity 13410K, committed 13516K, reserved 1048576K
}
Event: 65.895 GC heap after
{Heap after GC invocations=40 (full 0):
 garbage-first heap   total 187392K, used 118986K [0x0000000080000000, 0x0000000100000000)
  region size 1024K, 4 young (4096K), 4 survivors (4096K)
 Metaspace       used 98062K, capacity 100286K, committed 100556K, reserved 1136640K
  class space    used 12560K, capacity 13410K, committed 13516K, reserved 1048576K
}
Event: 66.541 GC heap before
{Heap before GC invocations=41 (full 0):
 garbage-first heap   total 187392K, used 156874K [0x0000000080000000, 0x0000000100000000)
  region size 1024K, 40 young (40960K), 4 survivors (4096K)
 Metaspace       used 103875K, capacity 106232K, committed 106316K, reserved 1140736K
  class space    used 13269K, capacity 14142K, committed 14156K, reserved 1048576K
}
Event: 66.556 GC heap after
{Heap after GC invocations=42 (full 0):
 garbage-first heap   total 187392K, used 120126K [0x0000000080000000, 0x0000000100000000)
  region size 1024K, 2 young (2048K), 2 survivors (2048K)
 Metaspace       used 103875K, capacity 106232K, committed 106316K, reserved 1140736K
  class space    used 13269K, capacity 14142K, committed 14156K, reserved 1048576K
}

Deoptimization events (20 events):
Event: 66.556 Thread 0x0000023928d13000 Uncommon trap: trap_request=0xffffff4d fr.pc=0x000002391a38e5e0 relative=0x0000000000000780
Event: 66.556 Thread 0x0000023928d13000 Uncommon trap: reason=unstable_if action=reinterpret pc=0x000002391a38e5e0 method=java.lang.ThreadLocal.remove()V @ 9 c2
Event: 66.556 Thread 0x0000023928d13000 DEOPT PACKING pc=0x000002391a38e5e0 sp=0x0000005ce47feb50
Event: 66.556 Thread 0x0000023928d13000 DEOPT UNPACKING pc=0x00000239123685af sp=0x0000005ce47feb28 mode 2
Event: 66.744 Thread 0x00000239296dd000 Uncommon trap: trap_request=0xffffff4d fr.pc=0x000002391a0c129c relative=0x000000000000007c
Event: 66.744 Thread 0x00000239296dd000 Uncommon trap: reason=unstable_if action=reinterpret pc=0x000002391a0c129c method=java.util.Spliterator.getExactSizeIfKnown()J @ 9 c2
Event: 66.744 Thread 0x00000239296dd000 DEOPT PACKING pc=0x000002391a0c129c sp=0x0000005ce58fab00
Event: 66.744 Thread 0x00000239296dd000 DEOPT UNPACKING pc=0x00000239123685af sp=0x0000005ce58faa98 mode 2
Event: 66.791 Thread 0x00000239296dd000 Uncommon trap: trap_request=0xffffffde fr.pc=0x000002391a0c95f0 relative=0x0000000000000130
Event: 66.791 Thread 0x00000239296dd000 Uncommon trap: reason=class_check action=maybe_recompile pc=0x000002391a0c95f0 method=com.google.common.collect.ImmutableMap.entrySet()Lcom/google/common/collect/ImmutableSet; @ 11 c2
Event: 66.791 Thread 0x00000239296dd000 DEOPT PACKING pc=0x000002391a0c95f0 sp=0x0000005ce58f9ba0
Event: 66.791 Thread 0x00000239296dd000 DEOPT UNPACKING pc=0x00000239123685af sp=0x0000005ce58f9b50 mode 2
Event: 66.802 Thread 0x00000239296dd000 Uncommon trap: trap_request=0xffffff4d fr.pc=0x000002391a405c60 relative=0x0000000000001000
Event: 66.802 Thread 0x00000239296dd000 Uncommon trap: reason=unstable_if action=reinterpret pc=0x000002391a405c60 method=org.gradle.internal.resource.ExternalResourceName.encode(Ljava/lang/String;Z)Ljava/lang/String; @ 102 c2
Event: 66.802 Thread 0x00000239296dd000 DEOPT PACKING pc=0x000002391a405c60 sp=0x0000005ce58f99c0
Event: 66.802 Thread 0x00000239296dd000 DEOPT UNPACKING pc=0x00000239123685af sp=0x0000005ce58f99c0 mode 2
Event: 66.906 Thread 0x00000239296dd000 DEOPT PACKING pc=0x000002391398c6e7 sp=0x0000005ce58f6c70
Event: 66.906 Thread 0x00000239296dd000 DEOPT UNPACKING pc=0x00000239123a9d0e sp=0x0000005ce58f61b8 mode 0
Event: 66.978 Thread 0x00000239296dd000 DEOPT PACKING pc=0x000002391398c6e7 sp=0x0000005ce58f7c00
Event: 66.978 Thread 0x00000239296dd000 DEOPT UNPACKING pc=0x00000239123a9d0e sp=0x0000005ce58f7148 mode 0

Classes redefined (0 events):
No events

Internal exceptions (20 events):
Event: 65.584 Thread 0x00000239296dd000 Exception <a 'java/lang/ClassNotFoundException'{0x0000000089aee748}: org/gradle/api/tasks/SourceSetCustomizer> (0x0000000089aee748) thrown at [./src/hotspot/share/classfile/systemDictionary.cpp, line 231]
Event: 65.587 Thread 0x00000239296dd000 Exception <a 'java/lang/ClassNotFoundException'{0x0000000089968998}: java/util/LinkedHashMapBeanInfo> (0x0000000089968998) thrown at [./src/hotspot/share/classfile/systemDictionary.cpp, line 231]
Event: 65.587 Thread 0x00000239296dd000 Exception <a 'java/lang/ClassNotFoundException'{0x00000000899711f8}: java/util/HashMapBeanInfo> (0x00000000899711f8) thrown at [./src/hotspot/share/classfile/systemDictionary.cpp, line 231]
Event: 65.587 Thread 0x00000239296dd000 Exception <a 'java/lang/ClassNotFoundException'{0x000000008997a7e0}: java/util/AbstractMapBeanInfo> (0x000000008997a7e0) thrown at [./src/hotspot/share/classfile/systemDictionary.cpp, line 231]
Event: 65.588 Thread 0x00000239296dd000 Exception <a 'java/lang/ClassNotFoundException'{0x0000000089983b98}: java/util/AbstractMapCustomizer> (0x0000000089983b98) thrown at [./src/hotspot/share/classfile/systemDictionary.cpp, line 231]
Event: 65.588 Thread 0x00000239296dd000 Exception <a 'java/lang/ClassNotFoundException'{0x0000000089996828}: java/util/HashMapCustomizer> (0x0000000089996828) thrown at [./src/hotspot/share/classfile/systemDictionary.cpp, line 231]
Event: 65.589 Thread 0x00000239296dd000 Exception <a 'java/lang/ClassNotFoundException'{0x00000000899b7680}: java/util/LinkedHashMapCustomizer> (0x00000000899b7680) thrown at [./src/hotspot/share/classfile/systemDictionary.cpp, line 231]
Event: 65.848 Thread 0x00000239296dd000 Exception <a 'java/lang/NoSuchMethodError'{0x000000008ac5b9b8}: <clinit>> (0x000000008ac5b9b8) thrown at [./src/hotspot/share/prims/jni.cpp, line 1365]
Event: 66.066 Thread 0x00000239296dd000 Exception <a 'sun/nio/fs/WindowsException'{0x000000008b134b38}> (0x000000008b134b38) thrown at [./src/hotspot/share/prims/jni.cpp, line 615]
Event: 66.066 Thread 0x00000239296dd000 Exception <a 'sun/nio/fs/WindowsException'{0x000000008b134f10}> (0x000000008b134f10) thrown at [./src/hotspot/share/prims/jni.cpp, line 615]
Event: 66.192 Thread 0x00000239296dd000 Exception <a 'java/lang/NullPointerException'{0x000000008a4e7bb8}> (0x000000008a4e7bb8) thrown at [./src/hotspot/share/interpreter/linkResolver.cpp, line 1440]
Event: 66.261 Thread 0x00000239296dd000 Implicit null exception at 0x000002391a441727 to 0x000002391a4438d4
Event: 66.389 Thread 0x00000239296dd000 Exception <a 'java/lang/NoSuchMethodError'{0x000000008946f860}: 'int java.lang.invoke.DirectMethodHandle$Holder.invokeStatic(java.lang.Object, java.lang.Object, int, java.lang.Object)'> (0x000000008946f860) thrown at [./src/hotspot/share/interpreter/linkResolver.cpp, line 773]
Event: 66.453 Thread 0x00000239296dd000 Exception <a 'sun/nio/fs/WindowsException'{0x0000000089396b18}> (0x0000000089396b18) thrown at [./src/hotspot/share/prims/jni.cpp, line 615]
Event: 66.453 Thread 0x00000239296dd000 Exception <a 'sun/nio/fs/WindowsException'{0x0000000089397be8}> (0x0000000089397be8) thrown at [./src/hotspot/share/prims/jni.cpp, line 615]
Event: 66.453 Thread 0x00000239296dd000 Exception <a 'sun/nio/fs/WindowsException'{0x0000000089398d08}> (0x0000000089398d08) thrown at [./src/hotspot/share/prims/jni.cpp, line 615]
Event: 66.453 Thread 0x00000239296dd000 Exception <a 'sun/nio/fs/WindowsException'{0x0000000089399e28}> (0x0000000089399e28) thrown at [./src/hotspot/share/prims/jni.cpp, line 615]
Event: 66.556 Thread 0x0000023928d13000 Implicit null exception at 0x000002391a38dead to 0x000002391a38e5d0
Event: 66.757 Thread 0x00000239296dd000 Exception <a 'java/lang/NoSuchMethodError'{0x000000008aad1d10}: 'int java.lang.invoke.DirectMethodHandle$Holder.invokeSpecialIFC(java.lang.Object, java.lang.Object, java.lang.Object)'> (0x000000008aad1d10) thrown at [./src/hotspot/share/interpreter/linkResolver.cpp, line 773]
Event: 66.796 Thread 0x00000239296dd000 Exception <a 'java/lang/NoSuchMethodError'{0x000000008a7be990}: 'java.lang.Object java.lang.invoke.Invokers$Holder.linkToTargetMethod(java.lang.Object, java.lang.Object, java.lang.Object, int, java.lang.Object, java.lang.Object)'> (0x000000008a7be990) thrown at [./src/hotspot/share/interpreter/linkResolver.cpp, line 773]

Events (20 events):
Event: 66.990 loading class org/gradle/api/internal/artifacts/transform/ConsumerProvidedVariantFinder
Event: 66.990 loading class org/gradle/api/internal/artifacts/transform/ConsumerProvidedVariantFinder done
Event: 66.990 loading class org/gradle/api/internal/artifacts/transform/MutableConsumerVariantMatchResult
Event: 66.990 loading class org/gradle/api/internal/artifacts/transform/MutableConsumerVariantMatchResult done
Event: 66.992 loading class org/gradle/api/internal/artifacts/transform/ConsumerVariantMatchResult$ConsumerVariant
Event: 66.992 loading class org/gradle/api/internal/artifacts/transform/ConsumerVariantMatchResult$ConsumerVariant done
Event: 66.993 loading class org/gradle/api/internal/artifacts/transform/SingleMatchConsumerVariantMatchResult
Event: 66.993 loading class org/gradle/api/internal/artifacts/transform/SingleMatchConsumerVariantMatchResult done
Event: 66.994 loading class org/gradle/api/internal/artifacts/ivyservice/resolveengine/artifact/LocalFileDependencyBackedArtifactSet$TransformedLocalFileArtifactSet
Event: 66.994 loading class org/gradle/api/internal/artifacts/ivyservice/resolveengine/artifact/LocalFileDependencyBackedArtifactSet$TransformedLocalFileArtifactSet done
Event: 66.996 loading class com/google/common/collect/ImmutableList$Builder
Event: 66.996 loading class com/google/common/collect/ImmutableList$Builder done
Event: 66.996 loading class org/gradle/api/internal/artifacts/transform/TransformationStep
Event: 66.996 loading class org/gradle/api/internal/artifacts/transform/TransformationStep done
Event: 66.996 loading class com/google/common/collect/ImmutableList$Builder
Event: 66.996 loading class com/google/common/collect/ImmutableList$Builder done
Event: 66.996 loading class org/gradle/api/internal/artifacts/transform/BoundTransformationStep
Event: 66.996 loading class org/gradle/api/internal/artifacts/transform/BoundTransformationStep done
Event: 66.997 loading class org/gradle/api/internal/artifacts/transform/DefaultTransformUpstreamDependenciesResolver
Event: 66.997 loading class org/gradle/api/internal/artifacts/transform/DefaultTransformUpstreamDependenciesResolver done


Dynamic libraries:
0x00007ff6da760000 - 0x00007ff6da76a000 	C:\Program Files\Android\Android Studio\jre\bin\java.exe
0x00007ffd671a0000 - 0x00007ffd673a9000 	C:\Windows\SYSTEM32\ntdll.dll
0x00007ffd31a00000 - 0x00007ffd31a17000 	C:\Program Files\Avast Software\Avast\aswhook.dll
0x00007ffd663f0000 - 0x00007ffd664ad000 	C:\Windows\System32\KERNEL32.DLL
0x00007ffd64ad0000 - 0x00007ffd64e4d000 	C:\Windows\System32\KERNELBASE.dll
0x00007ffd60bb0000 - 0x00007ffd60c41000 	C:\Windows\SYSTEM32\apphelp.dll
0x00007ffd64720000 - 0x00007ffd64831000 	C:\Windows\System32\ucrtbase.dll
0x00007ffd4cd90000 - 0x00007ffd4cda7000 	C:\Program Files\Android\Android Studio\jre\bin\VCRUNTIME140.dll
0x00007ffd47ad0000 - 0x00007ffd47ae9000 	C:\Program Files\Android\Android Studio\jre\bin\jli.dll
0x00007ffd63910000 - 0x00007ffd63bb5000 	C:\Windows\WinSxS\amd64_microsoft.windows.common-controls_6595b64144ccf1df_6.0.22000.120_none_9d947278b86cc467\COMCTL32.dll
0x00007ffd65410000 - 0x00007ffd654b3000 	C:\Windows\System32\msvcrt.dll
0x00007ffd65780000 - 0x00007ffd6592d000 	C:\Windows\System32\USER32.dll
0x00007ffd65af0000 - 0x00007ffd65b19000 	C:\Windows\System32\GDI32.dll
0x00007ffd646f0000 - 0x00007ffd64716000 	C:\Windows\System32\win32u.dll
0x00007ffd64840000 - 0x00007ffd64958000 	C:\Windows\System32\gdi32full.dll
0x00007ffd64ed0000 - 0x00007ffd64f6d000 	C:\Windows\System32\msvcp_win.dll
0x00007ffd65f40000 - 0x00007ffd65f71000 	C:\Windows\System32\IMM32.DLL
0x00007ffd433f0000 - 0x00007ffd4348d000 	C:\Program Files\Android\Android Studio\jre\bin\msvcp140.dll
0x00007ffd00890000 - 0x00007ffd01375000 	C:\Program Files\Android\Android Studio\jre\bin\server\jvm.dll
0x00007ffd66f00000 - 0x00007ffd66fae000 	C:\Windows\System32\ADVAPI32.dll
0x00007ffd656e0000 - 0x00007ffd6577e000 	C:\Windows\System32\sechost.dll
0x00007ffd65e20000 - 0x00007ffd65f40000 	C:\Windows\System32\RPCRT4.dll
0x00007ffd67150000 - 0x00007ffd67158000 	C:\Windows\System32\PSAPI.DLL
0x00007ffd51dd0000 - 0x00007ffd51dd9000 	C:\Windows\SYSTEM32\WSOCK32.dll
0x00007ffd65b20000 - 0x00007ffd65b8f000 	C:\Windows\System32\WS2_32.dll
0x00007ffd63710000 - 0x00007ffd6371a000 	C:\Windows\SYSTEM32\VERSION.dll
0x00007ffd5b6d0000 - 0x00007ffd5b703000 	C:\Windows\SYSTEM32\WINMM.dll
0x00007ffd628e0000 - 0x00007ffd628f8000 	C:\Windows\SYSTEM32\kernel.appcore.dll
0x00007ffd522e0000 - 0x00007ffd522f1000 	C:\Program Files\Android\Android Studio\jre\bin\verify.dll
0x00007ffd63fd0000 - 0x00007ffd641f1000 	C:\Windows\SYSTEM32\DBGHELP.DLL
0x00007ffd63ea0000 - 0x00007ffd63ed1000 	C:\Windows\SYSTEM32\dbgcore.DLL
0x00007ffd64e50000 - 0x00007ffd64ecf000 	C:\Windows\System32\bcryptPrimitives.dll
0x00007ffd4dd60000 - 0x00007ffd4dd89000 	C:\Program Files\Android\Android Studio\jre\bin\java.dll
0x00007ffd63230000 - 0x00007ffd6323b000 	C:\Program Files\Android\Android Studio\jre\bin\jimage.dll
0x00007ffd4ddf0000 - 0x00007ffd4de08000 	C:\Program Files\Android\Android Studio\jre\bin\zip.dll
0x00007ffd66540000 - 0x00007ffd66cf8000 	C:\Windows\System32\SHELL32.dll
0x00007ffd618d0000 - 0x00007ffd62138000 	C:\Windows\SYSTEM32\windows.storage.dll
0x00007ffd65090000 - 0x00007ffd65409000 	C:\Windows\System32\combase.dll
0x00007ffd61760000 - 0x00007ffd618c6000 	C:\Windows\SYSTEM32\wintypes.dll
0x00007ffd66d00000 - 0x00007ffd66dea000 	C:\Windows\System32\SHCORE.dll
0x00007ffd654c0000 - 0x00007ffd6551d000 	C:\Windows\System32\shlwapi.dll
0x00007ffd645b0000 - 0x00007ffd645d1000 	C:\Windows\SYSTEM32\profapi.dll
0x00007ffd4cde0000 - 0x00007ffd4cdfa000 	C:\Program Files\Android\Android Studio\jre\bin\net.dll
0x00007ffd59320000 - 0x00007ffd5942c000 	C:\Windows\SYSTEM32\WINHTTP.dll
0x00007ffd63530000 - 0x00007ffd63597000 	C:\Windows\system32\mswsock.dll
0x00007ffd4cd00000 - 0x00007ffd4cd14000 	C:\Program Files\Android\Android Studio\jre\bin\nio.dll
0x00007ffd51ea0000 - 0x00007ffd51ec7000 	C:\Users\angel\.gradle\native\e1d6ef7f7dcc3fd88c89a11ec53ec762bb8ba0a96d01ffa2cd45eb1d1d8dd5c5\windows-amd64\native-platform.dll
0x00007ffd00740000 - 0x00007ffd00884000 	C:\Users\angel\.gradle\native\5664cfc778a61ccfe75a443a1ab52a65af34e5dc3c78e0209fed803814484fcb\windows-amd64\native-platform-file-events.dll
0x00007ffd52390000 - 0x00007ffd5239a000 	C:\Program Files\Android\Android Studio\jre\bin\management.dll
0x00007ffd51f00000 - 0x00007ffd51f0d000 	C:\Program Files\Android\Android Studio\jre\bin\management_ext.dll
0x00007ffd64330000 - 0x00007ffd64348000 	C:\Windows\SYSTEM32\CRYPTSP.dll
0x00007ffd62840000 - 0x00007ffd62875000 	C:\Windows\system32\rsaenh.dll
0x00007ffd637f0000 - 0x00007ffd63819000 	C:\Windows\SYSTEM32\USERENV.dll
0x00007ffd63f60000 - 0x00007ffd63f87000 	C:\Windows\SYSTEM32\bcrypt.dll
0x00007ffd63820000 - 0x00007ffd6382c000 	C:\Windows\SYSTEM32\CRYPTBASE.dll
0x00007ffd62410000 - 0x00007ffd6243d000 	C:\Windows\SYSTEM32\IPHLPAPI.DLL
0x00007ffd65e10000 - 0x00007ffd65e19000 	C:\Windows\System32\NSI.dll
0x00007ffd57e20000 - 0x00007ffd57e39000 	C:\Windows\SYSTEM32\dhcpcsvc6.DLL
0x00007ffd58240000 - 0x00007ffd5825e000 	C:\Windows\SYSTEM32\dhcpcsvc.DLL
0x00007ffd62480000 - 0x00007ffd62568000 	C:\Windows\SYSTEM32\DNSAPI.dll
0x00007ffd47bc0000 - 0x00007ffd47be7000 	C:\Program Files\Android\Android Studio\jre\bin\sunec.dll
0x00007ffd56bb0000 - 0x00007ffd56bba000 	C:\Windows\System32\rasadhlp.dll
0x00007ffd54e20000 - 0x00007ffd54ea1000 	C:\Windows\System32\fwpuclnt.dll

dbghelp: loaded successfully - version: 4.0.5 - missing functions: none
symbol engine: initialized successfully - sym options: 0x614 - pdb path: .;C:\Program Files\Android\Android Studio\jre\bin;C:\Windows\SYSTEM32;C:\Program Files\Avast Software\Avast;C:\Windows\WinSxS\amd64_microsoft.windows.common-controls_6595b64144ccf1df_6.0.22000.120_none_9d947278b86cc467;C:\Program Files\Android\Android Studio\jre\bin\server;C:\Users\angel\.gradle\native\e1d6ef7f7dcc3fd88c89a11ec53ec762bb8ba0a96d01ffa2cd45eb1d1d8dd5c5\windows-amd64;C:\Users\angel\.gradle\native\5664cfc778a61ccfe75a443a1ab52a65af34e5dc3c78e0209fed803814484fcb\windows-amd64

VM Arguments:
jvm_args: --add-opens=java.base/java.util=ALL-UNNAMED --add-opens=java.base/java.lang=ALL-UNNAMED --add-opens=java.base/java.lang.invoke=ALL-UNNAMED --add-opens=java.base/java.util=ALL-UNNAMED --add-opens=java.prefs/java.util.prefs=ALL-UNNAMED --add-opens=java.prefs/java.util.prefs=ALL-UNNAMED --add-opens=java.base/java.nio.charset=ALL-UNNAMED --add-opens=java.base/java.net=ALL-UNNAMED --add-opens=java.base/java.util.concurrent.atomic=ALL-UNNAMED -Xmx2048m -Dfile.encoding=UTF-8 -Duser.country=US -Duser.language=en -Duser.variant 
java_command: org.gradle.launcher.daemon.bootstrap.GradleDaemon 7.3.3
java_class_path (initial): C:\Users\angel\.gradle\wrapper\dists\gradle-7.3.3-bin\6a41zxkdtcxs8rphpq6y0069z\gradle-7.3.3\lib\gradle-launcher-7.3.3.jar
Launcher Type: SUN_STANDARD

[Global flags]
     intx CICompilerCount                          = 4                                         {product} {ergonomic}
     uint ConcGCThreads                            = 2                                         {product} {ergonomic}
     uint G1ConcRefinementThreads                  = 8                                         {product} {ergonomic}
   size_t G1HeapRegionSize                         = 1048576                                   {product} {ergonomic}
    uintx GCDrainStackTargetSize                   = 64                                        {product} {ergonomic}
   size_t InitialHeapSize                          = 132120576                                 {product} {ergonomic}
   size_t MarkStackSize                            = 4194304                                   {product} {ergonomic}
   size_t MaxHeapSize                              = 2147483648                                {product} {command line}
   size_t MaxNewSize                               = 1287651328                                {product} {ergonomic}
   size_t MinHeapDeltaBytes                        = 1048576                                   {product} {ergonomic}
    uintx NonNMethodCodeHeapSize                   = 5836300                                {pd product} {ergonomic}
    uintx NonProfiledCodeHeapSize                  = 122910970                              {pd product} {ergonomic}
    uintx ProfiledCodeHeapSize                     = 122910970                              {pd product} {ergonomic}
    uintx ReservedCodeCacheSize                    = 251658240                              {pd product} {ergonomic}
     bool SegmentedCodeCache                       = true                                      {product} {ergonomic}
     bool UseCompressedClassPointers               = true                                 {lp64_product} {ergonomic}
     bool UseCompressedOops                        = true                                 {lp64_product} {ergonomic}
     bool UseG1GC                                  = true                                      {product} {ergonomic}
     bool UseLargePagesIndividualAllocation        = false                                  {pd product} {ergonomic}

Logging:
Log output configuration:
 #0: stdout all=warning uptime,level,tags
 #1: stderr all=off uptime,level,tags

Environment Variables:
PATH=C:\Windows\system32;C:\Windows;C:\Windows\System32\Wbem;C:\Windows\System32\WindowsPowerShell\v1.0\;C:\Windows\System32\OpenSSH\;C:\Program Files\MATLAB\R2022a\bin;C:\Users\angel\AppData\Local\Microsoft\WindowsApps;;C:\Users\angel\AppData\Local\Programs\Microsoft VS Code\bin
USERNAME=angel
OS=Windows_NT
PROCESSOR_IDENTIFIER=Intel64 Family 6 Model 140 Stepping 1, GenuineIntel



---------------  S Y S T E M  ---------------

OS: Windows 10 , 64 bit Build 22000 (10.0.22000.708)
OS uptime: 8 days 2:50 hours

CPU:total 8 (initial active 8) (4 cores per cpu, 2 threads per core) family 6 model 140 stepping 1 microcode 0x8a, cmov, cx8, fxsr, mmx, sse, sse2, sse3, ssse3, sse4.1, sse4.2, popcnt, avx, avx2, aes, clmul, erms, 3dnowpref, lzcnt, ht, tsc, tscinvbit, bmi1, bmi2, adx, evex, sha, fma

Memory: 4k page, system-wide physical 7991M (324M free)
TotalPageFile size 32567M (AvailPageFile size 4M)
current process WorkingSet (physical memory assigned to process): 314M, peak: 432M
current process commit charge ("private bytes"): 492M, peak: 493M

vm_info: OpenJDK 64-Bit Server VM (11.0.12+7-b1504.28-7817840) for windows-amd64 JRE (11.0.12+7-b1504.28-7817840), built on Oct 13 2021 22:12:33 by "builder" with MS VC++ 14.0 (VS2015)

END.
